
> anchor-app@0.1.0 android
> react-native run-android

warn Package react-native-sqlite-storage contains invalid configuration: "dependency.platforms.ios.project" is not allowed. Please verify it's properly linked using "npx react-native config" command and contact the package maintainers about this.
info A dev server is already running for this project on port 8081.
info Installing the app...
> Task :expo-gradle-plugin:expo-autolinking-plugin-shared:checkKotlinGradlePluginConfigurationErrors SKIPPED
> Task :expo-gradle-plugin:expo-autolinking-settings-plugin:checkKotlinGradlePluginConfigurationErrors SKIPPED
> Task :expo-gradle-plugin:expo-autolinking-settings-plugin:pluginDescriptors
> Task :expo-gradle-plugin:expo-autolinking-settings-plugin:processResources
> Task :expo-gradle-plugin:expo-autolinking-plugin-shared:processResources NO-SOURCE
> Task :expo-gradle-plugin:expo-autolinking-plugin-shared:compileKotlin
> Task :expo-gradle-plugin:expo-autolinking-plugin-shared:compileJava NO-SOURCE
> Task :expo-gradle-plugin:expo-autolinking-plugin-shared:classes UP-TO-DATE
> Task :expo-gradle-plugin:expo-autolinking-plugin-shared:jar

> Task :expo-gradle-plugin:expo-autolinking-settings-plugin:compileKotlin FAILED
5 actionable tasks: 5 executed

info ≡ƒÆí Tip: Make sure that you have set up your development environment correctly, by running npx react-native doctor. To read more about doctor command visit: https://github.com/react-native-community/cli/blob/main/packages/cli-doctor/README.md#doctor 

e: file:///C:/Users/dwill/.gemini/antigravity/scratch/Anchor/frontend/node_modules/expo-modules-autolinking/android/expo-gradle-plugin/expo-autolinking-settings-plugin/src/main/kotlin/expo/modules/plugin/SettingsManager.kt:24:28 Unresolved reference 'extensions'.
e: file:///C:/Users/dwill/.gemini/antigravity/scratch/Anchor/frontend/node_modules/expo-modules-autolinking/android/expo-gradle-plugin/expo-autolinking-settings-plugin/src/main/kotlin/expo/modules/plugin/SettingsManager.kt:112:15 Unresolved reference 'extra'.

FAILURE: Build failed with an exception.

* What went wrong:
Execution failed for task ':expo-gradle-plugin:expo-autolinking-settings-plugin:compileKotlin'.
> A failure occurred while executing org.jetbrains.kotlin.compilerRunner.GradleCompilerRunnerWithWorkers$GradleKotlinCompilerWorkAction
   > Compilation error. See log for more details

* Try:
> Run with --stacktrace option to get the stack trace.
> Run with --info or --debug option to get more log output.
> Run with --scan to get full insights.
> Get more help at https://help.gradle.org.

BUILD FAILED in 10s
error Failed to install the app. Command failed with exit code 1: gradlew.bat app:installDebug -PreactNativeDevServerPort=8081
e: file:///C:/Users/dwill/.gemini/antigravity/scratch/Anchor/frontend/node_modules/expo-modules-autolinking/android/expo-gradle-plugin/expo-autolinking-settings-plugin/src/main/kotlin/expo/modules/plugin/SettingsManager.kt:24:28 Unresolved reference 'extensions'. e: file:///C:/Users/dwill/.gemini/antigravity/scratch/Anchor/frontend/node_modules/expo-modules-autolinking/android/expo-gradle-plugin/expo-autolinking-settings-plugin/src/main/kotlin/expo/modules/plugin/SettingsManager.kt:112:15 Unresolved reference 'extra'. FAILURE: Build failed with an exception. * What went wrong: Execution failed for task ':expo-gradle-plugin:expo-autolinking-settings-plugin:compileKotlin'. > A failure occurred while executing org.jetbrains.kotlin.compilerRunner.GradleCompilerRunnerWithWorkers$GradleKotlinCompilerWorkAction > Compilation error. See log for more details * Try: > Run with --stacktrace option to get the stack trace. > Run with --info or --debug option to get more log output. > Run with --scan to get full insights. > Get more help at https://help.gradle.org. BUILD FAILED in 10s.
info Run CLI with --verbose flag for more details.
