> Task :expo-gradle-plugin:expo-autolinking-plugin-shared:checkKotlinGradlePluginConfigurationErrors SKIPPED
> Task :expo-gradle-plugin:expo-autolinking-settings-plugin:checkKotlinGradlePluginConfigurationErrors SKIPPED
> Task :expo-gradle-plugin:expo-autolinking-settings-plugin:pluginDescriptors
> Task :expo-gradle-plugin:expo-autolinking-settings-plugin:processResources
> Task :expo-gradle-plugin:expo-autolinking-plugin-shared:processResources NO-SOURCE
> Task :expo-gradle-plugin:expo-autolinking-plugin-shared:compileKotlin
> Task :expo-gradle-plugin:expo-autolinking-plugin-shared:compileJava NO-SOURCE
> Task :expo-gradle-plugin:expo-autolinking-plugin-shared:classes UP-TO-DATE
> Task :expo-gradle-plugin:expo-autolinking-plugin-shared:jar

> Task :expo-gradle-plugin:expo-autolinking-settings-plugin:compileKotlin FAILED
e: file:///C:/Users/dwill/.gemini/antigravity/scratch/Anchor/frontend/node_modules/expo-modules-autolinking/android/expo-gradle-plugin/expo-autolinking-settings-plugin/src/main/kotlin/expo/modules/plugin/SettingsManager.kt:24:28 Unresolved reference 'extensions'.
e: file:///C:/Users/dwill/.gemini/antigravity/scratch/Anchor/frontend/node_modules/expo-modules-autolinking/android/expo-gradle-plugin/expo-autolinking-settings-plugin/src/main/kotlin/expo/modules/plugin/SettingsManager.kt:112:15 Unresolved reference 'extra'.

FAILURE: Build failed with an exception.

* What went wrong:
Execution failed for task ':expo-gradle-plugin:expo-autolinking-settings-plugin:compileKotlin'.
> A failure occurred while executing org.jetbrains.kotlin.compilerRunner.GradleCompilerRunnerWithWorkers$GradleKotlinCompilerWorkAction
   > Compilation error. See log for more details

* Try:
> Run with --stacktrace option to get the stack trace.
> Run with --info or --debug option to get more log output.
> Run with --scan to get full insights.
> Get more help at https://help.gradle.org.

BUILD FAILED in 39s
5 actionable tasks: 5 executed
