{"numFailedTestSuites":1,"numFailedTests":1,"numPassedTestSuites":12,"numPassedTests":244,"numPendingTestSuites":0,"numPendingTests":0,"numRuntimeErrorTestSuites":0,"numTodoTests":0,"numTotalTestSuites":13,"numTotalTests":245,"openHandles":[],"snapshot":{"added":0,"didUpdate":false,"failure":false,"filesAdded":0,"filesRemoved":0,"filesRemovedList":[],"filesUnmatched":0,"filesUpdated":0,"matched":0,"total":0,"unchecked":0,"uncheckedKeysByFile":[],"unmatched":0,"updated":0},"startTime":1779238709612,"success":false,"testResults":[{"assertionResults":[{"ancestorTitles":["AppError"],"duration":84,"failureDetails":[],"failureMessages":[],"fullName":"AppError should create an AppError with message, statusCode, and code","invocations":1,"location":null,"numPassingAsserts":4,"retryReasons":[],"status":"passed","title":"should create an AppError with message, statusCode, and code"},{"ancestorTitles":["AppError"],"duration":1,"failureDetails":[],"failureMessages":[],"fullName":"AppError should default to statusCode 500 and code ERROR","invocations":1,"location":null,"numPassingAsserts":2,"retryReasons":[],"status":"passed","title":"should default to statusCode 500 and code ERROR"},{"ancestorTitles":["AppError"],"duration":1,"failureDetails":[],"failureMessages":[],"fullName":"AppError should be an instance of Error","invocations":1,"location":null,"numPassingAsserts":2,"retryReasons":[],"status":"passed","title":"should be an instance of Error"},{"ancestorTitles":["errorHandler middleware"],"duration":3,"failureDetails":[],"failureMessages":[],"fullName":"errorHandler middleware should handle AppError with its status code and code","invocations":1,"location":null,"numPassingAsserts":2,"retryReasons":[],"status":"passed","title":"should handle AppError with its status code and code"},{"ancestorTitles":["errorHandler middleware"],"duration":1,"failureDetails":[],"failureMessages":[],"fullName":"errorHandler middleware should handle generic Error with 500 status","invocations":1,"location":null,"numPassingAsserts":2,"retryReasons":[],"status":"passed","title":"should handle generic Error with 500 status"},{"ancestorTitles":["errorHandler middleware"],"duration":78,"failureDetails":[],"failureMessages":[],"fullName":"errorHandler middleware should include stack trace in development mode","invocations":1,"location":null,"numPassingAsserts":1,"retryReasons":[],"status":"passed","title":"should include stack trace in development mode"},{"ancestorTitles":["errorHandler middleware"],"duration":1,"failureDetails":[],"failureMessages":[],"fullName":"errorHandler middleware should not include stack trace in non-development mode","invocations":1,"location":null,"numPassingAsserts":1,"retryReasons":[],"status":"passed","title":"should not include stack trace in non-development mode"},{"ancestorTitles":["notFoundHandler"],"duration":0,"failureDetails":[],"failureMessages":[],"fullName":"notFoundHandler should return 404 with path info","invocations":1,"location":null,"numPassingAsserts":2,"retryReasons":[],"status":"passed","title":"should return 404 with path info"},{"ancestorTitles":["notFoundHandler"],"duration":1,"failureDetails":[],"failureMessages":[],"fullName":"notFoundHandler should include the HTTP method in the message","invocations":1,"location":null,"numPassingAsserts":1,"retryReasons":[],"status":"passed","title":"should include the HTTP method in the message"}],"endTime":1779238734156,"message":"","name":"C:\\Users\\dwill\\.gemini\\antigravity\\scratch\\Anchor\\backend\\src\\api\\middleware\\__tests__\\errorHandler.test.ts","startTime":1779238710903,"status":"passed","summary":""},{"assertionResults":[{"ancestorTitles":["MantraGenerator Service","generateMantra"],"duration":204,"failureDetails":[],"failureMessages":[],"fullName":"MantraGenerator Service generateMantra should generate all 4 mantra styles from distilled letters","invocations":1,"location":null,"numPassingAsserts":4,"retryReasons":[],"status":"passed","title":"should generate all 4 mantra styles from distilled letters"},{"ancestorTitles":["MantraGenerator Service","generateMantra"],"duration":1,"failureDetails":[],"failureMessages":[],"fullName":"MantraGenerator Service generateMantra should generate correct syllabic mantra (2-letter chunks)","invocations":1,"location":null,"numPassingAsserts":2,"retryReasons":[],"status":"passed","title":"should generate correct syllabic mantra (2-letter chunks)"},{"ancestorTitles":["MantraGenerator Service","generateMantra"],"duration":0,"failureDetails":[],"failureMessages":[],"fullName":"MantraGenerator Service generateMantra should generate correct rhythmic mantra (3-letter chunks)","invocations":1,"location":null,"numPassingAsserts":1,"retryReasons":[],"status":"passed","title":"should generate correct rhythmic mantra (3-letter chunks)"},{"ancestorTitles":["MantraGenerator Service","generateMantra"],"duration":0,"failureDetails":[],"failureMessages":[],"fullName":"MantraGenerator Service generateMantra should handle exactly divisible rhythmic chunks","invocations":1,"location":null,"numPassingAsserts":1,"retryReasons":[],"status":"passed","title":"should handle exactly divisible rhythmic chunks"},{"ancestorTitles":["MantraGenerator Service","generateMantra"],"duration":4,"failureDetails":[],"failureMessages":[],"fullName":"MantraGenerator Service generateMantra should generate correct letter-by-letter pronunciation","invocations":1,"location":null,"numPassingAsserts":1,"retryReasons":[],"status":"passed","title":"should generate correct letter-by-letter pronunciation"},{"ancestorTitles":["MantraGenerator Service","generateMantra"],"duration":1,"failureDetails":[],"failureMessages":[],"fullName":"MantraGenerator Service generateMantra should generate phonetic mantra with correct rules","invocations":1,"location":null,"numPassingAsserts":2,"retryReasons":[],"status":"passed","title":"should generate phonetic mantra with correct rules"},{"ancestorTitles":["MantraGenerator Service","generateMantra"],"duration":0,"failureDetails":[],"failureMessages":[],"fullName":"MantraGenerator Service generateMantra should handle minimum valid input (2 letters)","invocations":1,"location":null,"numPassingAsserts":4,"retryReasons":[],"status":"passed","title":"should handle minimum valid input (2 letters)"},{"ancestorTitles":["MantraGenerator Service","generateMantra"],"duration":0,"failureDetails":[],"failureMessages":[],"fullName":"MantraGenerator Service generateMantra should handle longer letter sequences","invocations":1,"location":null,"numPassingAsserts":3,"retryReasons":[],"status":"passed","title":"should handle longer letter sequences"},{"ancestorTitles":["MantraGenerator Service","Error Handling"],"duration":140,"failureDetails":[],"failureMessages":[],"fullName":"MantraGenerator Service Error Handling should throw error for empty letters array","invocations":1,"location":null,"numPassingAsserts":1,"retryReasons":[],"status":"passed","title":"should throw error for empty letters array"},{"ancestorTitles":["MantraGenerator Service","Error Handling"],"duration":2,"failureDetails":[],"failureMessages":[],"fullName":"MantraGenerator Service Error Handling should throw error for null/undefined input","invocations":1,"location":null,"numPassingAsserts":2,"retryReasons":[],"status":"passed","title":"should throw error for null/undefined input"},{"ancestorTitles":["MantraGenerator Service","Error Handling"],"duration":1,"failureDetails":[],"failureMessages":[],"fullName":"MantraGenerator Service Error Handling should throw error for single letter (less than minimum)","invocations":1,"location":null,"numPassingAsserts":1,"retryReasons":[],"status":"passed","title":"should throw error for single letter (less than minimum)"},{"ancestorTitles":["MantraGenerator Service","Phonetic Generation Rules"],"duration":1,"failureDetails":[],"failureMessages":[],"fullName":"MantraGenerator Service Phonetic Generation Rules should recognize TH digraph","invocations":1,"location":null,"numPassingAsserts":3,"retryReasons":[],"status":"passed","title":"should recognize TH digraph"},{"ancestorTitles":["MantraGenerator Service","Phonetic Generation Rules"],"duration":0,"failureDetails":[],"failureMessages":[],"fullName":"MantraGenerator Service Phonetic Generation Rules should recognize CH digraph","invocations":1,"location":null,"numPassingAsserts":3,"retryReasons":[],"status":"passed","title":"should recognize CH digraph"},{"ancestorTitles":["MantraGenerator Service","Phonetic Generation Rules"],"duration":1,"failureDetails":[],"failureMessages":[],"fullName":"MantraGenerator Service Phonetic Generation Rules should recognize SH digraph","invocations":1,"location":null,"numPassingAsserts":3,"retryReasons":[],"status":"passed","title":"should recognize SH digraph"},{"ancestorTitles":["MantraGenerator Service","Phonetic Generation Rules"],"duration":0,"failureDetails":[],"failureMessages":[],"fullName":"MantraGenerator Service Phonetic Generation Rules should handle single consonants correctly","invocations":1,"location":null,"numPassingAsserts":4,"retryReasons":[],"status":"passed","title":"should handle single consonants correctly"},{"ancestorTitles":["MantraGenerator Service","getRecommendedMantraStyle"],"duration":0,"failureDetails":[],"failureMessages":[],"fullName":"MantraGenerator Service getRecommendedMantraStyle should recommend syllabic for short sequences (≤4 letters)","invocations":1,"location":null,"numPassingAsserts":3,"retryReasons":[],"status":"passed","title":"should recommend syllabic for short sequences (≤4 letters)"},{"ancestorTitles":["MantraGenerator Service","getRecommendedMantraStyle"],"duration":0,"failureDetails":[],"failureMessages":[],"fullName":"MantraGenerator Service getRecommendedMantraStyle should recommend phonetic for medium sequences (5-7 letters)","invocations":1,"location":null,"numPassingAsserts":3,"retryReasons":[],"status":"passed","title":"should recommend phonetic for medium sequences (5-7 letters)"},{"ancestorTitles":["MantraGenerator Service","getRecommendedMantraStyle"],"duration":0,"failureDetails":[],"failureMessages":[],"fullName":"MantraGenerator Service getRecommendedMantraStyle should recommend rhythmic for long sequences (≥8 letters)","invocations":1,"location":null,"numPassingAsserts":3,"retryReasons":[],"status":"passed","title":"should recommend rhythmic for long sequences (≥8 letters)"},{"ancestorTitles":["MantraGenerator Service","formatMantraForTTS"],"duration":0,"failureDetails":[],"failureMessages":[],"fullName":"MantraGenerator Service formatMantraForTTS should format syllabic mantra with commas for pauses","invocations":1,"location":null,"numPassingAsserts":1,"retryReasons":[],"status":"passed","title":"should format syllabic mantra with commas for pauses"},{"ancestorTitles":["MantraGenerator Service","formatMantraForTTS"],"duration":1,"failureDetails":[],"failureMessages":[],"fullName":"MantraGenerator Service formatMantraForTTS should format rhythmic mantra with ellipses for longer pauses","invocations":1,"location":null,"numPassingAsserts":1,"retryReasons":[],"status":"passed","title":"should format rhythmic mantra with ellipses for longer pauses"},{"ancestorTitles":["MantraGenerator Service","formatMantraForTTS"],"duration":0,"failureDetails":[],"failureMessages":[],"fullName":"MantraGenerator Service formatMantraForTTS should keep letter-by-letter format unchanged","invocations":1,"location":null,"numPassingAsserts":1,"retryReasons":[],"status":"passed","title":"should keep letter-by-letter format unchanged"},{"ancestorTitles":["MantraGenerator Service","formatMantraForTTS"],"duration":0,"failureDetails":[],"failureMessages":[],"fullName":"MantraGenerator Service formatMantraForTTS should format phonetic mantra with spaces for slight pauses","invocations":1,"location":null,"numPassingAsserts":1,"retryReasons":[],"status":"passed","title":"should format phonetic mantra with spaces for slight pauses"},{"ancestorTitles":["MantraGenerator Service","formatMantraForTTS"],"duration":0,"failureDetails":[],"failureMessages":[],"fullName":"MantraGenerator Service formatMantraForTTS should handle unknown style gracefully","invocations":1,"location":null,"numPassingAsserts":1,"retryReasons":[],"status":"passed","title":"should handle unknown style gracefully"},{"ancestorTitles":["MantraGenerator Service","Letter Pronunciations"],"duration":1,"failureDetails":[],"failureMessages":[],"fullName":"MantraGenerator Service Letter Pronunciations should pronounce all vowels correctly","invocations":1,"location":null,"numPassingAsserts":2,"retryReasons":[],"status":"passed","title":"should pronounce all vowels correctly"},{"ancestorTitles":["MantraGenerator Service","Letter Pronunciations"],"duration":0,"failureDetails":[],"failureMessages":[],"fullName":"MantraGenerator Service Letter Pronunciations should pronounce consonants correctly","invocations":1,"location":null,"numPassingAsserts":1,"retryReasons":[],"status":"passed","title":"should pronounce consonants correctly"},{"ancestorTitles":["MantraGenerator Service","Letter Pronunciations"],"duration":0,"failureDetails":[],"failureMessages":[],"fullName":"MantraGenerator Service Letter Pronunciations should pronounce special letters correctly","invocations":1,"location":null,"numPassingAsserts":2,"retryReasons":[],"status":"passed","title":"should pronounce special letters correctly"},{"ancestorTitles":["MantraGenerator Service","Integration - Real World Examples"],"duration":36,"failureDetails":[],"failureMessages":[],"fullName":"MantraGenerator Service Integration - Real World Examples should generate mantras for \"I AM STRONG\" distillation","invocations":1,"location":null,"numPassingAsserts":5,"retryReasons":[],"status":"passed","title":"should generate mantras for \"I AM STRONG\" distillation"},{"ancestorTitles":["MantraGenerator Service","Integration - Real World Examples"],"duration":1,"failureDetails":[],"failureMessages":[],"fullName":"MantraGenerator Service Integration - Real World Examples should generate mantras for \"LOVE\" distillation","invocations":1,"location":null,"numPassingAsserts":5,"retryReasons":[],"status":"passed","title":"should generate mantras for \"LOVE\" distillation"},{"ancestorTitles":["MantraGenerator Service","Integration - Real World Examples"],"duration":0,"failureDetails":[],"failureMessages":[],"fullName":"MantraGenerator Service Integration - Real World Examples should generate mantras for \"CREATIVITY\" distillation","invocations":1,"location":null,"numPassingAsserts":5,"retryReasons":[],"status":"passed","title":"should generate mantras for \"CREATIVITY\" distillation"},{"ancestorTitles":["MantraGenerator Service","Edge Cases"],"duration":1,"failureDetails":[],"failureMessages":[],"fullName":"MantraGenerator Service Edge Cases should handle all same letter","invocations":1,"location":null,"numPassingAsserts":3,"retryReasons":[],"status":"passed","title":"should handle all same letter"},{"ancestorTitles":["MantraGenerator Service","Edge Cases"],"duration":0,"failureDetails":[],"failureMessages":[],"fullName":"MantraGenerator Service Edge Cases should handle alternating letters","invocations":1,"location":null,"numPassingAsserts":2,"retryReasons":[],"status":"passed","title":"should handle alternating letters"},{"ancestorTitles":["MantraGenerator Service","Edge Cases"],"duration":1,"failureDetails":[],"failureMessages":[],"fullName":"MantraGenerator Service Edge Cases should handle maximum realistic length (15 letters)","invocations":1,"location":null,"numPassingAsserts":5,"retryReasons":[],"status":"passed","title":"should handle maximum realistic length (15 letters)"}],"endTime":1779238734202,"message":"","name":"C:\\Users\\dwill\\.gemini\\antigravity\\scratch\\Anchor\\backend\\src\\services\\__tests__\\MantraGenerator.test.ts","startTime":1779238710955,"status":"passed","summary":""},{"assertionResults":[{"ancestorTitles":["GeminiImageService","GeminiError"],"duration":29,"failureDetails":[],"failureMessages":[],"fullName":"GeminiImageService GeminiError should create a GeminiError with type and message","invocations":1,"location":null,"numPassingAsserts":5,"retryReasons":[],"status":"passed","title":"should create a GeminiError with type and message"},{"ancestorTitles":["GeminiImageService","GeminiError"],"duration":1,"failureDetails":[],"failureMessages":[],"fullName":"GeminiImageService GeminiError should default retryable to false","invocations":1,"location":null,"numPassingAsserts":1,"retryReasons":[],"status":"passed","title":"should default retryable to false"},{"ancestorTitles":["GeminiImageService","GeminiError"],"duration":1,"failureDetails":[],"failureMessages":[],"fullName":"GeminiImageService GeminiError should be an instance of Error","invocations":1,"location":null,"numPassingAsserts":1,"retryReasons":[],"status":"passed","title":"should be an instance of Error"},{"ancestorTitles":["GeminiImageService","GeminiError"],"duration":52,"failureDetails":[],"failureMessages":[],"fullName":"GeminiImageService GeminiError should have all GeminiErrorType values","invocations":1,"location":null,"numPassingAsserts":6,"retryReasons":[],"status":"passed","title":"should have all GeminiErrorType values"},{"ancestorTitles":["GeminiImageService","isAvailable"],"duration":1,"failureDetails":[],"failureMessages":[],"fullName":"GeminiImageService isAvailable should return false when no API key is set","invocations":1,"location":null,"numPassingAsserts":1,"retryReasons":[],"status":"passed","title":"should return false when no API key is set"},{"ancestorTitles":["GeminiImageService","isAvailable"],"duration":1,"failureDetails":[],"failureMessages":[],"fullName":"GeminiImageService isAvailable should return true when GEMINI_API_KEY is set","invocations":1,"location":null,"numPassingAsserts":1,"retryReasons":[],"status":"passed","title":"should return true when GEMINI_API_KEY is set"},{"ancestorTitles":["GeminiImageService","isAvailable"],"duration":1,"failureDetails":[],"failureMessages":[],"fullName":"GeminiImageService isAvailable should return true when GOOGLE_API_KEY is set","invocations":1,"location":null,"numPassingAsserts":1,"retryReasons":[],"status":"passed","title":"should return true when GOOGLE_API_KEY is set"},{"ancestorTitles":["GeminiImageService","isAvailable"],"duration":0,"failureDetails":[],"failureMessages":[],"fullName":"GeminiImageService isAvailable should prefer GEMINI_API_KEY over GOOGLE_API_KEY","invocations":1,"location":null,"numPassingAsserts":1,"retryReasons":[],"status":"passed","title":"should prefer GEMINI_API_KEY over GOOGLE_API_KEY"},{"ancestorTitles":["GeminiImageService","getCostEstimate"],"duration":1,"failureDetails":[],"failureMessages":[],"fullName":"GeminiImageService getCostEstimate should calculate cost for draft tier (1 variation)","invocations":1,"location":null,"numPassingAsserts":1,"retryReasons":[],"status":"passed","title":"should calculate cost for draft tier (1 variation)"},{"ancestorTitles":["GeminiImageService","getCostEstimate"],"duration":0,"failureDetails":[],"failureMessages":[],"fullName":"GeminiImageService getCostEstimate should calculate cost for draft tier (2 variations)","invocations":1,"location":null,"numPassingAsserts":1,"retryReasons":[],"status":"passed","title":"should calculate cost for draft tier (2 variations)"},{"ancestorTitles":["GeminiImageService","getCostEstimate"],"duration":1,"failureDetails":[],"failureMessages":[],"fullName":"GeminiImageService getCostEstimate should calculate cost for premium tier (4 variations)","invocations":1,"location":null,"numPassingAsserts":1,"retryReasons":[],"status":"passed","title":"should calculate cost for premium tier (4 variations)"},{"ancestorTitles":["GeminiImageService","getCostEstimate"],"duration":0,"failureDetails":[],"failureMessages":[],"fullName":"GeminiImageService getCostEstimate should calculate cost for pro_upgrade tier (4 variations)","invocations":1,"location":null,"numPassingAsserts":1,"retryReasons":[],"status":"passed","title":"should calculate cost for pro_upgrade tier (4 variations)"},{"ancestorTitles":["GeminiImageService","getCostEstimate"],"duration":3,"failureDetails":[{"matcherResult":{"actual":0.01,"expected":0.02,"message":"expect(received).toBe(expected) // Object.is equality\n\nExpected: 0.02\nReceived: 0.01","name":"toBe","pass":false}}],"failureMessages":["Error: expect(received).toBe(expected) // Object.is equality\n\nExpected: 0.02\nReceived: 0.01\n    at Object.<anonymous> (C:\\Users\\dwill\\.gemini\\antigravity\\scratch\\Anchor\\backend\\src\\services\\__tests__\\GeminiImageService.test.ts:137:41)\n    at Promise.then.completed (C:\\Users\\dwill\\.gemini\\antigravity\\scratch\\Anchor\\backend\\node_modules\\jest-circus\\build\\utils.js:298:28)\n    at new Promise (<anonymous>)\n    at callAsyncCircusFn (C:\\Users\\dwill\\.gemini\\antigravity\\scratch\\Anchor\\backend\\node_modules\\jest-circus\\build\\utils.js:231:10)\n    at _callCircusTest (C:\\Users\\dwill\\.gemini\\antigravity\\scratch\\Anchor\\backend\\node_modules\\jest-circus\\build\\run.js:316:40)\n    at processTicksAndRejections (node:internal/process/task_queues:104:5)\n    at _runTest (C:\\Users\\dwill\\.gemini\\antigravity\\scratch\\Anchor\\backend\\node_modules\\jest-circus\\build\\run.js:252:3)\n    at _runTestsForDescribeBlock (C:\\Users\\dwill\\.gemini\\antigravity\\scratch\\Anchor\\backend\\node_modules\\jest-circus\\build\\run.js:126:9)\n    at _runTestsForDescribeBlock (C:\\Users\\dwill\\.gemini\\antigravity\\scratch\\Anchor\\backend\\node_modules\\jest-circus\\build\\run.js:121:9)\n    at _runTestsForDescribeBlock (C:\\Users\\dwill\\.gemini\\antigravity\\scratch\\Anchor\\backend\\node_modules\\jest-circus\\build\\run.js:121:9)\n    at run (C:\\Users\\dwill\\.gemini\\antigravity\\scratch\\Anchor\\backend\\node_modules\\jest-circus\\build\\run.js:71:3)\n    at runAndTransformResultsToJestFormat (C:\\Users\\dwill\\.gemini\\antigravity\\scratch\\Anchor\\backend\\node_modules\\jest-circus\\build\\legacy-code-todo-rewrite\\jestAdapterInit.js:122:21)\n    at jestAdapter (C:\\Users\\dwill\\.gemini\\antigravity\\scratch\\Anchor\\backend\\node_modules\\jest-circus\\build\\legacy-code-todo-rewrite\\jestAdapter.js:79:19)\n    at runTestInternal (C:\\Users\\dwill\\.gemini\\antigravity\\scratch\\Anchor\\backend\\node_modules\\jest-runner\\build\\runTest.js:367:16)\n    at runTest (C:\\Users\\dwill\\.gemini\\antigravity\\scratch\\Anchor\\backend\\node_modules\\jest-runner\\build\\runTest.js:444:34)\n    at Object.worker (C:\\Users\\dwill\\.gemini\\antigravity\\scratch\\Anchor\\backend\\node_modules\\jest-runner\\build\\testWorker.js:106:12)"],"fullName":"GeminiImageService getCostEstimate should default to 4 variations and premium tier","invocations":1,"location":null,"numPassingAsserts":0,"retryReasons":[],"status":"failed","title":"should default to 4 variations and premium tier"},{"ancestorTitles":["GeminiImageService","getTimeEstimate"],"duration":1,"failureDetails":[],"failureMessages":[],"fullName":"GeminiImageService getTimeEstimate should return time bounds for draft tier","invocations":1,"location":null,"numPassingAsserts":2,"retryReasons":[],"status":"passed","title":"should return time bounds for draft tier"},{"ancestorTitles":["GeminiImageService","getTimeEstimate"],"duration":1,"failureDetails":[],"failureMessages":[],"fullName":"GeminiImageService getTimeEstimate should return time bounds for premium tier","invocations":1,"location":null,"numPassingAsserts":2,"retryReasons":[],"status":"passed","title":"should return time bounds for premium tier"},{"ancestorTitles":["GeminiImageService","getTimeEstimate"],"duration":1,"failureDetails":[],"failureMessages":[],"fullName":"GeminiImageService getTimeEstimate should return time bounds for pro_upgrade tier","invocations":1,"location":null,"numPassingAsserts":2,"retryReasons":[],"status":"passed","title":"should return time bounds for pro_upgrade tier"},{"ancestorTitles":["GeminiImageService","getTimeEstimate"],"duration":1,"failureDetails":[],"failureMessages":[],"fullName":"GeminiImageService getTimeEstimate should return min < max for all tiers","invocations":1,"location":null,"numPassingAsserts":6,"retryReasons":[],"status":"passed","title":"should return min < max for all tiers"},{"ancestorTitles":["GeminiImageService","getTimeEstimate"],"duration":1,"failureDetails":[],"failureMessages":[],"fullName":"GeminiImageService getTimeEstimate should default to premium tier","invocations":1,"location":null,"numPassingAsserts":1,"retryReasons":[],"status":"passed","title":"should default to premium tier"},{"ancestorTitles":["GeminiImageService","enhanceSigil"],"duration":27,"failureDetails":[],"failureMessages":[],"fullName":"GeminiImageService enhanceSigil should throw GeminiError when API key is not configured","invocations":1,"location":null,"numPassingAsserts":1,"retryReasons":[],"status":"passed","title":"should throw GeminiError when API key is not configured"},{"ancestorTitles":["GeminiImageService","enhanceSigil"],"duration":2,"failureDetails":[],"failureMessages":[],"fullName":"GeminiImageService enhanceSigil should throw GeminiError with INVALID_API_KEY type when key missing","invocations":1,"location":null,"numPassingAsserts":2,"retryReasons":[],"status":"passed","title":"should throw GeminiError with INVALID_API_KEY type when key missing"}],"endTime":1779238736377,"message":"  ● GeminiImageService › getCostEstimate › should default to 4 variations and premium tier\n\n    expect(received).toBe(expected) // Object.is equality\n\n    Expected: 0.02\n    Received: 0.01\n\n    \u001b[0m \u001b[90m 135 |\u001b[39m       \u001b[36mconst\u001b[39m service \u001b[33m=\u001b[39m \u001b[36mnew\u001b[39m \u001b[33mGeminiImageService\u001b[39m()\u001b[33m;\u001b[39m\n     \u001b[90m 136 |\u001b[39m       \u001b[90m// premium: $0.005 × 2 = $0.01\u001b[39m\n    \u001b[31m\u001b[1m>\u001b[22m\u001b[39m\u001b[90m 137 |\u001b[39m       expect(service\u001b[33m.\u001b[39mgetCostEstimate())\u001b[33m.\u001b[39mtoBe(\u001b[35m0.01\u001b[39m)\u001b[33m;\u001b[39m\n     \u001b[90m     |\u001b[39m                                         \u001b[31m\u001b[1m^\u001b[22m\u001b[39m\n     \u001b[90m 138 |\u001b[39m     })\u001b[33m;\u001b[39m\n     \u001b[90m 139 |\u001b[39m   })\u001b[33m;\u001b[39m\n     \u001b[90m 140 |\u001b[39m\u001b[0m\n\n      at Object.<anonymous> (src/services/__tests__/GeminiImageService.test.ts:137:41)\n","name":"C:\\Users\\dwill\\.gemini\\antigravity\\scratch\\Anchor\\backend\\src\\services\\__tests__\\GeminiImageService.test.ts","startTime":1779238710804,"status":"failed","summary":""},{"assertionResults":[{"ancestorTitles":["TTSService","isTTSAvailable"],"duration":46,"failureDetails":[],"failureMessages":[],"fullName":"TTSService isTTSAvailable should return false when env vars are missing","invocations":1,"location":null,"numPassingAsserts":1,"retryReasons":[],"status":"passed","title":"should return false when env vars are missing"},{"ancestorTitles":["TTSService","isTTSAvailable"],"duration":1,"failureDetails":[],"failureMessages":[],"fullName":"TTSService isTTSAvailable should return true when all env vars are set","invocations":1,"location":null,"numPassingAsserts":1,"retryReasons":[],"status":"passed","title":"should return true when all env vars are set"},{"ancestorTitles":["TTSService","isTTSAvailable"],"duration":1,"failureDetails":[],"failureMessages":[],"fullName":"TTSService isTTSAvailable should return false when only some env vars are set","invocations":1,"location":null,"numPassingAsserts":1,"retryReasons":[],"status":"passed","title":"should return false when only some env vars are set"},{"ancestorTitles":["TTSService","getAvailableVoicePresets"],"duration":1,"failureDetails":[],"failureMessages":[],"fullName":"TTSService getAvailableVoicePresets should return 3 presets","invocations":1,"location":null,"numPassingAsserts":1,"retryReasons":[],"status":"passed","title":"should return 3 presets"},{"ancestorTitles":["TTSService","getAvailableVoicePresets"],"duration":2,"failureDetails":[],"failureMessages":[],"fullName":"TTSService getAvailableVoicePresets should include deep_male, mystical_female, and neutral_calm","invocations":1,"location":null,"numPassingAsserts":3,"retryReasons":[],"status":"passed","title":"should include deep_male, mystical_female, and neutral_calm"},{"ancestorTitles":["TTSService","getAvailableVoicePresets"],"duration":2,"failureDetails":[],"failureMessages":[],"fullName":"TTSService getAvailableVoicePresets should have id, name, and description for each preset","invocations":1,"location":null,"numPassingAsserts":9,"retryReasons":[],"status":"passed","title":"should have id, name, and description for each preset"},{"ancestorTitles":["TTSService","MANTRA_VOICE_PRESETS"],"duration":4,"failureDetails":[],"failureMessages":[],"fullName":"TTSService MANTRA_VOICE_PRESETS should have correct voice config for deep_male","invocations":1,"location":null,"numPassingAsserts":1,"retryReasons":[],"status":"passed","title":"should have correct voice config for deep_male"},{"ancestorTitles":["TTSService","MANTRA_VOICE_PRESETS"],"duration":1,"failureDetails":[],"failureMessages":[],"fullName":"TTSService MANTRA_VOICE_PRESETS should have correct voice config for mystical_female","invocations":1,"location":null,"numPassingAsserts":1,"retryReasons":[],"status":"passed","title":"should have correct voice config for mystical_female"},{"ancestorTitles":["TTSService","MANTRA_VOICE_PRESETS"],"duration":1,"failureDetails":[],"failureMessages":[],"fullName":"TTSService MANTRA_VOICE_PRESETS should have correct voice config for neutral_calm","invocations":1,"location":null,"numPassingAsserts":1,"retryReasons":[],"status":"passed","title":"should have correct voice config for neutral_calm"},{"ancestorTitles":["TTSService","generateMantraAudio"],"duration":1,"failureDetails":[],"failureMessages":[],"fullName":"TTSService generateMantraAudio should return null when TTS is not configured","invocations":1,"location":null,"numPassingAsserts":1,"retryReasons":[],"status":"passed","title":"should return null when TTS is not configured"},{"ancestorTitles":["TTSService","generateMantraAudio"],"duration":3,"failureDetails":[],"failureMessages":[],"fullName":"TTSService generateMantraAudio should generate and upload audio when TTS is configured","invocations":1,"location":null,"numPassingAsserts":3,"retryReasons":[],"status":"passed","title":"should generate and upload audio when TTS is configured"},{"ancestorTitles":["TTSService","generateMantraAudio"],"duration":1,"failureDetails":[],"failureMessages":[],"fullName":"TTSService generateMantraAudio should use specified voice preset","invocations":1,"location":null,"numPassingAsserts":1,"retryReasons":[],"status":"passed","title":"should use specified voice preset"},{"ancestorTitles":["TTSService","generateMantraAudio"],"duration":50,"failureDetails":[],"failureMessages":[],"fullName":"TTSService generateMantraAudio should throw when TTS returns no audio content","invocations":1,"location":null,"numPassingAsserts":1,"retryReasons":[],"status":"passed","title":"should throw when TTS returns no audio content"},{"ancestorTitles":["TTSService","generateAllMantraAudio"],"duration":2,"failureDetails":[],"failureMessages":[],"fullName":"TTSService generateAllMantraAudio should return null values for all styles when TTS not configured","invocations":1,"location":null,"numPassingAsserts":1,"retryReasons":[],"status":"passed","title":"should return null values for all styles when TTS not configured"},{"ancestorTitles":["TTSService","generateAllMantraAudio"],"duration":3,"failureDetails":[],"failureMessages":[],"fullName":"TTSService generateAllMantraAudio should generate audio for all styles when TTS is configured","invocations":1,"location":null,"numPassingAsserts":3,"retryReasons":[],"status":"passed","title":"should generate audio for all styles when TTS is configured"},{"ancestorTitles":["TTSService","generateAllMantraAudio"],"duration":3,"failureDetails":[],"failureMessages":[],"fullName":"TTSService generateAllMantraAudio should return null for styles that fail and continue others","invocations":1,"location":null,"numPassingAsserts":2,"retryReasons":[],"status":"passed","title":"should return null for styles that fail and continue others"}],"endTime":1779238737919,"message":"","name":"C:\\Users\\dwill\\.gemini\\antigravity\\scratch\\Anchor\\backend\\src\\services\\__tests__\\TTSService.test.ts","startTime":1779238710821,"status":"passed","summary":""},{"assertionResults":[{"ancestorTitles":["StorageService","uploadImageFromBuffer"],"duration":73,"failureDetails":[],"failureMessages":[],"fullName":"StorageService uploadImageFromBuffer should write file to local uploads directory and return URL","invocations":1,"location":null,"numPassingAsserts":6,"retryReasons":[],"status":"passed","title":"should write file to local uploads directory and return URL"},{"ancestorTitles":["StorageService","uploadImageFromBuffer"],"duration":2,"failureDetails":[],"failureMessages":[],"fullName":"StorageService uploadImageFromBuffer should create uploads directory if it does not exist","invocations":1,"location":null,"numPassingAsserts":1,"retryReasons":[],"status":"passed","title":"should create uploads directory if it does not exist"},{"ancestorTitles":["StorageService","uploadImageFromBuffer"],"duration":2,"failureDetails":[],"failureMessages":[],"fullName":"StorageService uploadImageFromBuffer should use LOCAL_IP and PORT env vars in the returned URL","invocations":1,"location":null,"numPassingAsserts":1,"retryReasons":[],"status":"passed","title":"should use LOCAL_IP and PORT env vars in the returned URL"},{"ancestorTitles":["StorageService","uploadImageFromBuffer"],"duration":1,"failureDetails":[],"failureMessages":[],"fullName":"StorageService uploadImageFromBuffer uses isolated keys for same anchor id across different users","invocations":1,"location":null,"numPassingAsserts":3,"retryReasons":[],"status":"passed","title":"uses isolated keys for same anchor id across different users"},{"ancestorTitles":["StorageService","uploadImageFromBuffer"],"duration":4,"failureDetails":[],"failureMessages":[],"fullName":"StorageService uploadImageFromBuffer uses unique keys for repeated generation attempts for the same user and anchor","invocations":1,"location":null,"numPassingAsserts":3,"retryReasons":[],"status":"passed","title":"uses unique keys for repeated generation attempts for the same user and anchor"},{"ancestorTitles":["StorageService","uploadImageFromBuffer"],"duration":2,"failureDetails":[],"failureMessages":[],"fullName":"StorageService uploadImageFromBuffer does not overwrite local files when generating the same variation repeatedly","invocations":1,"location":null,"numPassingAsserts":1,"retryReasons":[],"status":"passed","title":"does not overwrite local files when generating the same variation repeatedly"},{"ancestorTitles":["StorageService","uploadImageFromBuffer"],"duration":8,"failureDetails":[],"failureMessages":[],"fullName":"StorageService uploadImageFromBuffer falls back to data URI when fs write fails","invocations":1,"location":null,"numPassingAsserts":1,"retryReasons":[],"status":"passed","title":"falls back to data URI when fs write fails"},{"ancestorTitles":["StorageService","uploadImageFromBuffer"],"duration":269,"failureDetails":[],"failureMessages":[],"fullName":"StorageService uploadImageFromBuffer throws in production when R2 is not configured instead of falling back to local storage","invocations":1,"location":null,"numPassingAsserts":1,"retryReasons":[],"status":"passed","title":"throws in production when R2 is not configured instead of falling back to local storage"},{"ancestorTitles":["StorageService","uploadImageFromBuffer"],"duration":29,"failureDetails":[],"failureMessages":[],"fullName":"StorageService uploadImageFromBuffer throws in production when an R2 upload fails instead of returning a fallback URL","invocations":1,"location":null,"numPassingAsserts":2,"retryReasons":[],"status":"passed","title":"throws in production when an R2 upload fails instead of returning a fallback URL"},{"ancestorTitles":["StorageService","uploadImageFromBuffer"],"duration":4,"failureDetails":[],"failureMessages":[],"fullName":"StorageService uploadImageFromBuffer strips surrounding quotes from R2 env vars before signing requests","invocations":1,"location":null,"numPassingAsserts":2,"retryReasons":[],"status":"passed","title":"strips surrounding quotes from R2 env vars before signing requests"},{"ancestorTitles":["StorageService","uploadImageFromUrl"],"duration":6,"failureDetails":[],"failureMessages":[],"fullName":"StorageService uploadImageFromUrl should download image from URL and upload it","invocations":1,"location":null,"numPassingAsserts":3,"retryReasons":[],"status":"passed","title":"should download image from URL and upload it"},{"ancestorTitles":["StorageService","uploadImageFromUrl"],"duration":1,"failureDetails":[],"failureMessages":[],"fullName":"StorageService uploadImageFromUrl should throw when download fails","invocations":1,"location":null,"numPassingAsserts":1,"retryReasons":[],"status":"passed","title":"should throw when download fails"},{"ancestorTitles":["StorageService","uploadAudio"],"duration":1,"failureDetails":[],"failureMessages":[],"fullName":"StorageService uploadAudio should return local URI when R2 credentials are not set","invocations":1,"location":null,"numPassingAsserts":4,"retryReasons":[],"status":"passed","title":"should return local URI when R2 credentials are not set"},{"ancestorTitles":["StorageService","uploadAudio"],"duration":1,"failureDetails":[],"failureMessages":[],"fullName":"StorageService uploadAudio sanitizes audio storage path segments before building the object key","invocations":1,"location":null,"numPassingAsserts":1,"retryReasons":[],"status":"passed","title":"sanitizes audio storage path segments before building the object key"},{"ancestorTitles":["StorageService","uploadAudio"],"duration":1,"failureDetails":[],"failureMessages":[],"fullName":"StorageService uploadAudio should upload to R2 and return public domain URL when configured","invocations":1,"location":null,"numPassingAsserts":3,"retryReasons":[],"status":"passed","title":"should upload to R2 and return public domain URL when configured"},{"ancestorTitles":["StorageService","uploadAudio"],"duration":1,"failureDetails":[],"failureMessages":[],"fullName":"StorageService uploadAudio should throw on R2 upload failure","invocations":1,"location":null,"numPassingAsserts":1,"retryReasons":[],"status":"passed","title":"should throw on R2 upload failure"},{"ancestorTitles":["StorageService","deleteAnchorFiles"],"duration":1,"failureDetails":[],"failureMessages":[],"fullName":"StorageService deleteAnchorFiles should not throw when R2 credentials are missing","invocations":1,"location":null,"numPassingAsserts":1,"retryReasons":[],"status":"passed","title":"should not throw when R2 credentials are missing"},{"ancestorTitles":["StorageService","deleteAnchorFiles"],"duration":4,"failureDetails":[],"failureMessages":[],"fullName":"StorageService deleteAnchorFiles should call DeleteObjectCommand for each variation and audio style","invocations":1,"location":null,"numPassingAsserts":1,"retryReasons":[],"status":"passed","title":"should call DeleteObjectCommand for each variation and audio style"},{"ancestorTitles":["StorageService","getSignedUrl"],"duration":0,"failureDetails":[],"failureMessages":[],"fullName":"StorageService getSignedUrl should return public domain URL when configured","invocations":1,"location":null,"numPassingAsserts":1,"retryReasons":[],"status":"passed","title":"should return public domain URL when configured"},{"ancestorTitles":["StorageService","getSignedUrl"],"duration":0,"failureDetails":[],"failureMessages":[],"fullName":"StorageService getSignedUrl should fall back to default R2 URL when no public domain set","invocations":1,"location":null,"numPassingAsserts":2,"retryReasons":[],"status":"passed","title":"should fall back to default R2 URL when no public domain set"},{"ancestorTitles":["StorageService","getSignedUrl"],"duration":1,"failureDetails":[],"failureMessages":[],"fullName":"StorageService getSignedUrl throws in production when the public domain is missing","invocations":1,"location":null,"numPassingAsserts":1,"retryReasons":[],"status":"passed","title":"throws in production when the public domain is missing"},{"ancestorTitles":["StorageService","StorageService class"],"duration":1,"failureDetails":[],"failureMessages":[],"fullName":"StorageService StorageService class should call uploadImageFromBuffer via uploadImage method","invocations":1,"location":null,"numPassingAsserts":1,"retryReasons":[],"status":"passed","title":"should call uploadImageFromBuffer via uploadImage method"}],"endTime":1779238738282,"message":"","name":"C:\\Users\\dwill\\.gemini\\antigravity\\scratch\\Anchor\\backend\\src\\services\\__tests__\\StorageService.test.ts","startTime":1779238710844,"status":"passed","summary":""},{"assertionResults":[{"ancestorTitles":["AIEnhancer Service","getCostEstimate"],"duration":58,"failureDetails":[],"failureMessages":[],"fullName":"AIEnhancer Service getCostEstimate should return Gemini cost estimate when service is available","invocations":1,"location":null,"numPassingAsserts":2,"retryReasons":[],"status":"passed","title":"should return Gemini cost estimate when service is available"},{"ancestorTitles":["AIEnhancer Service","getCostEstimate"],"duration":1,"failureDetails":[],"failureMessages":[],"fullName":"AIEnhancer Service getCostEstimate should return draft tier cost estimate (2 variations)","invocations":1,"location":null,"numPassingAsserts":2,"retryReasons":[],"status":"passed","title":"should return draft tier cost estimate (2 variations)"},{"ancestorTitles":["AIEnhancer Service","getCostEstimate"],"duration":1,"failureDetails":[],"failureMessages":[],"fullName":"AIEnhancer Service getCostEstimate should fallback to Replicate cost when Gemini unavailable","invocations":1,"location":null,"numPassingAsserts":1,"retryReasons":[],"status":"passed","title":"should fallback to Replicate cost when Gemini unavailable"},{"ancestorTitles":["AIEnhancer Service","getCostEstimate"],"duration":1,"failureDetails":[],"failureMessages":[],"fullName":"AIEnhancer Service getCostEstimate should return draft Replicate cost when Gemini unavailable","invocations":1,"location":null,"numPassingAsserts":1,"retryReasons":[],"status":"passed","title":"should return draft Replicate cost when Gemini unavailable"},{"ancestorTitles":["AIEnhancer Service","estimateGenerationTime"],"duration":2,"failureDetails":[],"failureMessages":[],"fullName":"AIEnhancer Service estimateGenerationTime should return Gemini time estimate when available","invocations":1,"location":null,"numPassingAsserts":2,"retryReasons":[],"status":"passed","title":"should return Gemini time estimate when available"},{"ancestorTitles":["AIEnhancer Service","estimateGenerationTime"],"duration":1,"failureDetails":[],"failureMessages":[],"fullName":"AIEnhancer Service estimateGenerationTime should return draft time estimate for Gemini","invocations":1,"location":null,"numPassingAsserts":1,"retryReasons":[],"status":"passed","title":"should return draft time estimate for Gemini"},{"ancestorTitles":["AIEnhancer Service","estimateGenerationTime"],"duration":5,"failureDetails":[],"failureMessages":[],"fullName":"AIEnhancer Service estimateGenerationTime should fallback to Replicate time when Gemini unavailable","invocations":1,"location":null,"numPassingAsserts":1,"retryReasons":[],"status":"passed","title":"should fallback to Replicate time when Gemini unavailable"},{"ancestorTitles":["AIEnhancer Service","enhanceSigilWithAI - Gemini Integration"],"duration":25,"failureDetails":[],"failureMessages":[],"fullName":"AIEnhancer Service enhanceSigilWithAI - Gemini Integration should use Gemini as primary provider when available","invocations":1,"location":null,"numPassingAsserts":5,"retryReasons":[],"status":"passed","title":"should use Gemini as primary provider when available"},{"ancestorTitles":["AIEnhancer Service","enhanceSigilWithAI - Gemini Integration"],"duration":1,"failureDetails":[],"failureMessages":[],"fullName":"AIEnhancer Service enhanceSigilWithAI - Gemini Integration should request 2 variations for draft tier","invocations":1,"location":null,"numPassingAsserts":2,"retryReasons":[],"status":"passed","title":"should request 2 variations for draft tier"},{"ancestorTitles":["AIEnhancer Service","enhanceSigilWithAI - Gemini Integration"],"duration":57,"failureDetails":[],"failureMessages":[],"fullName":"AIEnhancer Service enhanceSigilWithAI - Gemini Integration should throw an error when Gemini fails (no Replicate fallback)","invocations":1,"location":null,"numPassingAsserts":1,"retryReasons":[],"status":"passed","title":"should throw an error when Gemini fails (no Replicate fallback)"},{"ancestorTitles":["AIEnhancer Service","enhanceSigilWithAI - Gemini Integration"],"duration":2,"failureDetails":[],"failureMessages":[],"fullName":"AIEnhancer Service enhanceSigilWithAI - Gemini Integration should handle empty intention text gracefully","invocations":1,"location":null,"numPassingAsserts":2,"retryReasons":[],"status":"passed","title":"should handle empty intention text gracefully"},{"ancestorTitles":["AIEnhancer Service","enhanceSigilWithControlNet - Replicate Integration"],"duration":13,"failureDetails":[],"failureMessages":[],"fullName":"AIEnhancer Service enhanceSigilWithControlNet - Replicate Integration should generate variations in mock mode when no API token","invocations":1,"location":null,"numPassingAsserts":6,"retryReasons":[],"status":"passed","title":"should generate variations in mock mode when no API token"},{"ancestorTitles":["AIEnhancer Service","enhanceSigilWithControlNet - Replicate Integration"],"duration":1,"failureDetails":[],"failureMessages":[],"fullName":"AIEnhancer Service enhanceSigilWithControlNet - Replicate Integration should include symbol instructions for recognized keywords","invocations":1,"location":null,"numPassingAsserts":2,"retryReasons":[],"status":"passed","title":"should include symbol instructions for recognized keywords"},{"ancestorTitles":["AIEnhancer Service","enhanceSigilWithControlNet - Replicate Integration"],"duration":1,"failureDetails":[],"failureMessages":[],"fullName":"AIEnhancer Service enhanceSigilWithControlNet - Replicate Integration should handle strength/gym keywords with specific symbols","invocations":1,"location":null,"numPassingAsserts":1,"retryReasons":[],"status":"passed","title":"should handle strength/gym keywords with specific symbols"},{"ancestorTitles":["AIEnhancer Service","enhanceSigilWithControlNet - Replicate Integration"],"duration":31,"failureDetails":[],"failureMessages":[],"fullName":"AIEnhancer Service enhanceSigilWithControlNet - Replicate Integration should throw error for invalid style choice","invocations":1,"location":null,"numPassingAsserts":1,"retryReasons":[],"status":"passed","title":"should throw error for invalid style choice"},{"ancestorTitles":["AIEnhancer Service","enhanceSigilWithControlNet - Replicate Integration"],"duration":1,"failureDetails":[],"failureMessages":[],"fullName":"AIEnhancer Service enhanceSigilWithControlNet - Replicate Integration should use correct ControlNet method for each style","invocations":1,"location":null,"numPassingAsserts":2,"retryReasons":[],"status":"passed","title":"should use correct ControlNet method for each style"},{"ancestorTitles":["AIEnhancer Service","enhanceSigilWithControlNet - Replicate Integration"],"duration":1,"failureDetails":[],"failureMessages":[],"fullName":"AIEnhancer Service enhanceSigilWithControlNet - Replicate Integration should apply style-specific parameter overrides","invocations":1,"location":null,"numPassingAsserts":2,"retryReasons":[],"status":"passed","title":"should apply style-specific parameter overrides"},{"ancestorTitles":["AIEnhancer Service","Error Handling"],"duration":2,"failureDetails":[],"failureMessages":[],"fullName":"AIEnhancer Service Error Handling should throw an error when Gemini is unavailable (Google API enforced)","invocations":1,"location":null,"numPassingAsserts":1,"retryReasons":[],"status":"passed","title":"should throw an error when Gemini is unavailable (Google API enforced)"},{"ancestorTitles":["AIEnhancer Service","Error Handling"],"duration":6,"failureDetails":[],"failureMessages":[],"fullName":"AIEnhancer Service Error Handling should throw error when REPLICATE_API_TOKEN is missing in production mode","invocations":1,"location":null,"numPassingAsserts":1,"retryReasons":[],"status":"passed","title":"should throw error when REPLICATE_API_TOKEN is missing in production mode"},{"ancestorTitles":["AIEnhancer Service","Error Handling"],"duration":1,"failureDetails":[],"failureMessages":[],"fullName":"AIEnhancer Service Error Handling should handle SVG rasterization failure","invocations":1,"location":null,"numPassingAsserts":1,"retryReasons":[],"status":"passed","title":"should handle SVG rasterization failure"},{"ancestorTitles":["AIEnhancer Service","Error Handling"],"duration":1,"failureDetails":[],"failureMessages":[],"fullName":"AIEnhancer Service Error Handling should handle Gemini image upload failure","invocations":1,"location":null,"numPassingAsserts":1,"retryReasons":[],"status":"passed","title":"should handle Gemini image upload failure"},{"ancestorTitles":["AIEnhancer Service","Structure Validation"],"duration":1,"failureDetails":[],"failureMessages":[],"fullName":"AIEnhancer Service Structure Validation should include structure match scores in variations","invocations":1,"location":null,"numPassingAsserts":11,"retryReasons":[],"status":"passed","title":"should include structure match scores in variations"},{"ancestorTitles":["AIEnhancer Service","Structure Validation"],"duration":1,"failureDetails":[],"failureMessages":[],"fullName":"AIEnhancer Service Structure Validation should report passing count and best variation index","invocations":1,"location":null,"numPassingAsserts":4,"retryReasons":[],"status":"passed","title":"should report passing count and best variation index"},{"ancestorTitles":["AIEnhancer Service","Style Coverage"],"duration":0,"failureDetails":[],"failureMessages":[],"fullName":"AIEnhancer Service Style Coverage should handle watercolor style correctly","invocations":1,"location":null,"numPassingAsserts":4,"retryReasons":[],"status":"passed","title":"should handle watercolor style correctly"},{"ancestorTitles":["AIEnhancer Service","Style Coverage"],"duration":2,"failureDetails":[],"failureMessages":[],"fullName":"AIEnhancer Service Style Coverage should handle sacred_geometry style correctly","invocations":1,"location":null,"numPassingAsserts":4,"retryReasons":[],"status":"passed","title":"should handle sacred_geometry style correctly"},{"ancestorTitles":["AIEnhancer Service","Style Coverage"],"duration":1,"failureDetails":[],"failureMessages":[],"fullName":"AIEnhancer Service Style Coverage should handle ink_brush style correctly","invocations":1,"location":null,"numPassingAsserts":4,"retryReasons":[],"status":"passed","title":"should handle ink_brush style correctly"},{"ancestorTitles":["AIEnhancer Service","Style Coverage"],"duration":1,"failureDetails":[],"failureMessages":[],"fullName":"AIEnhancer Service Style Coverage should handle gold_leaf style correctly","invocations":1,"location":null,"numPassingAsserts":4,"retryReasons":[],"status":"passed","title":"should handle gold_leaf style correctly"},{"ancestorTitles":["AIEnhancer Service","Style Coverage"],"duration":0,"failureDetails":[],"failureMessages":[],"fullName":"AIEnhancer Service Style Coverage should handle cosmic style correctly","invocations":1,"location":null,"numPassingAsserts":4,"retryReasons":[],"status":"passed","title":"should handle cosmic style correctly"},{"ancestorTitles":["AIEnhancer Service","Style Coverage"],"duration":1,"failureDetails":[],"failureMessages":[],"fullName":"AIEnhancer Service Style Coverage should handle minimal_line style correctly","invocations":1,"location":null,"numPassingAsserts":4,"retryReasons":[],"status":"passed","title":"should handle minimal_line style correctly"}],"endTime":1779238738563,"message":"","name":"C:\\Users\\dwill\\.gemini\\antigravity\\scratch\\Anchor\\backend\\src\\services\\__tests__\\AIEnhancer.test.ts","startTime":1779238710837,"status":"passed","summary":""},{"assertionResults":[{"ancestorTitles":["POST /api/ai/enhance-controlnet"],"duration":438,"failureDetails":[],"failureMessages":[],"fullName":"POST /api/ai/enhance-controlnet returns storage URLs exactly as returned by uploadImageFromUrl","invocations":1,"location":null,"numPassingAsserts":3,"retryReasons":[],"status":"passed","title":"returns storage URLs exactly as returned by uploadImageFromUrl"},{"ancestorTitles":["POST /api/ai/enhance-controlnet"],"duration":24,"failureDetails":[],"failureMessages":[],"fullName":"POST /api/ai/enhance-controlnet reuses up to three saved variations and generates only the missing count","invocations":1,"location":null,"numPassingAsserts":6,"retryReasons":[],"status":"passed","title":"reuses up to three saved variations and generates only the missing count"},{"ancestorTitles":["POST /api/ai/mantra/audio"],"duration":10,"failureDetails":[],"failureMessages":[],"fullName":"POST /api/ai/mantra/audio ignores client-supplied userId and uses the authenticated anchor owner","invocations":1,"location":null,"numPassingAsserts":4,"retryReasons":[],"status":"passed","title":"ignores client-supplied userId and uses the authenticated anchor owner"},{"ancestorTitles":["POST /api/ai/mantra/audio"],"duration":9,"failureDetails":[],"failureMessages":[],"fullName":"POST /api/ai/mantra/audio fails closed when the authenticated user does not own the anchor","invocations":1,"location":null,"numPassingAsserts":3,"retryReasons":[],"status":"passed","title":"fails closed when the authenticated user does not own the anchor"}],"endTime":1779238741545,"message":"","name":"C:\\Users\\dwill\\.gemini\\antigravity\\scratch\\Anchor\\backend\\src\\api\\routes\\__tests__\\ai.test.ts","startTime":1779238710774,"status":"passed","summary":""},{"assertionResults":[{"ancestorTitles":["authMiddleware"],"duration":26,"failureDetails":[],"failureMessages":[],"fullName":"authMiddleware should return 401 when no Authorization header is provided","invocations":1,"location":null,"numPassingAsserts":3,"retryReasons":[],"status":"passed","title":"should return 401 when no Authorization header is provided"},{"ancestorTitles":["authMiddleware"],"duration":1,"failureDetails":[],"failureMessages":[],"fullName":"authMiddleware should return 401 when Authorization header is not Bearer","invocations":1,"location":null,"numPassingAsserts":2,"retryReasons":[],"status":"passed","title":"should return 401 when Authorization header is not Bearer"},{"ancestorTitles":["authMiddleware"],"duration":17,"failureDetails":[],"failureMessages":[],"fullName":"authMiddleware should allow mock token when ENABLE_MOCK_AUTH=true","invocations":1,"location":null,"numPassingAsserts":3,"retryReasons":[],"status":"passed","title":"should allow mock token when ENABLE_MOCK_AUTH=true"},{"ancestorTitles":["authMiddleware"],"duration":1,"failureDetails":[],"failureMessages":[],"fullName":"authMiddleware should not allow mock token when ENABLE_MOCK_AUTH is not set","invocations":1,"location":null,"numPassingAsserts":1,"retryReasons":[],"status":"passed","title":"should not allow mock token when ENABLE_MOCK_AUTH is not set"},{"ancestorTitles":["authMiddleware"],"duration":5,"failureDetails":[],"failureMessages":[],"fullName":"authMiddleware should attach user and call next on valid Firebase token","invocations":1,"location":null,"numPassingAsserts":2,"retryReasons":[],"status":"passed","title":"should attach user and call next on valid Firebase token"},{"ancestorTitles":["authMiddleware"],"duration":2,"failureDetails":[],"failureMessages":[],"fullName":"authMiddleware should return 401 with TOKEN_EXPIRED for expired tokens","invocations":1,"location":null,"numPassingAsserts":3,"retryReasons":[],"status":"passed","title":"should return 401 with TOKEN_EXPIRED for expired tokens"},{"ancestorTitles":["authMiddleware"],"duration":1,"failureDetails":[],"failureMessages":[],"fullName":"authMiddleware should return 401 with INVALID_TOKEN for invalid tokens","invocations":1,"location":null,"numPassingAsserts":2,"retryReasons":[],"status":"passed","title":"should return 401 with INVALID_TOKEN for invalid tokens"},{"ancestorTitles":["authMiddleware"],"duration":2,"failureDetails":[],"failureMessages":[],"fullName":"authMiddleware should return 500 on unexpected errors","invocations":1,"location":null,"numPassingAsserts":2,"retryReasons":[],"status":"passed","title":"should return 500 on unexpected errors"},{"ancestorTitles":["optionalAuthMiddleware"],"duration":1,"failureDetails":[],"failureMessages":[],"fullName":"optionalAuthMiddleware should call next without setting user when no token provided","invocations":1,"location":null,"numPassingAsserts":2,"retryReasons":[],"status":"passed","title":"should call next without setting user when no token provided"},{"ancestorTitles":["optionalAuthMiddleware"],"duration":1,"failureDetails":[],"failureMessages":[],"fullName":"optionalAuthMiddleware should attach user when valid token is provided","invocations":1,"location":null,"numPassingAsserts":2,"retryReasons":[],"status":"passed","title":"should attach user when valid token is provided"},{"ancestorTitles":["optionalAuthMiddleware"],"duration":4,"failureDetails":[],"failureMessages":[],"fullName":"optionalAuthMiddleware should return 401 when token verification fails","invocations":1,"location":null,"numPassingAsserts":4,"retryReasons":[],"status":"passed","title":"should return 401 when token verification fails"}],"endTime":1779238741634,"message":"","name":"C:\\Users\\dwill\\.gemini\\antigravity\\scratch\\Anchor\\backend\\src\\api\\middleware\\__tests__\\auth.test.ts","startTime":1779238710875,"status":"passed","summary":""},{"assertionResults":[{"ancestorTitles":["POST /api/content/flag"],"duration":127,"failureDetails":[],"failureMessages":[],"fullName":"POST /api/content/flag stores reports against the authenticated database user id","invocations":1,"location":null,"numPassingAsserts":3,"retryReasons":[],"status":"passed","title":"stores reports against the authenticated database user id"},{"ancestorTitles":["POST /api/content/flag"],"duration":41,"failureDetails":[],"failureMessages":[],"fullName":"POST /api/content/flag returns 404 when the authenticated user has no database row","invocations":1,"location":null,"numPassingAsserts":2,"retryReasons":[],"status":"passed","title":"returns 404 when the authenticated user has no database row"}],"endTime":1779238741783,"message":"","name":"C:\\Users\\dwill\\.gemini\\antigravity\\scratch\\Anchor\\backend\\src\\api\\routes\\__tests__\\content.test.ts","startTime":1779238710777,"status":"passed","summary":""},{"assertionResults":[{"ancestorTitles":["POST /api/practice/stabilize"],"duration":100,"failureDetails":[],"failureMessages":[],"fullName":"POST /api/practice/stabilize returns 200 and updated user on success","invocations":1,"location":null,"numPassingAsserts":4,"retryReasons":[],"status":"passed","title":"returns 200 and updated user on success"},{"ancestorTitles":["POST /api/practice/stabilize"],"duration":17,"failureDetails":[],"failureMessages":[],"fullName":"POST /api/practice/stabilize increments stabilize total via prisma update","invocations":1,"location":null,"numPassingAsserts":1,"retryReasons":[],"status":"passed","title":"increments stabilize total via prisma update"},{"ancestorTitles":["POST /api/practice/stabilize"],"duration":138,"failureDetails":[],"failureMessages":[],"fullName":"POST /api/practice/stabilize returns 401 when not authenticated","invocations":1,"location":null,"numPassingAsserts":1,"retryReasons":[],"status":"passed","title":"returns 401 when not authenticated"},{"ancestorTitles":["POST /api/practice/stabilize"],"duration":11,"failureDetails":[],"failureMessages":[],"fullName":"POST /api/practice/stabilize returns 404 when user not found in database","invocations":1,"location":null,"numPassingAsserts":1,"retryReasons":[],"status":"passed","title":"returns 404 when user not found in database"},{"ancestorTitles":["POST /api/practice/stabilize"],"duration":18,"failureDetails":[],"failureMessages":[],"fullName":"POST /api/practice/stabilize returns 400 when completedAt is missing","invocations":1,"location":null,"numPassingAsserts":1,"retryReasons":[],"status":"passed","title":"returns 400 when completedAt is missing"},{"ancestorTitles":["POST /api/practice/stabilize"],"duration":12,"failureDetails":[],"failureMessages":[],"fullName":"POST /api/practice/stabilize returns 400 when timezoneOffsetMinutes is missing","invocations":1,"location":null,"numPassingAsserts":1,"retryReasons":[],"status":"passed","title":"returns 400 when timezoneOffsetMinutes is missing"},{"ancestorTitles":["POST /api/practice/stabilize"],"duration":12,"failureDetails":[],"failureMessages":[],"fullName":"POST /api/practice/stabilize returns 400 when completedAt is not a valid date","invocations":1,"location":null,"numPassingAsserts":1,"retryReasons":[],"status":"passed","title":"returns 400 when completedAt is not a valid date"},{"ancestorTitles":["POST /api/practice/stabilize"],"duration":15,"failureDetails":[],"failureMessages":[],"fullName":"POST /api/practice/stabilize returns 400 when timezoneOffsetMinutes is out of range","invocations":1,"location":null,"numPassingAsserts":1,"retryReasons":[],"status":"passed","title":"returns 400 when timezoneOffsetMinutes is out of range"},{"ancestorTitles":["POST /api/practice/stabilize","streak logic"],"duration":12,"failureDetails":[],"failureMessages":[],"fullName":"POST /api/practice/stabilize streak logic sets streak to 1 when no prior stabilize","invocations":1,"location":null,"numPassingAsserts":1,"retryReasons":[],"status":"passed","title":"sets streak to 1 when no prior stabilize"},{"ancestorTitles":["POST /api/practice/stabilize","streak logic"],"duration":11,"failureDetails":[],"failureMessages":[],"fullName":"POST /api/practice/stabilize streak logic extends streak by 1 when last stabilize was yesterday","invocations":1,"location":null,"numPassingAsserts":1,"retryReasons":[],"status":"passed","title":"extends streak by 1 when last stabilize was yesterday"},{"ancestorTitles":["POST /api/practice/stabilize","streak logic"],"duration":7,"failureDetails":[],"failureMessages":[],"fullName":"POST /api/practice/stabilize streak logic resets streak to 1 when last stabilize was 2+ days ago","invocations":1,"location":null,"numPassingAsserts":1,"retryReasons":[],"status":"passed","title":"resets streak to 1 when last stabilize was 2+ days ago"},{"ancestorTitles":["POST /api/practice/stabilize","streak logic"],"duration":7,"failureDetails":[],"failureMessages":[],"fullName":"POST /api/practice/stabilize streak logic preserves streak when stabilizing twice same day","invocations":1,"location":null,"numPassingAsserts":1,"retryReasons":[],"status":"passed","title":"preserves streak when stabilizing twice same day"},{"ancestorTitles":["POST /api/practice/stabilize"],"duration":6,"failureDetails":[],"failureMessages":[],"fullName":"POST /api/practice/stabilize returns 500 when prisma update throws an unexpected error","invocations":1,"location":null,"numPassingAsserts":1,"retryReasons":[],"status":"passed","title":"returns 500 when prisma update throws an unexpected error"}],"endTime":1779238742000,"message":"","name":"C:\\Users\\dwill\\.gemini\\antigravity\\scratch\\Anchor\\backend\\src\\api\\routes\\__tests__\\practice.test.ts","startTime":1779238710983,"status":"passed","summary":""},{"assertionResults":[{"ancestorTitles":["POST /api/orders"],"duration":107,"failureDetails":[],"failureMessages":[],"fullName":"POST /api/orders creates an order and returns 201","invocations":1,"location":null,"numPassingAsserts":3,"retryReasons":[],"status":"passed","title":"creates an order and returns 201"},{"ancestorTitles":["POST /api/orders"],"duration":18,"failureDetails":[],"failureMessages":[],"fullName":"POST /api/orders calls prisma.order.create with correct fields","invocations":1,"location":null,"numPassingAsserts":1,"retryReasons":[],"status":"passed","title":"calls prisma.order.create with correct fields"},{"ancestorTitles":["POST /api/orders"],"duration":129,"failureDetails":[],"failureMessages":[],"fullName":"POST /api/orders returns 401 when not authenticated","invocations":1,"location":null,"numPassingAsserts":1,"retryReasons":[],"status":"passed","title":"returns 401 when not authenticated"},{"ancestorTitles":["POST /api/orders"],"duration":20,"failureDetails":[],"failureMessages":[],"fullName":"POST /api/orders returns 400 when anchorId is missing","invocations":1,"location":null,"numPassingAsserts":1,"retryReasons":[],"status":"passed","title":"returns 400 when anchorId is missing"},{"ancestorTitles":["POST /api/orders"],"duration":19,"failureDetails":[],"failureMessages":[],"fullName":"POST /api/orders returns 400 when productType is missing","invocations":1,"location":null,"numPassingAsserts":1,"retryReasons":[],"status":"passed","title":"returns 400 when productType is missing"},{"ancestorTitles":["POST /api/orders"],"duration":12,"failureDetails":[],"failureMessages":[],"fullName":"POST /api/orders returns 400 when shippingInfo is missing","invocations":1,"location":null,"numPassingAsserts":1,"retryReasons":[],"status":"passed","title":"returns 400 when shippingInfo is missing"},{"ancestorTitles":["POST /api/orders"],"duration":8,"failureDetails":[],"failureMessages":[],"fullName":"POST /api/orders returns 404 when user not found","invocations":1,"location":null,"numPassingAsserts":1,"retryReasons":[],"status":"passed","title":"returns 404 when user not found"},{"ancestorTitles":["POST /api/orders"],"duration":8,"failureDetails":[],"failureMessages":[],"fullName":"POST /api/orders returns 404 when anchor not found or not owned by user","invocations":1,"location":null,"numPassingAsserts":1,"retryReasons":[],"status":"passed","title":"returns 404 when anchor not found or not owned by user"},{"ancestorTitles":["POST /api/orders","product pricing"],"duration":13,"failureDetails":[],"failureMessages":[],"fullName":"POST /api/orders product pricing calculates total for print correctly","invocations":1,"location":null,"numPassingAsserts":1,"retryReasons":[],"status":"passed","title":"calculates total for print correctly"},{"ancestorTitles":["POST /api/orders","product pricing"],"duration":8,"failureDetails":[],"failureMessages":[],"fullName":"POST /api/orders product pricing calculates total for keychain correctly","invocations":1,"location":null,"numPassingAsserts":1,"retryReasons":[],"status":"passed","title":"calculates total for keychain correctly"},{"ancestorTitles":["POST /api/orders","product pricing"],"duration":8,"failureDetails":[],"failureMessages":[],"fullName":"POST /api/orders product pricing calculates total for hoodie correctly","invocations":1,"location":null,"numPassingAsserts":1,"retryReasons":[],"status":"passed","title":"calculates total for hoodie correctly"},{"ancestorTitles":["POST /api/orders","product pricing"],"duration":6,"failureDetails":[],"failureMessages":[],"fullName":"POST /api/orders product pricing calculates total for t-shirt correctly","invocations":1,"location":null,"numPassingAsserts":1,"retryReasons":[],"status":"passed","title":"calculates total for t-shirt correctly"},{"ancestorTitles":["POST /api/orders","product pricing"],"duration":5,"failureDetails":[],"failureMessages":[],"fullName":"POST /api/orders product pricing calculates total for phone-case correctly","invocations":1,"location":null,"numPassingAsserts":1,"retryReasons":[],"status":"passed","title":"calculates total for phone-case correctly"},{"ancestorTitles":["POST /api/orders","product pricing"],"duration":11,"failureDetails":[],"failureMessages":[],"fullName":"POST /api/orders product pricing rejects unknown product types during validation","invocations":1,"location":null,"numPassingAsserts":4,"retryReasons":[],"status":"passed","title":"rejects unknown product types during validation"},{"ancestorTitles":["GET /api/orders"],"duration":6,"failureDetails":[],"failureMessages":[],"fullName":"GET /api/orders returns 200 and list of orders","invocations":1,"location":null,"numPassingAsserts":4,"retryReasons":[],"status":"passed","title":"returns 200 and list of orders"},{"ancestorTitles":["GET /api/orders"],"duration":4,"failureDetails":[],"failureMessages":[],"fullName":"GET /api/orders returns empty array when user has no orders","invocations":1,"location":null,"numPassingAsserts":2,"retryReasons":[],"status":"passed","title":"returns empty array when user has no orders"},{"ancestorTitles":["GET /api/orders"],"duration":20,"failureDetails":[],"failureMessages":[],"fullName":"GET /api/orders returns 401 when not authenticated","invocations":1,"location":null,"numPassingAsserts":1,"retryReasons":[],"status":"passed","title":"returns 401 when not authenticated"},{"ancestorTitles":["GET /api/orders"],"duration":7,"failureDetails":[],"failureMessages":[],"fullName":"GET /api/orders returns 404 when user not found","invocations":1,"location":null,"numPassingAsserts":1,"retryReasons":[],"status":"passed","title":"returns 404 when user not found"},{"ancestorTitles":["GET /api/orders"],"duration":6,"failureDetails":[],"failureMessages":[],"fullName":"GET /api/orders queries orders ordered by createdAt desc","invocations":1,"location":null,"numPassingAsserts":1,"retryReasons":[],"status":"passed","title":"queries orders ordered by createdAt desc"}],"endTime":1779238742066,"message":"","name":"C:\\Users\\dwill\\.gemini\\antigravity\\scratch\\Anchor\\backend\\src\\api\\routes\\__tests__\\orders.test.ts","startTime":1779238710807,"status":"passed","summary":""},{"assertionResults":[{"ancestorTitles":["POST /api/auth/sync"],"duration":127,"failureDetails":[],"failureMessages":[],"fullName":"POST /api/auth/sync creates or updates user and returns profile","invocations":1,"location":null,"numPassingAsserts":7,"retryReasons":[],"status":"passed","title":"creates or updates user and returns profile"},{"ancestorTitles":["POST /api/auth/sync"],"duration":25,"failureDetails":[],"failureMessages":[],"fullName":"POST /api/auth/sync promotes onboarding completion when requested during sync","invocations":1,"location":null,"numPassingAsserts":2,"retryReasons":[],"status":"passed","title":"promotes onboarding completion when requested during sync"},{"ancestorTitles":["POST /api/auth/sync"],"duration":11,"failureDetails":[],"failureMessages":[],"fullName":"POST /api/auth/sync marks allowlisted emails as comped during sync","invocations":1,"location":null,"numPassingAsserts":3,"retryReasons":[],"status":"passed","title":"marks allowlisted emails as comped during sync"},{"ancestorTitles":["POST /api/auth/sync"],"duration":10,"failureDetails":[],"failureMessages":[],"fullName":"POST /api/auth/sync links an existing user by email when auth uid changes","invocations":1,"location":null,"numPassingAsserts":2,"retryReasons":[],"status":"passed","title":"links an existing user by email when auth uid changes"},{"ancestorTitles":["POST /api/auth/sync"],"duration":10,"failureDetails":[],"failureMessages":[],"fullName":"POST /api/auth/sync creates a user when no auth uid or email match exists","invocations":1,"location":null,"numPassingAsserts":2,"retryReasons":[],"status":"passed","title":"creates a user when no auth uid or email match exists"},{"ancestorTitles":["POST /api/auth/sync"],"duration":110,"failureDetails":[],"failureMessages":[],"fullName":"POST /api/auth/sync returns 400 when user has no email in token","invocations":1,"location":null,"numPassingAsserts":2,"retryReasons":[],"status":"passed","title":"returns 400 when user has no email in token"},{"ancestorTitles":["POST /api/auth/sync"],"duration":27,"failureDetails":[],"failureMessages":[],"fullName":"POST /api/auth/sync returns 500 on database error","invocations":1,"location":null,"numPassingAsserts":2,"retryReasons":[],"status":"passed","title":"returns 500 on database error"},{"ancestorTitles":["GET /api/auth/me"],"duration":9,"failureDetails":[],"failureMessages":[],"fullName":"GET /api/auth/me returns 200 with user profile and settings","invocations":1,"location":null,"numPassingAsserts":4,"retryReasons":[],"status":"passed","title":"returns 200 with user profile and settings"},{"ancestorTitles":["GET /api/auth/me"],"duration":8,"failureDetails":[],"failureMessages":[],"fullName":"GET /api/auth/me returns 404 when user does not exist","invocations":1,"location":null,"numPassingAsserts":2,"retryReasons":[],"status":"passed","title":"returns 404 when user does not exist"},{"ancestorTitles":["GET /api/auth/me/export"],"duration":9,"failureDetails":[],"failureMessages":[],"fullName":"GET /api/auth/me/export exports flagged content keyed by either DB user id or legacy auth uid","invocations":1,"location":null,"numPassingAsserts":2,"retryReasons":[],"status":"passed","title":"exports flagged content keyed by either DB user id or legacy auth uid"},{"ancestorTitles":["PUT /api/auth/profile"],"duration":6,"failureDetails":[],"failureMessages":[],"fullName":"PUT /api/auth/profile updates displayName and returns 200","invocations":1,"location":null,"numPassingAsserts":2,"retryReasons":[],"status":"passed","title":"updates displayName and returns 200"},{"ancestorTitles":["PUT /api/auth/profile"],"duration":10,"failureDetails":[],"failureMessages":[],"fullName":"PUT /api/auth/profile returns 400 when displayName exceeds 100 characters","invocations":1,"location":null,"numPassingAsserts":2,"retryReasons":[],"status":"passed","title":"returns 400 when displayName exceeds 100 characters"},{"ancestorTitles":["PUT /api/auth/profile"],"duration":9,"failureDetails":[],"failureMessages":[],"fullName":"PUT /api/auth/profile returns 400 when displayName is empty string","invocations":1,"location":null,"numPassingAsserts":1,"retryReasons":[],"status":"passed","title":"returns 400 when displayName is empty string"},{"ancestorTitles":["PUT /api/auth/settings"],"duration":6,"failureDetails":[],"failureMessages":[],"fullName":"PUT /api/auth/settings updates settings and returns 200","invocations":1,"location":null,"numPassingAsserts":3,"retryReasons":[],"status":"passed","title":"updates settings and returns 200"},{"ancestorTitles":["PUT /api/auth/settings"],"duration":14,"failureDetails":[],"failureMessages":[],"fullName":"PUT /api/auth/settings returns 400 for invalid dailyReminderTime format","invocations":1,"location":null,"numPassingAsserts":2,"retryReasons":[],"status":"passed","title":"returns 400 for invalid dailyReminderTime format"},{"ancestorTitles":["PUT /api/auth/settings"],"duration":15,"failureDetails":[],"failureMessages":[],"fullName":"PUT /api/auth/settings returns 400 for hapticIntensity out of range","invocations":1,"location":null,"numPassingAsserts":1,"retryReasons":[],"status":"passed","title":"returns 400 for hapticIntensity out of range"},{"ancestorTitles":["PUT /api/auth/settings"],"duration":10,"failureDetails":[],"failureMessages":[],"fullName":"PUT /api/auth/settings returns 404 when user not found","invocations":1,"location":null,"numPassingAsserts":1,"retryReasons":[],"status":"passed","title":"returns 404 when user not found"},{"ancestorTitles":["PUT /api/auth/notification-state"],"duration":11,"failureDetails":[],"failureMessages":[],"fullName":"PUT /api/auth/notification-state syncs merged notification state for the authenticated user","invocations":1,"location":null,"numPassingAsserts":5,"retryReasons":[],"status":"passed","title":"syncs merged notification state for the authenticated user"},{"ancestorTitles":["PUT /api/auth/notification-state"],"duration":8,"failureDetails":[],"failureMessages":[],"fullName":"PUT /api/auth/notification-state derives notification-state ownership from the authenticated JWT context","invocations":1,"location":null,"numPassingAsserts":2,"retryReasons":[],"status":"passed","title":"derives notification-state ownership from the authenticated JWT context"},{"ancestorTitles":["PUT /api/auth/notification-state"],"duration":10,"failureDetails":[],"failureMessages":[],"fullName":"PUT /api/auth/notification-state upserts expo, FCM, and APNS tokens alongside notification state","invocations":1,"location":null,"numPassingAsserts":4,"retryReasons":[],"status":"passed","title":"upserts expo, FCM, and APNS tokens alongside notification state"},{"ancestorTitles":["PUT /api/auth/notification-state"],"duration":7,"failureDetails":[],"failureMessages":[],"fullName":"PUT /api/auth/notification-state allows token-only cleanup payloads without notificationState","invocations":1,"location":null,"numPassingAsserts":4,"retryReasons":[],"status":"passed","title":"allows token-only cleanup payloads without notificationState"},{"ancestorTitles":["PUT /api/auth/notification-state"],"duration":8,"failureDetails":[],"failureMessages":[],"fullName":"PUT /api/auth/notification-state returns 404 when the authenticated user has no database row","invocations":1,"location":null,"numPassingAsserts":2,"retryReasons":[],"status":"passed","title":"returns 404 when the authenticated user has no database row"},{"ancestorTitles":["PUT /api/auth/notification-state"],"duration":7,"failureDetails":[],"failureMessages":[],"fullName":"PUT /api/auth/notification-state returns 500 when notification-state persistence fails","invocations":1,"location":null,"numPassingAsserts":2,"retryReasons":[],"status":"passed","title":"returns 500 when notification-state persistence fails"},{"ancestorTitles":["PUT /api/auth/notification-state"],"duration":7,"failureDetails":[],"failureMessages":[],"fullName":"PUT /api/auth/notification-state returns 400 when notificationState is missing","invocations":1,"location":null,"numPassingAsserts":2,"retryReasons":[],"status":"passed","title":"returns 400 when notificationState is missing"},{"ancestorTitles":["DELETE /api/auth/me"],"duration":6,"failureDetails":[],"failureMessages":[],"fullName":"DELETE /api/auth/me deletes user and returns 200 with deletedUserId","invocations":1,"location":null,"numPassingAsserts":6,"retryReasons":[],"status":"passed","title":"deletes user and returns 200 with deletedUserId"},{"ancestorTitles":["DELETE /api/auth/me"],"duration":8,"failureDetails":[],"failureMessages":[],"fullName":"DELETE /api/auth/me returns 404 when user not found","invocations":1,"location":null,"numPassingAsserts":2,"retryReasons":[],"status":"passed","title":"returns 404 when user not found"},{"ancestorTitles":["DELETE /api/auth/me"],"duration":7,"failureDetails":[],"failureMessages":[],"fullName":"DELETE /api/auth/me returns 500 on database deletion error","invocations":1,"location":null,"numPassingAsserts":2,"retryReasons":[],"status":"passed","title":"returns 500 on database deletion error"},{"ancestorTitles":["DELETE /api/auth/me"],"duration":5,"failureDetails":[],"failureMessages":[],"fullName":"DELETE /api/auth/me returns success when app data is deleted but firebase auth cleanup fails","invocations":1,"location":null,"numPassingAsserts":2,"retryReasons":[],"status":"passed","title":"returns success when app data is deleted but firebase auth cleanup fails"}],"endTime":1779238742196,"message":"","name":"C:\\Users\\dwill\\.gemini\\antigravity\\scratch\\Anchor\\backend\\src\\api\\routes\\__tests__\\auth.test.ts","startTime":1779238710846,"status":"passed","summary":""},{"assertionResults":[{"ancestorTitles":["POST /api/anchors"],"duration":116,"failureDetails":[],"failureMessages":[],"fullName":"POST /api/anchors creates an anchor and returns 201 with anchor data","invocations":1,"location":null,"numPassingAsserts":4,"retryReasons":[],"status":"passed","title":"creates an anchor and returns 201 with anchor data"},{"ancestorTitles":["POST /api/anchors"],"duration":72,"failureDetails":[],"failureMessages":[],"fullName":"POST /api/anchors returns 400 when intentionText is missing","invocations":1,"location":null,"numPassingAsserts":2,"retryReasons":[],"status":"passed","title":"returns 400 when intentionText is missing"},{"ancestorTitles":["POST /api/anchors"],"duration":9,"failureDetails":[],"failureMessages":[],"fullName":"POST /api/anchors returns 400 when baseSigilSvg is missing","invocations":1,"location":null,"numPassingAsserts":1,"retryReasons":[],"status":"passed","title":"returns 400 when baseSigilSvg is missing"},{"ancestorTitles":["POST /api/anchors"],"duration":9,"failureDetails":[],"failureMessages":[],"fullName":"POST /api/anchors returns 400 when distilledLetters is empty","invocations":1,"location":null,"numPassingAsserts":1,"retryReasons":[],"status":"passed","title":"returns 400 when distilledLetters is empty"},{"ancestorTitles":["POST /api/anchors"],"duration":61,"failureDetails":[],"failureMessages":[],"fullName":"POST /api/anchors returns 400 when baseSigilSvg exceeds 5 MB","invocations":1,"location":null,"numPassingAsserts":1,"retryReasons":[],"status":"passed","title":"returns 400 when baseSigilSvg exceeds 5 MB"},{"ancestorTitles":["POST /api/anchors"],"duration":6,"failureDetails":[],"failureMessages":[],"fullName":"POST /api/anchors returns 404 when user not found in database","invocations":1,"location":null,"numPassingAsserts":2,"retryReasons":[],"status":"passed","title":"returns 404 when user not found in database"},{"ancestorTitles":["POST /api/anchors"],"duration":21,"failureDetails":[],"failureMessages":[],"fullName":"POST /api/anchors returns 500 on unexpected database error","invocations":1,"location":null,"numPassingAsserts":2,"retryReasons":[],"status":"passed","title":"returns 500 on unexpected database error"},{"ancestorTitles":["POST /api/anchors"],"duration":12,"failureDetails":[],"failureMessages":[],"fullName":"POST /api/anchors consumes the selected pooled variation and releases the rest of the reservation set","invocations":1,"location":null,"numPassingAsserts":3,"retryReasons":[],"status":"passed","title":"consumes the selected pooled variation and releases the rest of the reservation set"},{"ancestorTitles":["GET /api/anchors"],"duration":7,"failureDetails":[],"failureMessages":[],"fullName":"GET /api/anchors returns 200 with anchors array","invocations":1,"location":null,"numPassingAsserts":4,"retryReasons":[],"status":"passed","title":"returns 200 with anchors array"},{"ancestorTitles":["GET /api/anchors"],"duration":4,"failureDetails":[],"failureMessages":[],"fullName":"GET /api/anchors selects only the supported anchor fields for list hydration","invocations":1,"location":null,"numPassingAsserts":1,"retryReasons":[],"status":"passed","title":"selects only the supported anchor fields for list hydration"},{"ancestorTitles":["GET /api/anchors"],"duration":4,"failureDetails":[],"failureMessages":[],"fullName":"GET /api/anchors applies category filter when provided","invocations":1,"location":null,"numPassingAsserts":1,"retryReasons":[],"status":"passed","title":"applies category filter when provided"},{"ancestorTitles":["GET /api/anchors"],"duration":4,"failureDetails":[],"failureMessages":[],"fullName":"GET /api/anchors applies isCharged filter when provided","invocations":1,"location":null,"numPassingAsserts":1,"retryReasons":[],"status":"passed","title":"applies isCharged filter when provided"},{"ancestorTitles":["GET /api/anchors"],"duration":6,"failureDetails":[],"failureMessages":[],"fullName":"GET /api/anchors caps limit at 100","invocations":1,"location":null,"numPassingAsserts":1,"retryReasons":[],"status":"passed","title":"caps limit at 100"},{"ancestorTitles":["GET /api/anchors"],"duration":4,"failureDetails":[],"failureMessages":[],"fullName":"GET /api/anchors ignores negative limit values and falls back to default 20","invocations":1,"location":null,"numPassingAsserts":1,"retryReasons":[],"status":"passed","title":"ignores negative limit values and falls back to default 20"},{"ancestorTitles":["GET /api/anchors"],"duration":4,"failureDetails":[],"failureMessages":[],"fullName":"GET /api/anchors ignores NaN limit values and falls back to default 20","invocations":1,"location":null,"numPassingAsserts":1,"retryReasons":[],"status":"passed","title":"ignores NaN limit values and falls back to default 20"},{"ancestorTitles":["GET /api/anchors"],"duration":3,"failureDetails":[],"failureMessages":[],"fullName":"GET /api/anchors defaults orderBy to updatedAt for unknown column","invocations":1,"location":null,"numPassingAsserts":1,"retryReasons":[],"status":"passed","title":"defaults orderBy to updatedAt for unknown column"},{"ancestorTitles":["GET /api/anchors"],"duration":4,"failureDetails":[],"failureMessages":[],"fullName":"GET /api/anchors accepts whitelisted orderBy values","invocations":1,"location":null,"numPassingAsserts":1,"retryReasons":[],"status":"passed","title":"accepts whitelisted orderBy values"},{"ancestorTitles":["GET /api/anchors"],"duration":3,"failureDetails":[],"failureMessages":[],"fullName":"GET /api/anchors returns 404 when user not found","invocations":1,"location":null,"numPassingAsserts":1,"retryReasons":[],"status":"passed","title":"returns 404 when user not found"},{"ancestorTitles":["GET /api/anchors/:id"],"duration":3,"failureDetails":[],"failureMessages":[],"fullName":"GET /api/anchors/:id returns 200 with anchor + activations + charges","invocations":1,"location":null,"numPassingAsserts":2,"retryReasons":[],"status":"passed","title":"returns 200 with anchor + activations + charges"},{"ancestorTitles":["GET /api/anchors/:id"],"duration":3,"failureDetails":[],"failureMessages":[],"fullName":"GET /api/anchors/:id returns 404 when anchor not found","invocations":1,"location":null,"numPassingAsserts":2,"retryReasons":[],"status":"passed","title":"returns 404 when anchor not found"},{"ancestorTitles":["PUT /api/anchors/:id"],"duration":5,"failureDetails":[],"failureMessages":[],"fullName":"PUT /api/anchors/:id updates allowed fields and returns 200","invocations":1,"location":null,"numPassingAsserts":2,"retryReasons":[],"status":"passed","title":"updates allowed fields and returns 200"},{"ancestorTitles":["PUT /api/anchors/:id"],"duration":5,"failureDetails":[],"failureMessages":[],"fullName":"PUT /api/anchors/:id returns 400 when intentionText exceeds max length","invocations":1,"location":null,"numPassingAsserts":2,"retryReasons":[],"status":"passed","title":"returns 400 when intentionText exceeds max length"},{"ancestorTitles":["PUT /api/anchors/:id"],"duration":41,"failureDetails":[],"failureMessages":[],"fullName":"PUT /api/anchors/:id returns 400 when reinforcedSigilSvg exceeds 5 MB","invocations":1,"location":null,"numPassingAsserts":1,"retryReasons":[],"status":"passed","title":"returns 400 when reinforcedSigilSvg exceeds 5 MB"},{"ancestorTitles":["PUT /api/anchors/:id"],"duration":6,"failureDetails":[],"failureMessages":[],"fullName":"PUT /api/anchors/:id returns 404 when anchor not found","invocations":1,"location":null,"numPassingAsserts":2,"retryReasons":[],"status":"passed","title":"returns 404 when anchor not found"},{"ancestorTitles":["DELETE /api/anchors/:id"],"duration":3,"failureDetails":[],"failureMessages":[],"fullName":"DELETE /api/anchors/:id archives the anchor and returns 200","invocations":1,"location":null,"numPassingAsserts":3,"retryReasons":[],"status":"passed","title":"archives the anchor and returns 200"},{"ancestorTitles":["DELETE /api/anchors/:id"],"duration":4,"failureDetails":[],"failureMessages":[],"fullName":"DELETE /api/anchors/:id returns 404 when anchor not found","invocations":1,"location":null,"numPassingAsserts":1,"retryReasons":[],"status":"passed","title":"returns 404 when anchor not found"},{"ancestorTitles":["POST /api/anchors/:id/charge"],"duration":4,"failureDetails":[],"failureMessages":[],"fullName":"POST /api/anchors/:id/charge creates charge record and returns updated anchor","invocations":1,"location":null,"numPassingAsserts":5,"retryReasons":[],"status":"passed","title":"creates charge record and returns updated anchor"},{"ancestorTitles":["POST /api/anchors/:id/charge"],"duration":7,"failureDetails":[],"failureMessages":[],"fullName":"POST /api/anchors/:id/charge returns 400 when chargeType is invalid","invocations":1,"location":null,"numPassingAsserts":2,"retryReasons":[],"status":"passed","title":"returns 400 when chargeType is invalid"},{"ancestorTitles":["POST /api/anchors/:id/charge"],"duration":4,"failureDetails":[],"failureMessages":[],"fullName":"POST /api/anchors/:id/charge returns 400 when durationSeconds is missing","invocations":1,"location":null,"numPassingAsserts":1,"retryReasons":[],"status":"passed","title":"returns 400 when durationSeconds is missing"},{"ancestorTitles":["POST /api/anchors/:id/charge"],"duration":4,"failureDetails":[],"failureMessages":[],"fullName":"POST /api/anchors/:id/charge returns 404 when anchor not found","invocations":1,"location":null,"numPassingAsserts":1,"retryReasons":[],"status":"passed","title":"returns 404 when anchor not found"},{"ancestorTitles":["POST /api/anchors/:id/activate"],"duration":7,"failureDetails":[],"failureMessages":[],"fullName":"POST /api/anchors/:id/activate records activation and increments activationCount","invocations":1,"location":null,"numPassingAsserts":6,"retryReasons":[],"status":"passed","title":"records activation and increments activationCount"},{"ancestorTitles":["POST /api/anchors/:id/activate"],"duration":5,"failureDetails":[],"failureMessages":[],"fullName":"POST /api/anchors/:id/activate returns 400 when activationType is invalid","invocations":1,"location":null,"numPassingAsserts":1,"retryReasons":[],"status":"passed","title":"returns 400 when activationType is invalid"},{"ancestorTitles":["POST /api/anchors/:id/activate"],"duration":4,"failureDetails":[],"failureMessages":[],"fullName":"POST /api/anchors/:id/activate returns 400 when durationSeconds is zero","invocations":1,"location":null,"numPassingAsserts":1,"retryReasons":[],"status":"passed","title":"returns 400 when durationSeconds is zero"},{"ancestorTitles":["POST /api/anchors/:id/activate"],"duration":6,"failureDetails":[],"failureMessages":[],"fullName":"POST /api/anchors/:id/activate returns 404 when anchor not found","invocations":1,"location":null,"numPassingAsserts":1,"retryReasons":[],"status":"passed","title":"returns 404 when anchor not found"},{"ancestorTitles":["POST /api/anchors/:id/burn"],"duration":6,"failureDetails":[],"failureMessages":[],"fullName":"POST /api/anchors/:id/burn returns 401 when auth middleware does not attach a user","invocations":1,"location":null,"numPassingAsserts":4,"retryReasons":[],"status":"passed","title":"returns 401 when auth middleware does not attach a user"},{"ancestorTitles":["POST /api/anchors/:id/burn"],"duration":4,"failureDetails":[],"failureMessages":[],"fullName":"POST /api/anchors/:id/burn burns anchor atomically and returns { burned: true }","invocations":1,"location":null,"numPassingAsserts":3,"retryReasons":[],"status":"passed","title":"burns anchor atomically and returns { burned: true }"},{"ancestorTitles":["POST /api/anchors/:id/burn"],"duration":5,"failureDetails":[],"failureMessages":[],"fullName":"POST /api/anchors/:id/burn returns 400 when anchor is already archived","invocations":1,"location":null,"numPassingAsserts":2,"retryReasons":[],"status":"passed","title":"returns 400 when anchor is already archived"},{"ancestorTitles":["POST /api/anchors/:id/burn"],"duration":4,"failureDetails":[],"failureMessages":[],"fullName":"POST /api/anchors/:id/burn returns 404 when anchor not found","invocations":1,"location":null,"numPassingAsserts":1,"retryReasons":[],"status":"passed","title":"returns 404 when anchor not found"},{"ancestorTitles":["POST /api/anchors/:id/burn"],"duration":5,"failureDetails":[],"failureMessages":[],"fullName":"POST /api/anchors/:id/burn returns 404 when attempting to burn another user's anchor","invocations":1,"location":null,"numPassingAsserts":4,"retryReasons":[],"status":"passed","title":"returns 404 when attempting to burn another user's anchor"},{"ancestorTitles":["POST /api/anchors/:id/burn"],"duration":4,"failureDetails":[],"failureMessages":[],"fullName":"POST /api/anchors/:id/burn returns 500 when transaction fails","invocations":1,"location":null,"numPassingAsserts":2,"retryReasons":[],"status":"passed","title":"returns 500 when transaction fails"}],"endTime":1779238743900,"message":"","name":"C:\\Users\\dwill\\.gemini\\antigravity\\scratch\\Anchor\\backend\\src\\api\\routes\\__tests__\\anchors.test.ts","startTime":1779238710801,"status":"passed","summary":""}],"wasInterrupted":false}
