{"numFailedTestSuites":9,"numFailedTests":19,"numPassedTestSuites":12,"numPassedTests":284,"numPendingTestSuites":0,"numPendingTests":0,"numRuntimeErrorTestSuites":0,"numTodoTests":0,"numTotalTestSuites":21,"numTotalTests":303,"openHandles":[],"snapshot":{"added":0,"didUpdate":false,"failure":false,"filesAdded":0,"filesRemoved":0,"filesRemovedList":[],"filesUnmatched":0,"filesUpdated":0,"matched":0,"total":0,"unchecked":0,"uncheckedKeysByFile":[],"unmatched":0,"updated":0},"startTime":1770694984134,"success":false,"testResults":[{"assertionResults":[{"ancestorTitles":["BreathingAnimation"],"duration":813,"failureDetails":[],"failureMessages":[],"fullName":"BreathingAnimation renders the breathing animation screen","invocations":1,"location":null,"numPassingAsserts":1,"retryReasons":[],"status":"passed","title":"renders the breathing animation screen"},{"ancestorTitles":["BreathingAnimation"],"duration":52,"failureDetails":[],"failureMessages":[],"fullName":"BreathingAnimation displays initial instruction \"Breathe in...\"","invocations":1,"location":null,"numPassingAsserts":1,"retryReasons":[],"status":"passed","title":"displays initial instruction \"Breathe in...\""},{"ancestorTitles":["BreathingAnimation"],"duration":8,"failureDetails":[],"failureMessages":[],"fullName":"BreathingAnimation displays subtitle text","invocations":1,"location":null,"numPassingAsserts":1,"retryReasons":[],"status":"passed","title":"displays subtitle text"},{"ancestorTitles":["BreathingAnimation"],"duration":1551,"failureDetails":[],"failureMessages":[],"fullName":"BreathingAnimation changes instruction to \"Breathe out...\" after 1.5 seconds","invocations":1,"location":null,"numPassingAsserts":2,"retryReasons":[],"status":"passed","title":"changes instruction to \"Breathe out...\" after 1.5 seconds"},{"ancestorTitles":["BreathingAnimation"],"duration":739,"failureDetails":[{"matcherResult":{"message":"expect(jest.fn()).toHaveBeenCalled()\n\nExpected number of calls: >= 1\nReceived number of calls:    0","pass":false}}],"failureMessages":["Error: expect(jest.fn()).toHaveBeenCalled()\n\nExpected number of calls: >= 1\nReceived number of calls:    0\n    at Object.<anonymous> (C:\\Users\\dwill\\.gemini\\antigravity\\scratch\\Anchor\\anchor\\mobile\\src\\screens\\rituals\\components\\__tests__\\BreathingAnimation.test.tsx:95:18)\n    at Generator.next (<anonymous>)\n    at asyncGeneratorStep (C:\\Users\\dwill\\.gemini\\antigravity\\scratch\\Anchor\\anchor\\mobile\\node_modules\\@babel\\runtime\\helpers\\asyncToGenerator.js:3:17)\n    at _next (C:\\Users\\dwill\\.gemini\\antigravity\\scratch\\Anchor\\anchor\\mobile\\node_modules\\@babel\\runtime\\helpers\\asyncToGenerator.js:17:9)\n    at C:\\Users\\dwill\\.gemini\\antigravity\\scratch\\Anchor\\anchor\\mobile\\node_modules\\@babel\\runtime\\helpers\\asyncToGenerator.js:22:7\n    at new Promise (<anonymous>)\n    at Object.<anonymous> (C:\\Users\\dwill\\.gemini\\antigravity\\scratch\\Anchor\\anchor\\mobile\\node_modules\\@babel\\runtime\\helpers\\asyncToGenerator.js:14:12)\n    at Promise.then.completed (C:\\Users\\dwill\\.gemini\\antigravity\\scratch\\Anchor\\anchor\\mobile\\node_modules\\jest-circus\\build\\utils.js:298:28)\n    at new Promise (<anonymous>)\n    at callAsyncCircusFn (C:\\Users\\dwill\\.gemini\\antigravity\\scratch\\Anchor\\anchor\\mobile\\node_modules\\jest-circus\\build\\utils.js:231:10)\n    at _callCircusTest (C:\\Users\\dwill\\.gemini\\antigravity\\scratch\\Anchor\\anchor\\mobile\\node_modules\\jest-circus\\build\\run.js:316:40)\n    at _runTest (C:\\Users\\dwill\\.gemini\\antigravity\\scratch\\Anchor\\anchor\\mobile\\node_modules\\jest-circus\\build\\run.js:252:3)\n    at _runTestsForDescribeBlock (C:\\Users\\dwill\\.gemini\\antigravity\\scratch\\Anchor\\anchor\\mobile\\node_modules\\jest-circus\\build\\run.js:126:9)\n    at _runTestsForDescribeBlock (C:\\Users\\dwill\\.gemini\\antigravity\\scratch\\Anchor\\anchor\\mobile\\node_modules\\jest-circus\\build\\run.js:121:9)\n    at run (C:\\Users\\dwill\\.gemini\\antigravity\\scratch\\Anchor\\anchor\\mobile\\node_modules\\jest-circus\\build\\run.js:71:3)\n    at runAndTransformResultsToJestFormat (C:\\Users\\dwill\\.gemini\\antigravity\\scratch\\Anchor\\anchor\\mobile\\node_modules\\jest-circus\\build\\legacy-code-todo-rewrite\\jestAdapterInit.js:122:21)\n    at jestAdapter (C:\\Users\\dwill\\.gemini\\antigravity\\scratch\\Anchor\\anchor\\mobile\\node_modules\\jest-circus\\build\\legacy-code-todo-rewrite\\jestAdapter.js:79:19)\n    at runTestInternal (C:\\Users\\dwill\\.gemini\\antigravity\\scratch\\Anchor\\anchor\\mobile\\node_modules\\jest-runner\\build\\runTest.js:367:16)\n    at runTest (C:\\Users\\dwill\\.gemini\\antigravity\\scratch\\Anchor\\anchor\\mobile\\node_modules\\jest-runner\\build\\runTest.js:444:34)"],"fullName":"BreathingAnimation calls onComplete callback after 3 seconds","invocations":1,"location":null,"numPassingAsserts":0,"retryReasons":[],"status":"failed","title":"calls onComplete callback after 3 seconds"},{"ancestorTitles":["BreathingAnimation"],"duration":691,"failureDetails":[],"failureMessages":[],"fullName":"BreathingAnimation navigates back if no onComplete callback provided","invocations":1,"location":null,"numPassingAsserts":1,"retryReasons":[],"status":"passed","title":"navigates back if no onComplete callback provided"},{"ancestorTitles":["BreathingAnimation"],"duration":4,"failureDetails":[],"failureMessages":[],"fullName":"BreathingAnimation renders progress indicator dots","invocations":1,"location":null,"numPassingAsserts":1,"retryReasons":[],"status":"passed","title":"renders progress indicator dots"},{"ancestorTitles":["BreathingAnimation"],"duration":4,"failureDetails":[],"failureMessages":[],"fullName":"BreathingAnimation unmounts cleanly without memory leaks","invocations":1,"location":null,"numPassingAsserts":1,"retryReasons":[],"status":"passed","title":"unmounts cleanly without memory leaks"},{"ancestorTitles":["BreathingAnimation"],"duration":4,"failureDetails":[],"failureMessages":[],"fullName":"BreathingAnimation handles rapid mounting and unmounting","invocations":1,"location":null,"numPassingAsserts":1,"retryReasons":[],"status":"passed","title":"handles rapid mounting and unmounting"},{"ancestorTitles":["BreathingAnimation"],"duration":590,"failureDetails":[{"matcherResult":{"message":"expect(jest.fn()).toHaveBeenCalledTimes(expected)\n\nExpected number of calls: 1\nReceived number of calls: 0","pass":false}}],"failureMessages":["Error: expect(jest.fn()).toHaveBeenCalledTimes(expected)\n\nExpected number of calls: 1\nReceived number of calls: 0\n    at Object.<anonymous> (C:\\Users\\dwill\\.gemini\\antigravity\\scratch\\Anchor\\anchor\\mobile\\src\\screens\\rituals\\components\\__tests__\\BreathingAnimation.test.tsx:156:18)\n    at Generator.next (<anonymous>)\n    at asyncGeneratorStep (C:\\Users\\dwill\\.gemini\\antigravity\\scratch\\Anchor\\anchor\\mobile\\node_modules\\@babel\\runtime\\helpers\\asyncToGenerator.js:3:17)\n    at _next (C:\\Users\\dwill\\.gemini\\antigravity\\scratch\\Anchor\\anchor\\mobile\\node_modules\\@babel\\runtime\\helpers\\asyncToGenerator.js:17:9)\n    at C:\\Users\\dwill\\.gemini\\antigravity\\scratch\\Anchor\\anchor\\mobile\\node_modules\\@babel\\runtime\\helpers\\asyncToGenerator.js:22:7\n    at new Promise (<anonymous>)\n    at Object.<anonymous> (C:\\Users\\dwill\\.gemini\\antigravity\\scratch\\Anchor\\anchor\\mobile\\node_modules\\@babel\\runtime\\helpers\\asyncToGenerator.js:14:12)\n    at Promise.then.completed (C:\\Users\\dwill\\.gemini\\antigravity\\scratch\\Anchor\\anchor\\mobile\\node_modules\\jest-circus\\build\\utils.js:298:28)\n    at new Promise (<anonymous>)\n    at callAsyncCircusFn (C:\\Users\\dwill\\.gemini\\antigravity\\scratch\\Anchor\\anchor\\mobile\\node_modules\\jest-circus\\build\\utils.js:231:10)\n    at _callCircusTest (C:\\Users\\dwill\\.gemini\\antigravity\\scratch\\Anchor\\anchor\\mobile\\node_modules\\jest-circus\\build\\run.js:316:40)\n    at _runTest (C:\\Users\\dwill\\.gemini\\antigravity\\scratch\\Anchor\\anchor\\mobile\\node_modules\\jest-circus\\build\\run.js:252:3)\n    at _runTestsForDescribeBlock (C:\\Users\\dwill\\.gemini\\antigravity\\scratch\\Anchor\\anchor\\mobile\\node_modules\\jest-circus\\build\\run.js:126:9)\n    at _runTestsForDescribeBlock (C:\\Users\\dwill\\.gemini\\antigravity\\scratch\\Anchor\\anchor\\mobile\\node_modules\\jest-circus\\build\\run.js:121:9)\n    at run (C:\\Users\\dwill\\.gemini\\antigravity\\scratch\\Anchor\\anchor\\mobile\\node_modules\\jest-circus\\build\\run.js:71:3)\n    at runAndTransformResultsToJestFormat (C:\\Users\\dwill\\.gemini\\antigravity\\scratch\\Anchor\\anchor\\mobile\\node_modules\\jest-circus\\build\\legacy-code-todo-rewrite\\jestAdapterInit.js:122:21)\n    at jestAdapter (C:\\Users\\dwill\\.gemini\\antigravity\\scratch\\Anchor\\anchor\\mobile\\node_modules\\jest-circus\\build\\legacy-code-todo-rewrite\\jestAdapter.js:79:19)\n    at runTestInternal (C:\\Users\\dwill\\.gemini\\antigravity\\scratch\\Anchor\\anchor\\mobile\\node_modules\\jest-runner\\build\\runTest.js:367:16)\n    at runTest (C:\\Users\\dwill\\.gemini\\antigravity\\scratch\\Anchor\\anchor\\mobile\\node_modules\\jest-runner\\build\\runTest.js:444:34)"],"fullName":"BreathingAnimation only triggers animation sequence once on mount","invocations":1,"location":null,"numPassingAsserts":0,"retryReasons":[],"status":"failed","title":"only triggers animation sequence once on mount"}],"endTime":1770694990592,"message":"  ● BreathingAnimation › calls onComplete callback after 3 seconds\n\n    expect(jest.fn()).toHaveBeenCalled()\n\n    Expected number of calls: >= 1\n    Received number of calls:    0\n\n    \u001b[0m \u001b[90m 93 |\u001b[39m     jest\u001b[33m.\u001b[39madvanceTimersByTime(\u001b[35m3000\u001b[39m)\u001b[33m;\u001b[39m\n     \u001b[90m 94 |\u001b[39m\n    \u001b[31m\u001b[1m>\u001b[22m\u001b[39m\u001b[90m 95 |\u001b[39m     \u001b[36mawait\u001b[39m waitFor(() \u001b[33m=>\u001b[39m {\n     \u001b[90m    |\u001b[39m                  \u001b[31m\u001b[1m^\u001b[22m\u001b[39m\n     \u001b[90m 96 |\u001b[39m       expect(mockOnComplete)\u001b[33m.\u001b[39mtoHaveBeenCalled()\u001b[33m;\u001b[39m\n     \u001b[90m 97 |\u001b[39m     })\u001b[33m;\u001b[39m\n     \u001b[90m 98 |\u001b[39m\u001b[0m\n\n      at Object.<anonymous> (src/screens/rituals/components/__tests__/BreathingAnimation.test.tsx:95:18)\n      at asyncGeneratorStep (node_modules/@babel/runtime/helpers/asyncToGenerator.js:3:17)\n      at _next (node_modules/@babel/runtime/helpers/asyncToGenerator.js:17:9)\n      at node_modules/@babel/runtime/helpers/asyncToGenerator.js:22:7\n      at Object.<anonymous> (node_modules/@babel/runtime/helpers/asyncToGenerator.js:14:12)\n\n  ● BreathingAnimation › only triggers animation sequence once on mount\n\n    expect(jest.fn()).toHaveBeenCalledTimes(expected)\n\n    Expected number of calls: 1\n    Received number of calls: 0\n\n    \u001b[0m \u001b[90m 154 |\u001b[39m     jest\u001b[33m.\u001b[39madvanceTimersByTime(\u001b[35m3000\u001b[39m)\u001b[33m;\u001b[39m\n     \u001b[90m 155 |\u001b[39m\n    \u001b[31m\u001b[1m>\u001b[22m\u001b[39m\u001b[90m 156 |\u001b[39m     \u001b[36mawait\u001b[39m waitFor(() \u001b[33m=>\u001b[39m {\n     \u001b[90m     |\u001b[39m                  \u001b[31m\u001b[1m^\u001b[22m\u001b[39m\n     \u001b[90m 157 |\u001b[39m       expect(mockOnComplete)\u001b[33m.\u001b[39mtoHaveBeenCalledTimes(\u001b[35m1\u001b[39m)\u001b[33m;\u001b[39m\n     \u001b[90m 158 |\u001b[39m     })\u001b[33m;\u001b[39m\n     \u001b[90m 159 |\u001b[39m\u001b[0m\n\n      at Object.<anonymous> (src/screens/rituals/components/__tests__/BreathingAnimation.test.tsx:156:18)\n      at asyncGeneratorStep (node_modules/@babel/runtime/helpers/asyncToGenerator.js:3:17)\n      at _next (node_modules/@babel/runtime/helpers/asyncToGenerator.js:17:9)\n      at node_modules/@babel/runtime/helpers/asyncToGenerator.js:22:7\n      at Object.<anonymous> (node_modules/@babel/runtime/helpers/asyncToGenerator.js:14:12)\n","name":"C:\\Users\\dwill\\.gemini\\antigravity\\scratch\\Anchor\\anchor\\mobile\\src\\screens\\rituals\\components\\__tests__\\BreathingAnimation.test.tsx","startTime":1770694984226,"status":"failed","summary":""},{"assertionResults":[{"ancestorTitles":["Toast Component"],"duration":133,"failureDetails":[],"failureMessages":[],"fullName":"Toast Component should render with message","invocations":1,"location":null,"numPassingAsserts":1,"retryReasons":[],"status":"passed","title":"should render with message"},{"ancestorTitles":["Toast Component"],"duration":5,"failureDetails":[],"failureMessages":[],"fullName":"Toast Component should render success type with correct icon","invocations":1,"location":null,"numPassingAsserts":1,"retryReasons":[],"status":"passed","title":"should render success type with correct icon"},{"ancestorTitles":["Toast Component"],"duration":4,"failureDetails":[],"failureMessages":[],"fullName":"Toast Component should render error type with correct icon","invocations":1,"location":null,"numPassingAsserts":1,"retryReasons":[],"status":"passed","title":"should render error type with correct icon"},{"ancestorTitles":["Toast Component"],"duration":5,"failureDetails":[],"failureMessages":[],"fullName":"Toast Component should render warning type with correct icon","invocations":1,"location":null,"numPassingAsserts":1,"retryReasons":[],"status":"passed","title":"should render warning type with correct icon"},{"ancestorTitles":["Toast Component"],"duration":6,"failureDetails":[],"failureMessages":[],"fullName":"Toast Component should render info type with correct icon","invocations":1,"location":null,"numPassingAsserts":1,"retryReasons":[],"status":"passed","title":"should render info type with correct icon"},{"ancestorTitles":["Toast Component"],"duration":5,"failureDetails":[],"failureMessages":[],"fullName":"Toast Component should trigger haptic feedback for success","invocations":1,"location":null,"numPassingAsserts":1,"retryReasons":[],"status":"passed","title":"should trigger haptic feedback for success"},{"ancestorTitles":["Toast Component"],"duration":8,"failureDetails":[],"failureMessages":[],"fullName":"Toast Component should trigger haptic feedback for error","invocations":1,"location":null,"numPassingAsserts":1,"retryReasons":[],"status":"passed","title":"should trigger haptic feedback for error"},{"ancestorTitles":["Toast Component"],"duration":4,"failureDetails":[],"failureMessages":[],"fullName":"Toast Component should trigger impact haptic for info","invocations":1,"location":null,"numPassingAsserts":1,"retryReasons":[],"status":"passed","title":"should trigger impact haptic for info"},{"ancestorTitles":["Toast Component"],"duration":252,"failureDetails":[],"failureMessages":[],"fullName":"Toast Component should call onDismiss when pressed","invocations":1,"location":null,"numPassingAsserts":1,"retryReasons":[],"status":"passed","title":"should call onDismiss when pressed"},{"ancestorTitles":["Toast Component"],"duration":5,"failureDetails":[],"failureMessages":[],"fullName":"Toast Component should have proper accessibility label","invocations":1,"location":null,"numPassingAsserts":1,"retryReasons":[],"status":"passed","title":"should have proper accessibility label"},{"ancestorTitles":["Toast Component"],"duration":5,"failureDetails":[],"failureMessages":[],"fullName":"Toast Component should have accessibility live region","invocations":1,"location":null,"numPassingAsserts":1,"retryReasons":[],"status":"passed","title":"should have accessibility live region"},{"ancestorTitles":["Toast Component"],"duration":217,"failureDetails":[{"matcherResult":{"message":"expect(jest.fn()).toHaveBeenCalled()\n\nExpected number of calls: >= 1\nReceived number of calls:    0","pass":false}}],"failureMessages":["Error: expect(jest.fn()).toHaveBeenCalled()\n\nExpected number of calls: >= 1\nReceived number of calls:    0\n    at Object.<anonymous> (C:\\Users\\dwill\\.gemini\\antigravity\\scratch\\Anchor\\anchor\\mobile\\src\\components\\__tests__\\Toast.test.tsx:100:18)\n    at Generator.next (<anonymous>)\n    at asyncGeneratorStep (C:\\Users\\dwill\\.gemini\\antigravity\\scratch\\Anchor\\anchor\\mobile\\node_modules\\@babel\\runtime\\helpers\\asyncToGenerator.js:3:17)\n    at _next (C:\\Users\\dwill\\.gemini\\antigravity\\scratch\\Anchor\\anchor\\mobile\\node_modules\\@babel\\runtime\\helpers\\asyncToGenerator.js:17:9)\n    at C:\\Users\\dwill\\.gemini\\antigravity\\scratch\\Anchor\\anchor\\mobile\\node_modules\\@babel\\runtime\\helpers\\asyncToGenerator.js:22:7\n    at new Promise (<anonymous>)\n    at Object.<anonymous> (C:\\Users\\dwill\\.gemini\\antigravity\\scratch\\Anchor\\anchor\\mobile\\node_modules\\@babel\\runtime\\helpers\\asyncToGenerator.js:14:12)\n    at Promise.then.completed (C:\\Users\\dwill\\.gemini\\antigravity\\scratch\\Anchor\\anchor\\mobile\\node_modules\\jest-circus\\build\\utils.js:298:28)\n    at new Promise (<anonymous>)\n    at callAsyncCircusFn (C:\\Users\\dwill\\.gemini\\antigravity\\scratch\\Anchor\\anchor\\mobile\\node_modules\\jest-circus\\build\\utils.js:231:10)\n    at _callCircusTest (C:\\Users\\dwill\\.gemini\\antigravity\\scratch\\Anchor\\anchor\\mobile\\node_modules\\jest-circus\\build\\run.js:316:40)\n    at runNextTicks (node:internal/process/task_queues:60:5)\n    at processImmediate (node:internal/timers:454:9)\n    at _runTest (C:\\Users\\dwill\\.gemini\\antigravity\\scratch\\Anchor\\anchor\\mobile\\node_modules\\jest-circus\\build\\run.js:252:3)\n    at _runTestsForDescribeBlock (C:\\Users\\dwill\\.gemini\\antigravity\\scratch\\Anchor\\anchor\\mobile\\node_modules\\jest-circus\\build\\run.js:126:9)\n    at _runTestsForDescribeBlock (C:\\Users\\dwill\\.gemini\\antigravity\\scratch\\Anchor\\anchor\\mobile\\node_modules\\jest-circus\\build\\run.js:121:9)\n    at run (C:\\Users\\dwill\\.gemini\\antigravity\\scratch\\Anchor\\anchor\\mobile\\node_modules\\jest-circus\\build\\run.js:71:3)\n    at runAndTransformResultsToJestFormat (C:\\Users\\dwill\\.gemini\\antigravity\\scratch\\Anchor\\anchor\\mobile\\node_modules\\jest-circus\\build\\legacy-code-todo-rewrite\\jestAdapterInit.js:122:21)\n    at jestAdapter (C:\\Users\\dwill\\.gemini\\antigravity\\scratch\\Anchor\\anchor\\mobile\\node_modules\\jest-circus\\build\\legacy-code-todo-rewrite\\jestAdapter.js:79:19)\n    at runTestInternal (C:\\Users\\dwill\\.gemini\\antigravity\\scratch\\Anchor\\anchor\\mobile\\node_modules\\jest-runner\\build\\runTest.js:367:16)\n    at runTest (C:\\Users\\dwill\\.gemini\\antigravity\\scratch\\Anchor\\anchor\\mobile\\node_modules\\jest-runner\\build\\runTest.js:444:34)"],"fullName":"Toast Component should auto-dismiss after duration","invocations":1,"location":null,"numPassingAsserts":0,"retryReasons":[],"status":"failed","title":"should auto-dismiss after duration"},{"ancestorTitles":["Toast Component"],"duration":4,"failureDetails":[],"failureMessages":[],"fullName":"Toast Component should truncate long messages to 3 lines","invocations":1,"location":null,"numPassingAsserts":1,"retryReasons":[],"status":"passed","title":"should truncate long messages to 3 lines"}],"endTime":1770694991526,"message":"  ● Toast Component › should auto-dismiss after duration\n\n    expect(jest.fn()).toHaveBeenCalled()\n\n    Expected number of calls: >= 1\n    Received number of calls:    0\n\n    \u001b[0m \u001b[90m  98 |\u001b[39m     render(\u001b[33m<\u001b[39m\u001b[33mToast\u001b[39m message\u001b[33m=\u001b[39m\u001b[32m\"Test\"\u001b[39m duration\u001b[33m=\u001b[39m{\u001b[35m100\u001b[39m} onDismiss\u001b[33m=\u001b[39m{onDismiss} \u001b[33m/\u001b[39m\u001b[33m>\u001b[39m)\u001b[33m;\u001b[39m\n     \u001b[90m  99 |\u001b[39m\n    \u001b[31m\u001b[1m>\u001b[22m\u001b[39m\u001b[90m 100 |\u001b[39m     \u001b[36mawait\u001b[39m waitFor(() \u001b[33m=>\u001b[39m {\n     \u001b[90m     |\u001b[39m                  \u001b[31m\u001b[1m^\u001b[22m\u001b[39m\n     \u001b[90m 101 |\u001b[39m       expect(onDismiss)\u001b[33m.\u001b[39mtoHaveBeenCalled()\u001b[33m;\u001b[39m\n     \u001b[90m 102 |\u001b[39m     }\u001b[33m,\u001b[39m { timeout\u001b[33m:\u001b[39m \u001b[35m200\u001b[39m })\u001b[33m;\u001b[39m\n     \u001b[90m 103 |\u001b[39m   })\u001b[33m;\u001b[39m\u001b[0m\n\n      at Object.<anonymous> (src/components/__tests__/Toast.test.tsx:100:18)\n      at asyncGeneratorStep (node_modules/@babel/runtime/helpers/asyncToGenerator.js:3:17)\n      at _next (node_modules/@babel/runtime/helpers/asyncToGenerator.js:17:9)\n      at node_modules/@babel/runtime/helpers/asyncToGenerator.js:22:7\n      at Object.<anonymous> (node_modules/@babel/runtime/helpers/asyncToGenerator.js:14:12)\n","name":"C:\\Users\\dwill\\.gemini\\antigravity\\scratch\\Anchor\\anchor\\mobile\\src\\components\\__tests__\\Toast.test.tsx","startTime":1770694990620,"status":"failed","summary":""},{"assertionResults":[{"ancestorTitles":["ToastProvider","Context Availability"],"duration":121,"failureDetails":[],"failureMessages":[],"fullName":"ToastProvider Context Availability should throw error when useToast is used outside ToastProvider","invocations":1,"location":null,"numPassingAsserts":1,"retryReasons":[],"status":"passed","title":"should throw error when useToast is used outside ToastProvider"},{"ancestorTitles":["ToastProvider","Context Availability"],"duration":3,"failureDetails":[],"failureMessages":[],"fullName":"ToastProvider Context Availability should provide toast context to children","invocations":1,"location":null,"numPassingAsserts":6,"retryReasons":[],"status":"passed","title":"should provide toast context to children"},{"ancestorTitles":["ToastProvider","Toast Display"],"duration":4,"failureDetails":[],"failureMessages":[],"fullName":"ToastProvider Toast Display should display toast with showToast","invocations":1,"location":null,"numPassingAsserts":1,"retryReasons":[],"status":"passed","title":"should display toast with showToast"},{"ancestorTitles":["ToastProvider","Toast Display"],"duration":2,"failureDetails":[],"failureMessages":[],"fullName":"ToastProvider Toast Display should display success toast","invocations":1,"location":null,"numPassingAsserts":2,"retryReasons":[],"status":"passed","title":"should display success toast"},{"ancestorTitles":["ToastProvider","Toast Display"],"duration":2,"failureDetails":[],"failureMessages":[],"fullName":"ToastProvider Toast Display should display error toast","invocations":1,"location":null,"numPassingAsserts":2,"retryReasons":[],"status":"passed","title":"should display error toast"},{"ancestorTitles":["ToastProvider","Toast Display"],"duration":2,"failureDetails":[],"failureMessages":[],"fullName":"ToastProvider Toast Display should display info toast","invocations":1,"location":null,"numPassingAsserts":2,"retryReasons":[],"status":"passed","title":"should display info toast"},{"ancestorTitles":["ToastProvider","Toast Display"],"duration":3,"failureDetails":[],"failureMessages":[],"fullName":"ToastProvider Toast Display should display warning toast","invocations":1,"location":null,"numPassingAsserts":2,"retryReasons":[],"status":"passed","title":"should display warning toast"},{"ancestorTitles":["ToastProvider","Toast Queue Management"],"duration":11,"failureDetails":[],"failureMessages":[],"fullName":"ToastProvider Toast Queue Management should display multiple toasts at once","invocations":1,"location":null,"numPassingAsserts":3,"retryReasons":[],"status":"passed","title":"should display multiple toasts at once"},{"ancestorTitles":["ToastProvider","Toast Queue Management"],"duration":4,"failureDetails":[],"failureMessages":[],"fullName":"ToastProvider Toast Queue Management should stack toasts vertically","invocations":1,"location":null,"numPassingAsserts":1,"retryReasons":[],"status":"passed","title":"should stack toasts vertically"},{"ancestorTitles":["ToastProvider","Auto-dismiss"],"duration":3,"failureDetails":[],"failureMessages":[],"fullName":"ToastProvider Auto-dismiss should auto-dismiss toast after default duration","invocations":1,"location":null,"numPassingAsserts":2,"retryReasons":[],"status":"passed","title":"should auto-dismiss toast after default duration"},{"ancestorTitles":["ToastProvider","Auto-dismiss"],"duration":2,"failureDetails":[],"failureMessages":[],"fullName":"ToastProvider Auto-dismiss should auto-dismiss toast after custom duration","invocations":1,"location":null,"numPassingAsserts":2,"retryReasons":[],"status":"passed","title":"should auto-dismiss toast after custom duration"},{"ancestorTitles":["ToastProvider","Auto-dismiss"],"duration":4,"failureDetails":[],"failureMessages":[],"fullName":"ToastProvider Auto-dismiss should use custom duration for success toast","invocations":1,"location":null,"numPassingAsserts":2,"retryReasons":[],"status":"passed","title":"should use custom duration for success toast"},{"ancestorTitles":["ToastProvider","Auto-dismiss"],"duration":11,"failureDetails":[{}],"failureMessages":["Error: Unable to find an element with text: Second\n\n[\n  \u001b[36m<Text>\u001b[39m\n    \u001b[0mTest Component\u001b[0m\n  \u001b[36m</Text>\u001b[39m,\n  \u001b[36m<View />\u001b[39m,\n]\n    at Object.<anonymous> (C:\\Users\\dwill\\.gemini\\antigravity\\scratch\\Anchor\\anchor\\mobile\\src\\components\\__tests__\\ToastProvider.test.tsx:299:20)\n    at Generator.next (<anonymous>)\n    at asyncGeneratorStep (C:\\Users\\dwill\\.gemini\\antigravity\\scratch\\Anchor\\anchor\\mobile\\node_modules\\@babel\\runtime\\helpers\\asyncToGenerator.js:3:17)\n    at _next (C:\\Users\\dwill\\.gemini\\antigravity\\scratch\\Anchor\\anchor\\mobile\\node_modules\\@babel\\runtime\\helpers\\asyncToGenerator.js:17:9)\n    at C:\\Users\\dwill\\.gemini\\antigravity\\scratch\\Anchor\\anchor\\mobile\\node_modules\\@babel\\runtime\\helpers\\asyncToGenerator.js:22:7\n    at new Promise (<anonymous>)\n    at Object.<anonymous> (C:\\Users\\dwill\\.gemini\\antigravity\\scratch\\Anchor\\anchor\\mobile\\node_modules\\@babel\\runtime\\helpers\\asyncToGenerator.js:14:12)\n    at Promise.then.completed (C:\\Users\\dwill\\.gemini\\antigravity\\scratch\\Anchor\\anchor\\mobile\\node_modules\\jest-circus\\build\\utils.js:298:28)\n    at new Promise (<anonymous>)\n    at callAsyncCircusFn (C:\\Users\\dwill\\.gemini\\antigravity\\scratch\\Anchor\\anchor\\mobile\\node_modules\\jest-circus\\build\\utils.js:231:10)\n    at _callCircusTest (C:\\Users\\dwill\\.gemini\\antigravity\\scratch\\Anchor\\anchor\\mobile\\node_modules\\jest-circus\\build\\run.js:316:40)\n    at _runTest (C:\\Users\\dwill\\.gemini\\antigravity\\scratch\\Anchor\\anchor\\mobile\\node_modules\\jest-circus\\build\\run.js:252:3)\n    at _runTestsForDescribeBlock (C:\\Users\\dwill\\.gemini\\antigravity\\scratch\\Anchor\\anchor\\mobile\\node_modules\\jest-circus\\build\\run.js:126:9)\n    at _runTestsForDescribeBlock (C:\\Users\\dwill\\.gemini\\antigravity\\scratch\\Anchor\\anchor\\mobile\\node_modules\\jest-circus\\build\\run.js:121:9)\n    at _runTestsForDescribeBlock (C:\\Users\\dwill\\.gemini\\antigravity\\scratch\\Anchor\\anchor\\mobile\\node_modules\\jest-circus\\build\\run.js:121:9)\n    at run (C:\\Users\\dwill\\.gemini\\antigravity\\scratch\\Anchor\\anchor\\mobile\\node_modules\\jest-circus\\build\\run.js:71:3)\n    at runAndTransformResultsToJestFormat (C:\\Users\\dwill\\.gemini\\antigravity\\scratch\\Anchor\\anchor\\mobile\\node_modules\\jest-circus\\build\\legacy-code-todo-rewrite\\jestAdapterInit.js:122:21)\n    at jestAdapter (C:\\Users\\dwill\\.gemini\\antigravity\\scratch\\Anchor\\anchor\\mobile\\node_modules\\jest-circus\\build\\legacy-code-todo-rewrite\\jestAdapter.js:79:19)\n    at runTestInternal (C:\\Users\\dwill\\.gemini\\antigravity\\scratch\\Anchor\\anchor\\mobile\\node_modules\\jest-runner\\build\\runTest.js:367:16)\n    at runTest (C:\\Users\\dwill\\.gemini\\antigravity\\scratch\\Anchor\\anchor\\mobile\\node_modules\\jest-runner\\build\\runTest.js:444:34)"],"fullName":"ToastProvider Auto-dismiss should dismiss multiple toasts independently","invocations":1,"location":null,"numPassingAsserts":23,"retryReasons":[],"status":"failed","title":"should dismiss multiple toasts independently"},{"ancestorTitles":["ToastProvider","Toast Types"],"duration":2,"failureDetails":[],"failureMessages":[],"fullName":"ToastProvider Toast Types should default to info type when type is not specified","invocations":1,"location":null,"numPassingAsserts":1,"retryReasons":[],"status":"passed","title":"should default to info type when type is not specified"},{"ancestorTitles":["ToastProvider","Toast Types"],"duration":3,"failureDetails":[],"failureMessages":[],"fullName":"ToastProvider Toast Types should default to 3000ms duration when not specified","invocations":1,"location":null,"numPassingAsserts":3,"retryReasons":[],"status":"passed","title":"should default to 3000ms duration when not specified"},{"ancestorTitles":["ToastProvider","Toast Rendering"],"duration":2,"failureDetails":[],"failureMessages":[],"fullName":"ToastProvider Toast Rendering should render children components","invocations":1,"location":null,"numPassingAsserts":1,"retryReasons":[],"status":"passed","title":"should render children components"},{"ancestorTitles":["ToastProvider","Toast Rendering"],"duration":4,"failureDetails":[],"failureMessages":[],"fullName":"ToastProvider Toast Rendering should render toasts above children","invocations":1,"location":null,"numPassingAsserts":3,"retryReasons":[],"status":"passed","title":"should render toasts above children"},{"ancestorTitles":["ToastProvider","Helper Methods"],"duration":3,"failureDetails":[],"failureMessages":[],"fullName":"ToastProvider Helper Methods should call showToast with success type","invocations":1,"location":null,"numPassingAsserts":1,"retryReasons":[],"status":"passed","title":"should call showToast with success type"},{"ancestorTitles":["ToastProvider","Helper Methods"],"duration":5,"failureDetails":[],"failureMessages":[],"fullName":"ToastProvider Helper Methods should call showToast with error type","invocations":1,"location":null,"numPassingAsserts":1,"retryReasons":[],"status":"passed","title":"should call showToast with error type"},{"ancestorTitles":["ToastProvider","Helper Methods"],"duration":2,"failureDetails":[],"failureMessages":[],"fullName":"ToastProvider Helper Methods should call showToast with info type","invocations":1,"location":null,"numPassingAsserts":1,"retryReasons":[],"status":"passed","title":"should call showToast with info type"},{"ancestorTitles":["ToastProvider","Helper Methods"],"duration":2,"failureDetails":[],"failureMessages":[],"fullName":"ToastProvider Helper Methods should call showToast with warning type","invocations":1,"location":null,"numPassingAsserts":1,"retryReasons":[],"status":"passed","title":"should call showToast with warning type"},{"ancestorTitles":["ToastProvider","Edge Cases"],"duration":2,"failureDetails":[],"failureMessages":[],"fullName":"ToastProvider Edge Cases should handle empty message","invocations":1,"location":null,"numPassingAsserts":1,"retryReasons":[],"status":"passed","title":"should handle empty message"},{"ancestorTitles":["ToastProvider","Edge Cases"],"duration":2,"failureDetails":[],"failureMessages":[],"fullName":"ToastProvider Edge Cases should handle very long messages","invocations":1,"location":null,"numPassingAsserts":1,"retryReasons":[],"status":"passed","title":"should handle very long messages"},{"ancestorTitles":["ToastProvider","Edge Cases"],"duration":4,"failureDetails":[],"failureMessages":[],"fullName":"ToastProvider Edge Cases should handle rapid toast creation","invocations":1,"location":null,"numPassingAsserts":1,"retryReasons":[],"status":"passed","title":"should handle rapid toast creation"},{"ancestorTitles":["ToastProvider","Edge Cases"],"duration":4,"failureDetails":[],"failureMessages":[],"fullName":"ToastProvider Edge Cases should handle mixed toast types","invocations":1,"location":null,"numPassingAsserts":4,"retryReasons":[],"status":"passed","title":"should handle mixed toast types"}],"endTime":1770694991972,"message":"  ● ToastProvider › Auto-dismiss › should dismiss multiple toasts independently\n\n    Unable to find an element with text: Second\n\n    [\n      \u001b[36m<Text>\u001b[39m\n        \u001b[0mTest Component\u001b[0m\n      \u001b[36m</Text>\u001b[39m,\n      \u001b[36m<View />\u001b[39m,\n    ]\n\n    \u001b[0m \u001b[90m 297 |\u001b[39m       })\u001b[33m;\u001b[39m\n     \u001b[90m 298 |\u001b[39m\n    \u001b[31m\u001b[1m>\u001b[22m\u001b[39m\u001b[90m 299 |\u001b[39m       \u001b[36mawait\u001b[39m waitFor(() \u001b[33m=>\u001b[39m {\n     \u001b[90m     |\u001b[39m                    \u001b[31m\u001b[1m^\u001b[22m\u001b[39m\n     \u001b[90m 300 |\u001b[39m         expect(queryByText(\u001b[32m'First'\u001b[39m))\u001b[33m.\u001b[39mtoBeNull()\u001b[33m;\u001b[39m\n     \u001b[90m 301 |\u001b[39m         expect(getByText(\u001b[32m'Second'\u001b[39m))\u001b[33m.\u001b[39mtoBeTruthy()\u001b[33m;\u001b[39m\n     \u001b[90m 302 |\u001b[39m       })\u001b[33m;\u001b[39m\u001b[0m\n\n      at Object.<anonymous> (src/components/__tests__/ToastProvider.test.tsx:299:20)\n      at asyncGeneratorStep (node_modules/@babel/runtime/helpers/asyncToGenerator.js:3:17)\n      at _next (node_modules/@babel/runtime/helpers/asyncToGenerator.js:17:9)\n      at node_modules/@babel/runtime/helpers/asyncToGenerator.js:22:7\n      at Object.<anonymous> (node_modules/@babel/runtime/helpers/asyncToGenerator.js:14:12)\n","name":"C:\\Users\\dwill\\.gemini\\antigravity\\scratch\\Anchor\\anchor\\mobile\\src\\components\\__tests__\\ToastProvider.test.tsx","startTime":1770694991546,"status":"failed","summary":""},{"assertionResults":[{"ancestorTitles":["ConfirmBurnScreen"],"duration":48,"failureDetails":[],"failureMessages":[],"fullName":"ConfirmBurnScreen should render the redesigned title","invocations":1,"location":null,"numPassingAsserts":1,"retryReasons":[],"status":"passed","title":"should render the redesigned title"},{"ancestorTitles":["ConfirmBurnScreen"],"duration":9,"failureDetails":[],"failureMessages":[],"fullName":"ConfirmBurnScreen should render ritual explanation card","invocations":1,"location":null,"numPassingAsserts":2,"retryReasons":[],"status":"passed","title":"should render ritual explanation card"},{"ancestorTitles":["ConfirmBurnScreen"],"duration":8,"failureDetails":[{}],"failureMessages":["Error: Unable to find an element with text: \"I am confident\"\n\n\u001b[36m<SafeAreaView>\u001b[39m\n  \u001b[36m<View\u001b[39m\n    \u001b[33mstyle\u001b[39m=\u001b[32m{\n      {\n        \"opacity\": 0,\n      }\n    }\u001b[39m\n  \u001b[36m>\u001b[39m\n    \u001b[36m<RCTScrollView>\u001b[39m\n      \u001b[36m<View>\u001b[39m\n        \u001b[36m<Text>\u001b[39m\n          \u001b[0mComplete & Release\u001b[0m\n        \u001b[36m</Text>\u001b[39m\n        \u001b[36m<View>\u001b[39m\n          \u001b[36m<SvgXml />\u001b[39m\n        \u001b[36m</View>\u001b[39m\n        \u001b[36m<Text>\u001b[39m\n          \u001b[0m“\u001b[0m\n          \u001b[0mI am confident\u001b[0m\n          \u001b[0m”\u001b[0m\n        \u001b[36m</Text>\u001b[39m\n        \u001b[36m<View>\u001b[39m\n          \u001b[36m<BlurView>\u001b[39m\n            \u001b[36m<View>\u001b[39m\n              \u001b[36m<Text>\u001b[39m\n                \u001b[0mWhy release?\u001b[0m\n              \u001b[36m</Text>\u001b[39m\n              \u001b[36m<Text>\u001b[39m\n                \u001b[0mIn chaos magick, performing a final ritual of release after completion allows your unconscious to fully integrate the work. By letting go, you free the energy to sustain your intention in reality.\u001b[0m\n              \u001b[36m</Text>\u001b[39m\n            \u001b[36m</View>\u001b[39m\n          \u001b[36m</BlurView>\u001b[39m\n        \u001b[36m</View>\u001b[39m\n        \u001b[36m<View>\u001b[39m\n          \u001b[36m<Text>\u001b[39m\n            \u001b[0mHas this anchor fulfilled its role?\u001b[0m\n          \u001b[36m</Text>\u001b[39m\n        \u001b[36m</View>\u001b[39m\n      \u001b[36m</View>\u001b[39m\n    \u001b[36m</RCTScrollView>\u001b[39m\n    \u001b[36m<View>\u001b[39m\n      \u001b[36m<View\u001b[39m\n        \u001b[33maccessible\u001b[39m=\u001b[32m{true}\u001b[39m\n      \u001b[36m>\u001b[39m\n        \u001b[36m<Text>\u001b[39m\n          \u001b[0mRelease Anchor\u001b[0m\n        \u001b[36m</Text>\u001b[39m\n      \u001b[36m</View>\u001b[39m\n    \u001b[36m</View>\u001b[39m\n  \u001b[36m</View>\u001b[39m\n\u001b[36m</SafeAreaView>\u001b[39m\n    at Object.getByText (C:\\Users\\dwill\\.gemini\\antigravity\\scratch\\Anchor\\anchor\\mobile\\src\\screens\\rituals\\__tests__\\ConfirmBurnScreen.test.tsx:63:12)\n    at Promise.then.completed (C:\\Users\\dwill\\.gemini\\antigravity\\scratch\\Anchor\\anchor\\mobile\\node_modules\\jest-circus\\build\\utils.js:298:28)\n    at new Promise (<anonymous>)\n    at callAsyncCircusFn (C:\\Users\\dwill\\.gemini\\antigravity\\scratch\\Anchor\\anchor\\mobile\\node_modules\\jest-circus\\build\\utils.js:231:10)\n    at _callCircusTest (C:\\Users\\dwill\\.gemini\\antigravity\\scratch\\Anchor\\anchor\\mobile\\node_modules\\jest-circus\\build\\run.js:316:40)\n    at _runTest (C:\\Users\\dwill\\.gemini\\antigravity\\scratch\\Anchor\\anchor\\mobile\\node_modules\\jest-circus\\build\\run.js:252:3)\n    at _runTestsForDescribeBlock (C:\\Users\\dwill\\.gemini\\antigravity\\scratch\\Anchor\\anchor\\mobile\\node_modules\\jest-circus\\build\\run.js:126:9)\n    at _runTestsForDescribeBlock (C:\\Users\\dwill\\.gemini\\antigravity\\scratch\\Anchor\\anchor\\mobile\\node_modules\\jest-circus\\build\\run.js:121:9)\n    at run (C:\\Users\\dwill\\.gemini\\antigravity\\scratch\\Anchor\\anchor\\mobile\\node_modules\\jest-circus\\build\\run.js:71:3)\n    at runAndTransformResultsToJestFormat (C:\\Users\\dwill\\.gemini\\antigravity\\scratch\\Anchor\\anchor\\mobile\\node_modules\\jest-circus\\build\\legacy-code-todo-rewrite\\jestAdapterInit.js:122:21)\n    at jestAdapter (C:\\Users\\dwill\\.gemini\\antigravity\\scratch\\Anchor\\anchor\\mobile\\node_modules\\jest-circus\\build\\legacy-code-todo-rewrite\\jestAdapter.js:79:19)\n    at runTestInternal (C:\\Users\\dwill\\.gemini\\antigravity\\scratch\\Anchor\\anchor\\mobile\\node_modules\\jest-runner\\build\\runTest.js:367:16)\n    at runTest (C:\\Users\\dwill\\.gemini\\antigravity\\scratch\\Anchor\\anchor\\mobile\\node_modules\\jest-runner\\build\\runTest.js:444:34)"],"fullName":"ConfirmBurnScreen should display the intention text","invocations":1,"location":null,"numPassingAsserts":0,"retryReasons":[],"status":"failed","title":"should display the intention text"},{"ancestorTitles":["ConfirmBurnScreen"],"duration":9,"failureDetails":[],"failureMessages":[],"fullName":"ConfirmBurnScreen should render Release Anchor button","invocations":1,"location":null,"numPassingAsserts":1,"retryReasons":[],"status":"passed","title":"should render Release Anchor button"},{"ancestorTitles":["ConfirmBurnScreen"],"duration":8,"failureDetails":[{}],"failureMessages":["Error: Unable to find an element with text: Keep Anchor Active\n\n\u001b[36m<SafeAreaView>\u001b[39m\n  \u001b[36m<View\u001b[39m\n    \u001b[33mstyle\u001b[39m=\u001b[32m{\n      {\n        \"opacity\": 0,\n      }\n    }\u001b[39m\n  \u001b[36m>\u001b[39m\n    \u001b[36m<RCTScrollView>\u001b[39m\n      \u001b[36m<View>\u001b[39m\n        \u001b[36m<Text>\u001b[39m\n          \u001b[0mComplete & Release\u001b[0m\n        \u001b[36m</Text>\u001b[39m\n        \u001b[36m<View>\u001b[39m\n          \u001b[36m<SvgXml />\u001b[39m\n        \u001b[36m</View>\u001b[39m\n        \u001b[36m<Text>\u001b[39m\n          \u001b[0m“\u001b[0m\n          \u001b[0mI am confident\u001b[0m\n          \u001b[0m”\u001b[0m\n        \u001b[36m</Text>\u001b[39m\n        \u001b[36m<View>\u001b[39m\n          \u001b[36m<BlurView>\u001b[39m\n            \u001b[36m<View>\u001b[39m\n              \u001b[36m<Text>\u001b[39m\n                \u001b[0mWhy release?\u001b[0m\n              \u001b[36m</Text>\u001b[39m\n              \u001b[36m<Text>\u001b[39m\n                \u001b[0mIn chaos magick, performing a final ritual of release after completion allows your unconscious to fully integrate the work. By letting go, you free the energy to sustain your intention in reality.\u001b[0m\n              \u001b[36m</Text>\u001b[39m\n            \u001b[36m</View>\u001b[39m\n          \u001b[36m</BlurView>\u001b[39m\n        \u001b[36m</View>\u001b[39m\n        \u001b[36m<View>\u001b[39m\n          \u001b[36m<Text>\u001b[39m\n            \u001b[0mHas this anchor fulfilled its role?\u001b[0m\n          \u001b[36m</Text>\u001b[39m\n        \u001b[36m</View>\u001b[39m\n      \u001b[36m</View>\u001b[39m\n    \u001b[36m</RCTScrollView>\u001b[39m\n    \u001b[36m<View>\u001b[39m\n      \u001b[36m<View\u001b[39m\n        \u001b[33maccessible\u001b[39m=\u001b[32m{true}\u001b[39m\n      \u001b[36m>\u001b[39m\n        \u001b[36m<Text>\u001b[39m\n          \u001b[0mRelease Anchor\u001b[0m\n        \u001b[36m</Text>\u001b[39m\n      \u001b[36m</View>\u001b[39m\n    \u001b[36m</View>\u001b[39m\n  \u001b[36m</View>\u001b[39m\n\u001b[36m</SafeAreaView>\u001b[39m\n    at Object.getByText (C:\\Users\\dwill\\.gemini\\antigravity\\scratch\\Anchor\\anchor\\mobile\\src\\screens\\rituals\\__tests__\\ConfirmBurnScreen.test.tsx:73:12)\n    at Promise.then.completed (C:\\Users\\dwill\\.gemini\\antigravity\\scratch\\Anchor\\anchor\\mobile\\node_modules\\jest-circus\\build\\utils.js:298:28)\n    at new Promise (<anonymous>)\n    at callAsyncCircusFn (C:\\Users\\dwill\\.gemini\\antigravity\\scratch\\Anchor\\anchor\\mobile\\node_modules\\jest-circus\\build\\utils.js:231:10)\n    at _callCircusTest (C:\\Users\\dwill\\.gemini\\antigravity\\scratch\\Anchor\\anchor\\mobile\\node_modules\\jest-circus\\build\\run.js:316:40)\n    at _runTest (C:\\Users\\dwill\\.gemini\\antigravity\\scratch\\Anchor\\anchor\\mobile\\node_modules\\jest-circus\\build\\run.js:252:3)\n    at _runTestsForDescribeBlock (C:\\Users\\dwill\\.gemini\\antigravity\\scratch\\Anchor\\anchor\\mobile\\node_modules\\jest-circus\\build\\run.js:126:9)\n    at _runTestsForDescribeBlock (C:\\Users\\dwill\\.gemini\\antigravity\\scratch\\Anchor\\anchor\\mobile\\node_modules\\jest-circus\\build\\run.js:121:9)\n    at run (C:\\Users\\dwill\\.gemini\\antigravity\\scratch\\Anchor\\anchor\\mobile\\node_modules\\jest-circus\\build\\run.js:71:3)\n    at runAndTransformResultsToJestFormat (C:\\Users\\dwill\\.gemini\\antigravity\\scratch\\Anchor\\anchor\\mobile\\node_modules\\jest-circus\\build\\legacy-code-todo-rewrite\\jestAdapterInit.js:122:21)\n    at jestAdapter (C:\\Users\\dwill\\.gemini\\antigravity\\scratch\\Anchor\\anchor\\mobile\\node_modules\\jest-circus\\build\\legacy-code-todo-rewrite\\jestAdapter.js:79:19)\n    at runTestInternal (C:\\Users\\dwill\\.gemini\\antigravity\\scratch\\Anchor\\anchor\\mobile\\node_modules\\jest-runner\\build\\runTest.js:367:16)\n    at runTest (C:\\Users\\dwill\\.gemini\\antigravity\\scratch\\Anchor\\anchor\\mobile\\node_modules\\jest-runner\\build\\runTest.js:444:34)"],"fullName":"ConfirmBurnScreen should render Keep Anchor Active button","invocations":1,"location":null,"numPassingAsserts":0,"retryReasons":[],"status":"failed","title":"should render Keep Anchor Active button"},{"ancestorTitles":["ConfirmBurnScreen"],"duration":21,"failureDetails":[{"matcherResult":{"message":"expect(jest.fn()).toHaveBeenCalledWith(...expected)\n\nExpected: \"BurningRitual\", {\"anchorId\": \"test-anchor-id\", \"intention\": \"I am confident\", \"sigilSvg\": \"<svg></svg>\"}\n\nNumber of calls: 0","pass":false}}],"failureMessages":["Error: expect(jest.fn()).toHaveBeenCalledWith(...expected)\n\nExpected: \"BurningRitual\", {\"anchorId\": \"test-anchor-id\", \"intention\": \"I am confident\", \"sigilSvg\": \"<svg></svg>\"}\n\nNumber of calls: 0\n    at Object.toHaveBeenCalledWith (C:\\Users\\dwill\\.gemini\\antigravity\\scratch\\Anchor\\anchor\\mobile\\src\\screens\\rituals\\__tests__\\ConfirmBurnScreen.test.tsx:82:26)\n    at Promise.then.completed (C:\\Users\\dwill\\.gemini\\antigravity\\scratch\\Anchor\\anchor\\mobile\\node_modules\\jest-circus\\build\\utils.js:298:28)\n    at new Promise (<anonymous>)\n    at callAsyncCircusFn (C:\\Users\\dwill\\.gemini\\antigravity\\scratch\\Anchor\\anchor\\mobile\\node_modules\\jest-circus\\build\\utils.js:231:10)\n    at _callCircusTest (C:\\Users\\dwill\\.gemini\\antigravity\\scratch\\Anchor\\anchor\\mobile\\node_modules\\jest-circus\\build\\run.js:316:40)\n    at _runTest (C:\\Users\\dwill\\.gemini\\antigravity\\scratch\\Anchor\\anchor\\mobile\\node_modules\\jest-circus\\build\\run.js:252:3)\n    at _runTestsForDescribeBlock (C:\\Users\\dwill\\.gemini\\antigravity\\scratch\\Anchor\\anchor\\mobile\\node_modules\\jest-circus\\build\\run.js:126:9)\n    at _runTestsForDescribeBlock (C:\\Users\\dwill\\.gemini\\antigravity\\scratch\\Anchor\\anchor\\mobile\\node_modules\\jest-circus\\build\\run.js:121:9)\n    at run (C:\\Users\\dwill\\.gemini\\antigravity\\scratch\\Anchor\\anchor\\mobile\\node_modules\\jest-circus\\build\\run.js:71:3)\n    at runAndTransformResultsToJestFormat (C:\\Users\\dwill\\.gemini\\antigravity\\scratch\\Anchor\\anchor\\mobile\\node_modules\\jest-circus\\build\\legacy-code-todo-rewrite\\jestAdapterInit.js:122:21)\n    at jestAdapter (C:\\Users\\dwill\\.gemini\\antigravity\\scratch\\Anchor\\anchor\\mobile\\node_modules\\jest-circus\\build\\legacy-code-todo-rewrite\\jestAdapter.js:79:19)\n    at runTestInternal (C:\\Users\\dwill\\.gemini\\antigravity\\scratch\\Anchor\\anchor\\mobile\\node_modules\\jest-runner\\build\\runTest.js:367:16)\n    at runTest (C:\\Users\\dwill\\.gemini\\antigravity\\scratch\\Anchor\\anchor\\mobile\\node_modules\\jest-runner\\build\\runTest.js:444:34)"],"fullName":"ConfirmBurnScreen should navigate to BurningRitual when confirmed","invocations":1,"location":null,"numPassingAsserts":0,"retryReasons":[],"status":"failed","title":"should navigate to BurningRitual when confirmed"},{"ancestorTitles":["ConfirmBurnScreen"],"duration":15,"failureDetails":[{"matcherResult":{"message":"expect(jest.fn()).toHaveBeenCalledWith(...expected)\n\nExpected: \"burn_initiated\", {\"anchor_id\": \"test-anchor-id\", \"source\": \"confirm_burn_screen\"}\n\nNumber of calls: 0","pass":false}}],"failureMessages":["Error: expect(jest.fn()).toHaveBeenCalledWith(...expected)\n\nExpected: \"burn_initiated\", {\"anchor_id\": \"test-anchor-id\", \"source\": \"confirm_burn_screen\"}\n\nNumber of calls: 0\n    at Object.toHaveBeenCalledWith (C:\\Users\\dwill\\.gemini\\antigravity\\scratch\\Anchor\\anchor\\mobile\\src\\screens\\rituals\\__tests__\\ConfirmBurnScreen.test.tsx:95:36)\n    at Promise.then.completed (C:\\Users\\dwill\\.gemini\\antigravity\\scratch\\Anchor\\anchor\\mobile\\node_modules\\jest-circus\\build\\utils.js:298:28)\n    at new Promise (<anonymous>)\n    at callAsyncCircusFn (C:\\Users\\dwill\\.gemini\\antigravity\\scratch\\Anchor\\anchor\\mobile\\node_modules\\jest-circus\\build\\utils.js:231:10)\n    at _callCircusTest (C:\\Users\\dwill\\.gemini\\antigravity\\scratch\\Anchor\\anchor\\mobile\\node_modules\\jest-circus\\build\\run.js:316:40)\n    at _runTest (C:\\Users\\dwill\\.gemini\\antigravity\\scratch\\Anchor\\anchor\\mobile\\node_modules\\jest-circus\\build\\run.js:252:3)\n    at _runTestsForDescribeBlock (C:\\Users\\dwill\\.gemini\\antigravity\\scratch\\Anchor\\anchor\\mobile\\node_modules\\jest-circus\\build\\run.js:126:9)\n    at _runTestsForDescribeBlock (C:\\Users\\dwill\\.gemini\\antigravity\\scratch\\Anchor\\anchor\\mobile\\node_modules\\jest-circus\\build\\run.js:121:9)\n    at run (C:\\Users\\dwill\\.gemini\\antigravity\\scratch\\Anchor\\anchor\\mobile\\node_modules\\jest-circus\\build\\run.js:71:3)\n    at runAndTransformResultsToJestFormat (C:\\Users\\dwill\\.gemini\\antigravity\\scratch\\Anchor\\anchor\\mobile\\node_modules\\jest-circus\\build\\legacy-code-todo-rewrite\\jestAdapterInit.js:122:21)\n    at jestAdapter (C:\\Users\\dwill\\.gemini\\antigravity\\scratch\\Anchor\\anchor\\mobile\\node_modules\\jest-circus\\build\\legacy-code-todo-rewrite\\jestAdapter.js:79:19)\n    at runTestInternal (C:\\Users\\dwill\\.gemini\\antigravity\\scratch\\Anchor\\anchor\\mobile\\node_modules\\jest-runner\\build\\runTest.js:367:16)\n    at runTest (C:\\Users\\dwill\\.gemini\\antigravity\\scratch\\Anchor\\anchor\\mobile\\node_modules\\jest-runner\\build\\runTest.js:444:34)"],"fullName":"ConfirmBurnScreen should track analytics when confirmed","invocations":1,"location":null,"numPassingAsserts":0,"retryReasons":[],"status":"failed","title":"should track analytics when confirmed"},{"ancestorTitles":["ConfirmBurnScreen"],"duration":13,"failureDetails":[{"matcherResult":{"message":"expect(jest.fn()).toHaveBeenCalledWith(...expected)\n\nExpected: \"User confirmed release ritual\", \"navigation\", {\"anchor_id\": \"test-anchor-id\"}\n\nNumber of calls: 0","pass":false}}],"failureMessages":["Error: expect(jest.fn()).toHaveBeenCalledWith(...expected)\n\nExpected: \"User confirmed release ritual\", \"navigation\", {\"anchor_id\": \"test-anchor-id\"}\n\nNumber of calls: 0\n    at Object.toHaveBeenCalledWith (C:\\Users\\dwill\\.gemini\\antigravity\\scratch\\Anchor\\anchor\\mobile\\src\\screens\\rituals\\__tests__\\ConfirmBurnScreen.test.tsx:110:48)\n    at Promise.then.completed (C:\\Users\\dwill\\.gemini\\antigravity\\scratch\\Anchor\\anchor\\mobile\\node_modules\\jest-circus\\build\\utils.js:298:28)\n    at new Promise (<anonymous>)\n    at callAsyncCircusFn (C:\\Users\\dwill\\.gemini\\antigravity\\scratch\\Anchor\\anchor\\mobile\\node_modules\\jest-circus\\build\\utils.js:231:10)\n    at _callCircusTest (C:\\Users\\dwill\\.gemini\\antigravity\\scratch\\Anchor\\anchor\\mobile\\node_modules\\jest-circus\\build\\run.js:316:40)\n    at _runTest (C:\\Users\\dwill\\.gemini\\antigravity\\scratch\\Anchor\\anchor\\mobile\\node_modules\\jest-circus\\build\\run.js:252:3)\n    at _runTestsForDescribeBlock (C:\\Users\\dwill\\.gemini\\antigravity\\scratch\\Anchor\\anchor\\mobile\\node_modules\\jest-circus\\build\\run.js:126:9)\n    at _runTestsForDescribeBlock (C:\\Users\\dwill\\.gemini\\antigravity\\scratch\\Anchor\\anchor\\mobile\\node_modules\\jest-circus\\build\\run.js:121:9)\n    at run (C:\\Users\\dwill\\.gemini\\antigravity\\scratch\\Anchor\\anchor\\mobile\\node_modules\\jest-circus\\build\\run.js:71:3)\n    at runAndTransformResultsToJestFormat (C:\\Users\\dwill\\.gemini\\antigravity\\scratch\\Anchor\\anchor\\mobile\\node_modules\\jest-circus\\build\\legacy-code-todo-rewrite\\jestAdapterInit.js:122:21)\n    at jestAdapter (C:\\Users\\dwill\\.gemini\\antigravity\\scratch\\Anchor\\anchor\\mobile\\node_modules\\jest-circus\\build\\legacy-code-todo-rewrite\\jestAdapter.js:79:19)\n    at runTestInternal (C:\\Users\\dwill\\.gemini\\antigravity\\scratch\\Anchor\\anchor\\mobile\\node_modules\\jest-runner\\build\\runTest.js:367:16)\n    at runTest (C:\\Users\\dwill\\.gemini\\antigravity\\scratch\\Anchor\\anchor\\mobile\\node_modules\\jest-runner\\build\\runTest.js:444:34)"],"fullName":"ConfirmBurnScreen should add breadcrumb when confirmed","invocations":1,"location":null,"numPassingAsserts":0,"retryReasons":[],"status":"failed","title":"should add breadcrumb when confirmed"},{"ancestorTitles":["ConfirmBurnScreen"],"duration":8,"failureDetails":[{}],"failureMessages":["Error: Unable to find an element with text: Keep Anchor Active\n\n\u001b[36m<SafeAreaView>\u001b[39m\n  \u001b[36m<View\u001b[39m\n    \u001b[33mstyle\u001b[39m=\u001b[32m{\n      {\n        \"opacity\": 0,\n      }\n    }\u001b[39m\n  \u001b[36m>\u001b[39m\n    \u001b[36m<RCTScrollView>\u001b[39m\n      \u001b[36m<View>\u001b[39m\n        \u001b[36m<Text>\u001b[39m\n          \u001b[0mComplete & Release\u001b[0m\n        \u001b[36m</Text>\u001b[39m\n        \u001b[36m<View>\u001b[39m\n          \u001b[36m<SvgXml />\u001b[39m\n        \u001b[36m</View>\u001b[39m\n        \u001b[36m<Text>\u001b[39m\n          \u001b[0m“\u001b[0m\n          \u001b[0mI am confident\u001b[0m\n          \u001b[0m”\u001b[0m\n        \u001b[36m</Text>\u001b[39m\n        \u001b[36m<View>\u001b[39m\n          \u001b[36m<BlurView>\u001b[39m\n            \u001b[36m<View>\u001b[39m\n              \u001b[36m<Text>\u001b[39m\n                \u001b[0mWhy release?\u001b[0m\n              \u001b[36m</Text>\u001b[39m\n              \u001b[36m<Text>\u001b[39m\n                \u001b[0mIn chaos magick, performing a final ritual of release after completion allows your unconscious to fully integrate the work. By letting go, you free the energy to sustain your intention in reality.\u001b[0m\n              \u001b[36m</Text>\u001b[39m\n            \u001b[36m</View>\u001b[39m\n          \u001b[36m</BlurView>\u001b[39m\n        \u001b[36m</View>\u001b[39m\n        \u001b[36m<View>\u001b[39m\n          \u001b[36m<Text>\u001b[39m\n            \u001b[0mHas this anchor fulfilled its role?\u001b[0m\n          \u001b[36m</Text>\u001b[39m\n        \u001b[36m</View>\u001b[39m\n      \u001b[36m</View>\u001b[39m\n    \u001b[36m</RCTScrollView>\u001b[39m\n    \u001b[36m<View>\u001b[39m\n      \u001b[36m<View\u001b[39m\n        \u001b[33maccessible\u001b[39m=\u001b[32m{true}\u001b[39m\n      \u001b[36m>\u001b[39m\n        \u001b[36m<Text>\u001b[39m\n          \u001b[0mRelease Anchor\u001b[0m\n        \u001b[36m</Text>\u001b[39m\n      \u001b[36m</View>\u001b[39m\n    \u001b[36m</View>\u001b[39m\n  \u001b[36m</View>\u001b[39m\n\u001b[36m</SafeAreaView>\u001b[39m\n    at Object.getByText (C:\\Users\\dwill\\.gemini\\antigravity\\scratch\\Anchor\\anchor\\mobile\\src\\screens\\rituals\\__tests__\\ConfirmBurnScreen.test.tsx:121:26)\n    at Promise.then.completed (C:\\Users\\dwill\\.gemini\\antigravity\\scratch\\Anchor\\anchor\\mobile\\node_modules\\jest-circus\\build\\utils.js:298:28)\n    at new Promise (<anonymous>)\n    at callAsyncCircusFn (C:\\Users\\dwill\\.gemini\\antigravity\\scratch\\Anchor\\anchor\\mobile\\node_modules\\jest-circus\\build\\utils.js:231:10)\n    at _callCircusTest (C:\\Users\\dwill\\.gemini\\antigravity\\scratch\\Anchor\\anchor\\mobile\\node_modules\\jest-circus\\build\\run.js:316:40)\n    at _runTest (C:\\Users\\dwill\\.gemini\\antigravity\\scratch\\Anchor\\anchor\\mobile\\node_modules\\jest-circus\\build\\run.js:252:3)\n    at _runTestsForDescribeBlock (C:\\Users\\dwill\\.gemini\\antigravity\\scratch\\Anchor\\anchor\\mobile\\node_modules\\jest-circus\\build\\run.js:126:9)\n    at _runTestsForDescribeBlock (C:\\Users\\dwill\\.gemini\\antigravity\\scratch\\Anchor\\anchor\\mobile\\node_modules\\jest-circus\\build\\run.js:121:9)\n    at run (C:\\Users\\dwill\\.gemini\\antigravity\\scratch\\Anchor\\anchor\\mobile\\node_modules\\jest-circus\\build\\run.js:71:3)\n    at runAndTransformResultsToJestFormat (C:\\Users\\dwill\\.gemini\\antigravity\\scratch\\Anchor\\anchor\\mobile\\node_modules\\jest-circus\\build\\legacy-code-todo-rewrite\\jestAdapterInit.js:122:21)\n    at jestAdapter (C:\\Users\\dwill\\.gemini\\antigravity\\scratch\\Anchor\\anchor\\mobile\\node_modules\\jest-circus\\build\\legacy-code-todo-rewrite\\jestAdapter.js:79:19)\n    at runTestInternal (C:\\Users\\dwill\\.gemini\\antigravity\\scratch\\Anchor\\anchor\\mobile\\node_modules\\jest-runner\\build\\runTest.js:367:16)\n    at runTest (C:\\Users\\dwill\\.gemini\\antigravity\\scratch\\Anchor\\anchor\\mobile\\node_modules\\jest-runner\\build\\runTest.js:444:34)"],"fullName":"ConfirmBurnScreen should go back when cancelled","invocations":1,"location":null,"numPassingAsserts":0,"retryReasons":[],"status":"failed","title":"should go back when cancelled"},{"ancestorTitles":["ConfirmBurnScreen"],"duration":7,"failureDetails":[{}],"failureMessages":["Error: Unable to find an element with text: Keep Anchor Active\n\n\u001b[36m<SafeAreaView>\u001b[39m\n  \u001b[36m<View\u001b[39m\n    \u001b[33mstyle\u001b[39m=\u001b[32m{\n      {\n        \"opacity\": 0,\n      }\n    }\u001b[39m\n  \u001b[36m>\u001b[39m\n    \u001b[36m<RCTScrollView>\u001b[39m\n      \u001b[36m<View>\u001b[39m\n        \u001b[36m<Text>\u001b[39m\n          \u001b[0mComplete & Release\u001b[0m\n        \u001b[36m</Text>\u001b[39m\n        \u001b[36m<View>\u001b[39m\n          \u001b[36m<SvgXml />\u001b[39m\n        \u001b[36m</View>\u001b[39m\n        \u001b[36m<Text>\u001b[39m\n          \u001b[0m“\u001b[0m\n          \u001b[0mI am confident\u001b[0m\n          \u001b[0m”\u001b[0m\n        \u001b[36m</Text>\u001b[39m\n        \u001b[36m<View>\u001b[39m\n          \u001b[36m<BlurView>\u001b[39m\n            \u001b[36m<View>\u001b[39m\n              \u001b[36m<Text>\u001b[39m\n                \u001b[0mWhy release?\u001b[0m\n              \u001b[36m</Text>\u001b[39m\n              \u001b[36m<Text>\u001b[39m\n                \u001b[0mIn chaos magick, performing a final ritual of release after completion allows your unconscious to fully integrate the work. By letting go, you free the energy to sustain your intention in reality.\u001b[0m\n              \u001b[36m</Text>\u001b[39m\n            \u001b[36m</View>\u001b[39m\n          \u001b[36m</BlurView>\u001b[39m\n        \u001b[36m</View>\u001b[39m\n        \u001b[36m<View>\u001b[39m\n          \u001b[36m<Text>\u001b[39m\n            \u001b[0mHas this anchor fulfilled its role?\u001b[0m\n          \u001b[36m</Text>\u001b[39m\n        \u001b[36m</View>\u001b[39m\n      \u001b[36m</View>\u001b[39m\n    \u001b[36m</RCTScrollView>\u001b[39m\n    \u001b[36m<View>\u001b[39m\n      \u001b[36m<View\u001b[39m\n        \u001b[33maccessible\u001b[39m=\u001b[32m{true}\u001b[39m\n      \u001b[36m>\u001b[39m\n        \u001b[36m<Text>\u001b[39m\n          \u001b[0mRelease Anchor\u001b[0m\n        \u001b[36m</Text>\u001b[39m\n      \u001b[36m</View>\u001b[39m\n    \u001b[36m</View>\u001b[39m\n  \u001b[36m</View>\u001b[39m\n\u001b[36m</SafeAreaView>\u001b[39m\n    at Object.getByText (C:\\Users\\dwill\\.gemini\\antigravity\\scratch\\Anchor\\anchor\\mobile\\src\\screens\\rituals\\__tests__\\ConfirmBurnScreen.test.tsx:130:26)\n    at Promise.then.completed (C:\\Users\\dwill\\.gemini\\antigravity\\scratch\\Anchor\\anchor\\mobile\\node_modules\\jest-circus\\build\\utils.js:298:28)\n    at new Promise (<anonymous>)\n    at callAsyncCircusFn (C:\\Users\\dwill\\.gemini\\antigravity\\scratch\\Anchor\\anchor\\mobile\\node_modules\\jest-circus\\build\\utils.js:231:10)\n    at _callCircusTest (C:\\Users\\dwill\\.gemini\\antigravity\\scratch\\Anchor\\anchor\\mobile\\node_modules\\jest-circus\\build\\run.js:316:40)\n    at _runTest (C:\\Users\\dwill\\.gemini\\antigravity\\scratch\\Anchor\\anchor\\mobile\\node_modules\\jest-circus\\build\\run.js:252:3)\n    at _runTestsForDescribeBlock (C:\\Users\\dwill\\.gemini\\antigravity\\scratch\\Anchor\\anchor\\mobile\\node_modules\\jest-circus\\build\\run.js:126:9)\n    at _runTestsForDescribeBlock (C:\\Users\\dwill\\.gemini\\antigravity\\scratch\\Anchor\\anchor\\mobile\\node_modules\\jest-circus\\build\\run.js:121:9)\n    at run (C:\\Users\\dwill\\.gemini\\antigravity\\scratch\\Anchor\\anchor\\mobile\\node_modules\\jest-circus\\build\\run.js:71:3)\n    at runAndTransformResultsToJestFormat (C:\\Users\\dwill\\.gemini\\antigravity\\scratch\\Anchor\\anchor\\mobile\\node_modules\\jest-circus\\build\\legacy-code-todo-rewrite\\jestAdapterInit.js:122:21)\n    at jestAdapter (C:\\Users\\dwill\\.gemini\\antigravity\\scratch\\Anchor\\anchor\\mobile\\node_modules\\jest-circus\\build\\legacy-code-todo-rewrite\\jestAdapter.js:79:19)\n    at runTestInternal (C:\\Users\\dwill\\.gemini\\antigravity\\scratch\\Anchor\\anchor\\mobile\\node_modules\\jest-runner\\build\\runTest.js:367:16)\n    at runTest (C:\\Users\\dwill\\.gemini\\antigravity\\scratch\\Anchor\\anchor\\mobile\\node_modules\\jest-runner\\build\\runTest.js:444:34)"],"fullName":"ConfirmBurnScreen should track analytics when cancelled","invocations":1,"location":null,"numPassingAsserts":0,"retryReasons":[],"status":"failed","title":"should track analytics when cancelled"},{"ancestorTitles":["ConfirmBurnScreen"],"duration":7,"failureDetails":[],"failureMessages":[],"fullName":"ConfirmBurnScreen should ask about fulfilled role","invocations":1,"location":null,"numPassingAsserts":1,"retryReasons":[],"status":"passed","title":"should ask about fulfilled role"}],"endTime":1770694993589,"message":"  ● ConfirmBurnScreen › should display the intention text\n\n    Unable to find an element with text: \"I am confident\"\n\n    \u001b[36m<SafeAreaView>\u001b[39m\n      \u001b[36m<View\u001b[39m\n        \u001b[33mstyle\u001b[39m=\u001b[32m{\n          {\n            \"opacity\": 0,\n          }\n        }\u001b[39m\n      \u001b[36m>\u001b[39m\n        \u001b[36m<RCTScrollView>\u001b[39m\n          \u001b[36m<View>\u001b[39m\n            \u001b[36m<Text>\u001b[39m\n              \u001b[0mComplete & Release\u001b[0m\n            \u001b[36m</Text>\u001b[39m\n            \u001b[36m<View>\u001b[39m\n              \u001b[36m<SvgXml />\u001b[39m\n            \u001b[36m</View>\u001b[39m\n            \u001b[36m<Text>\u001b[39m\n              \u001b[0m“\u001b[0m\n              \u001b[0mI am confident\u001b[0m\n              \u001b[0m”\u001b[0m\n            \u001b[36m</Text>\u001b[39m\n            \u001b[36m<View>\u001b[39m\n              \u001b[36m<BlurView>\u001b[39m\n                \u001b[36m<View>\u001b[39m\n                  \u001b[36m<Text>\u001b[39m\n                    \u001b[0mWhy release?\u001b[0m\n                  \u001b[36m</Text>\u001b[39m\n                  \u001b[36m<Text>\u001b[39m\n                    \u001b[0mIn chaos magick, performing a final ritual of release after completion allows your unconscious to fully integrate the work. By letting go, you free the energy to sustain your intention in reality.\u001b[0m\n                  \u001b[36m</Text>\u001b[39m\n                \u001b[36m</View>\u001b[39m\n              \u001b[36m</BlurView>\u001b[39m\n            \u001b[36m</View>\u001b[39m\n            \u001b[36m<View>\u001b[39m\n              \u001b[36m<Text>\u001b[39m\n                \u001b[0mHas this anchor fulfilled its role?\u001b[0m\n              \u001b[36m</Text>\u001b[39m\n            \u001b[36m</View>\u001b[39m\n          \u001b[36m</View>\u001b[39m\n        \u001b[36m</RCTScrollView>\u001b[39m\n        \u001b[36m<View>\u001b[39m\n          \u001b[36m<View\u001b[39m\n            \u001b[33maccessible\u001b[39m=\u001b[32m{true}\u001b[39m\n          \u001b[36m>\u001b[39m\n            \u001b[36m<Text>\u001b[39m\n              \u001b[0mRelease Anchor\u001b[0m\n            \u001b[36m</Text>\u001b[39m\n          \u001b[36m</View>\u001b[39m\n        \u001b[36m</View>\u001b[39m\n      \u001b[36m</View>\u001b[39m\n    \u001b[36m</SafeAreaView>\u001b[39m\n\n    \u001b[0m \u001b[90m 61 |\u001b[39m   it(\u001b[32m'should display the intention text'\u001b[39m\u001b[33m,\u001b[39m () \u001b[33m=>\u001b[39m {\n     \u001b[90m 62 |\u001b[39m     \u001b[36mconst\u001b[39m { getByText } \u001b[33m=\u001b[39m render(\u001b[33m<\u001b[39m\u001b[33mConfirmBurnScreen\u001b[39m \u001b[33m/\u001b[39m\u001b[33m>\u001b[39m)\u001b[33m;\u001b[39m\n    \u001b[31m\u001b[1m>\u001b[22m\u001b[39m\u001b[90m 63 |\u001b[39m     expect(getByText(\u001b[32m'\"I am confident\"'\u001b[39m))\u001b[33m.\u001b[39mtoBeTruthy()\u001b[33m;\u001b[39m\n     \u001b[90m    |\u001b[39m            \u001b[31m\u001b[1m^\u001b[22m\u001b[39m\n     \u001b[90m 64 |\u001b[39m   })\u001b[33m;\u001b[39m\n     \u001b[90m 65 |\u001b[39m\n     \u001b[90m 66 |\u001b[39m   it(\u001b[32m'should render Release Anchor button'\u001b[39m\u001b[33m,\u001b[39m () \u001b[33m=>\u001b[39m {\u001b[0m\n\n      at Object.getByText (src/screens/rituals/__tests__/ConfirmBurnScreen.test.tsx:63:12)\n\n  ● ConfirmBurnScreen › should render Keep Anchor Active button\n\n    Unable to find an element with text: Keep Anchor Active\n\n    \u001b[36m<SafeAreaView>\u001b[39m\n      \u001b[36m<View\u001b[39m\n        \u001b[33mstyle\u001b[39m=\u001b[32m{\n          {\n            \"opacity\": 0,\n          }\n        }\u001b[39m\n      \u001b[36m>\u001b[39m\n        \u001b[36m<RCTScrollView>\u001b[39m\n          \u001b[36m<View>\u001b[39m\n            \u001b[36m<Text>\u001b[39m\n              \u001b[0mComplete & Release\u001b[0m\n            \u001b[36m</Text>\u001b[39m\n            \u001b[36m<View>\u001b[39m\n              \u001b[36m<SvgXml />\u001b[39m\n            \u001b[36m</View>\u001b[39m\n            \u001b[36m<Text>\u001b[39m\n              \u001b[0m“\u001b[0m\n              \u001b[0mI am confident\u001b[0m\n              \u001b[0m”\u001b[0m\n            \u001b[36m</Text>\u001b[39m\n            \u001b[36m<View>\u001b[39m\n              \u001b[36m<BlurView>\u001b[39m\n                \u001b[36m<View>\u001b[39m\n                  \u001b[36m<Text>\u001b[39m\n                    \u001b[0mWhy release?\u001b[0m\n                  \u001b[36m</Text>\u001b[39m\n                  \u001b[36m<Text>\u001b[39m\n                    \u001b[0mIn chaos magick, performing a final ritual of release after completion allows your unconscious to fully integrate the work. By letting go, you free the energy to sustain your intention in reality.\u001b[0m\n                  \u001b[36m</Text>\u001b[39m\n                \u001b[36m</View>\u001b[39m\n              \u001b[36m</BlurView>\u001b[39m\n            \u001b[36m</View>\u001b[39m\n            \u001b[36m<View>\u001b[39m\n              \u001b[36m<Text>\u001b[39m\n                \u001b[0mHas this anchor fulfilled its role?\u001b[0m\n              \u001b[36m</Text>\u001b[39m\n            \u001b[36m</View>\u001b[39m\n          \u001b[36m</View>\u001b[39m\n        \u001b[36m</RCTScrollView>\u001b[39m\n        \u001b[36m<View>\u001b[39m\n          \u001b[36m<View\u001b[39m\n            \u001b[33maccessible\u001b[39m=\u001b[32m{true}\u001b[39m\n          \u001b[36m>\u001b[39m\n            \u001b[36m<Text>\u001b[39m\n              \u001b[0mRelease Anchor\u001b[0m\n            \u001b[36m</Text>\u001b[39m\n          \u001b[36m</View>\u001b[39m\n        \u001b[36m</View>\u001b[39m\n      \u001b[36m</View>\u001b[39m\n    \u001b[36m</SafeAreaView>\u001b[39m\n\n    \u001b[0m \u001b[90m 71 |\u001b[39m   it(\u001b[32m'should render Keep Anchor Active button'\u001b[39m\u001b[33m,\u001b[39m () \u001b[33m=>\u001b[39m {\n     \u001b[90m 72 |\u001b[39m     \u001b[36mconst\u001b[39m { getByText } \u001b[33m=\u001b[39m render(\u001b[33m<\u001b[39m\u001b[33mConfirmBurnScreen\u001b[39m \u001b[33m/\u001b[39m\u001b[33m>\u001b[39m)\u001b[33m;\u001b[39m\n    \u001b[31m\u001b[1m>\u001b[22m\u001b[39m\u001b[90m 73 |\u001b[39m     expect(getByText(\u001b[32m'Keep Anchor Active'\u001b[39m))\u001b[33m.\u001b[39mtoBeTruthy()\u001b[33m;\u001b[39m\n     \u001b[90m    |\u001b[39m            \u001b[31m\u001b[1m^\u001b[22m\u001b[39m\n     \u001b[90m 74 |\u001b[39m   })\u001b[33m;\u001b[39m\n     \u001b[90m 75 |\u001b[39m\n     \u001b[90m 76 |\u001b[39m   it(\u001b[32m'should navigate to BurningRitual when confirmed'\u001b[39m\u001b[33m,\u001b[39m () \u001b[33m=>\u001b[39m {\u001b[0m\n\n      at Object.getByText (src/screens/rituals/__tests__/ConfirmBurnScreen.test.tsx:73:12)\n\n  ● ConfirmBurnScreen › should navigate to BurningRitual when confirmed\n\n    expect(jest.fn()).toHaveBeenCalledWith(...expected)\n\n    Expected: \"BurningRitual\", {\"anchorId\": \"test-anchor-id\", \"intention\": \"I am confident\", \"sigilSvg\": \"<svg></svg>\"}\n\n    Number of calls: 0\n\n    \u001b[0m \u001b[90m 80 |\u001b[39m     fireEvent\u001b[33m.\u001b[39mpress(confirmButton)\u001b[33m;\u001b[39m\n     \u001b[90m 81 |\u001b[39m\n    \u001b[31m\u001b[1m>\u001b[22m\u001b[39m\u001b[90m 82 |\u001b[39m     expect(mockNavigate)\u001b[33m.\u001b[39mtoHaveBeenCalledWith(\u001b[32m'BurningRitual'\u001b[39m\u001b[33m,\u001b[39m {\n     \u001b[90m    |\u001b[39m                          \u001b[31m\u001b[1m^\u001b[22m\u001b[39m\n     \u001b[90m 83 |\u001b[39m       anchorId\u001b[33m:\u001b[39m \u001b[32m'test-anchor-id'\u001b[39m\u001b[33m,\u001b[39m\n     \u001b[90m 84 |\u001b[39m       intention\u001b[33m:\u001b[39m \u001b[32m'I am confident'\u001b[39m\u001b[33m,\u001b[39m\n     \u001b[90m 85 |\u001b[39m       sigilSvg\u001b[33m:\u001b[39m \u001b[32m'<svg></svg>'\u001b[39m\u001b[33m,\u001b[39m\u001b[0m\n\n      at Object.toHaveBeenCalledWith (src/screens/rituals/__tests__/ConfirmBurnScreen.test.tsx:82:26)\n\n  ● ConfirmBurnScreen › should track analytics when confirmed\n\n    expect(jest.fn()).toHaveBeenCalledWith(...expected)\n\n    Expected: \"burn_initiated\", {\"anchor_id\": \"test-anchor-id\", \"source\": \"confirm_burn_screen\"}\n\n    Number of calls: 0\n\n    \u001b[0m \u001b[90m 93 |\u001b[39m     fireEvent\u001b[33m.\u001b[39mpress(confirmButton)\u001b[33m;\u001b[39m\n     \u001b[90m 94 |\u001b[39m\n    \u001b[31m\u001b[1m>\u001b[22m\u001b[39m\u001b[90m 95 |\u001b[39m     expect(\u001b[33mAnalyticsService\u001b[39m\u001b[33m.\u001b[39mtrack)\u001b[33m.\u001b[39mtoHaveBeenCalledWith(\n     \u001b[90m    |\u001b[39m                                    \u001b[31m\u001b[1m^\u001b[22m\u001b[39m\n     \u001b[90m 96 |\u001b[39m       \u001b[33mAnalyticsEvents\u001b[39m\u001b[33m.\u001b[39m\u001b[33mBURN_INITIATED\u001b[39m\u001b[33m,\u001b[39m\n     \u001b[90m 97 |\u001b[39m       {\n     \u001b[90m 98 |\u001b[39m         anchor_id\u001b[33m:\u001b[39m \u001b[32m'test-anchor-id'\u001b[39m\u001b[33m,\u001b[39m\u001b[0m\n\n      at Object.toHaveBeenCalledWith (src/screens/rituals/__tests__/ConfirmBurnScreen.test.tsx:95:36)\n\n  ● ConfirmBurnScreen › should add breadcrumb when confirmed\n\n    expect(jest.fn()).toHaveBeenCalledWith(...expected)\n\n    Expected: \"User confirmed release ritual\", \"navigation\", {\"anchor_id\": \"test-anchor-id\"}\n\n    Number of calls: 0\n\n    \u001b[0m \u001b[90m 108 |\u001b[39m     fireEvent\u001b[33m.\u001b[39mpress(confirmButton)\u001b[33m;\u001b[39m\n     \u001b[90m 109 |\u001b[39m\n    \u001b[31m\u001b[1m>\u001b[22m\u001b[39m\u001b[90m 110 |\u001b[39m     expect(\u001b[33mErrorTrackingService\u001b[39m\u001b[33m.\u001b[39maddBreadcrumb)\u001b[33m.\u001b[39mtoHaveBeenCalledWith(\n     \u001b[90m     |\u001b[39m                                                \u001b[31m\u001b[1m^\u001b[22m\u001b[39m\n     \u001b[90m 111 |\u001b[39m       \u001b[32m'User confirmed release ritual'\u001b[39m\u001b[33m,\u001b[39m\n     \u001b[90m 112 |\u001b[39m       \u001b[32m'navigation'\u001b[39m\u001b[33m,\u001b[39m\n     \u001b[90m 113 |\u001b[39m       {\u001b[0m\n\n      at Object.toHaveBeenCalledWith (src/screens/rituals/__tests__/ConfirmBurnScreen.test.tsx:110:48)\n\n  ● ConfirmBurnScreen › should go back when cancelled\n\n    Unable to find an element with text: Keep Anchor Active\n\n    \u001b[36m<SafeAreaView>\u001b[39m\n      \u001b[36m<View\u001b[39m\n        \u001b[33mstyle\u001b[39m=\u001b[32m{\n          {\n            \"opacity\": 0,\n          }\n        }\u001b[39m\n      \u001b[36m>\u001b[39m\n        \u001b[36m<RCTScrollView>\u001b[39m\n          \u001b[36m<View>\u001b[39m\n            \u001b[36m<Text>\u001b[39m\n              \u001b[0mComplete & Release\u001b[0m\n            \u001b[36m</Text>\u001b[39m\n            \u001b[36m<View>\u001b[39m\n              \u001b[36m<SvgXml />\u001b[39m\n            \u001b[36m</View>\u001b[39m\n            \u001b[36m<Text>\u001b[39m\n              \u001b[0m“\u001b[0m\n              \u001b[0mI am confident\u001b[0m\n              \u001b[0m”\u001b[0m\n            \u001b[36m</Text>\u001b[39m\n            \u001b[36m<View>\u001b[39m\n              \u001b[36m<BlurView>\u001b[39m\n                \u001b[36m<View>\u001b[39m\n                  \u001b[36m<Text>\u001b[39m\n                    \u001b[0mWhy release?\u001b[0m\n                  \u001b[36m</Text>\u001b[39m\n                  \u001b[36m<Text>\u001b[39m\n                    \u001b[0mIn chaos magick, performing a final ritual of release after completion allows your unconscious to fully integrate the work. By letting go, you free the energy to sustain your intention in reality.\u001b[0m\n                  \u001b[36m</Text>\u001b[39m\n                \u001b[36m</View>\u001b[39m\n              \u001b[36m</BlurView>\u001b[39m\n            \u001b[36m</View>\u001b[39m\n            \u001b[36m<View>\u001b[39m\n              \u001b[36m<Text>\u001b[39m\n                \u001b[0mHas this anchor fulfilled its role?\u001b[0m\n              \u001b[36m</Text>\u001b[39m\n            \u001b[36m</View>\u001b[39m\n          \u001b[36m</View>\u001b[39m\n        \u001b[36m</RCTScrollView>\u001b[39m\n        \u001b[36m<View>\u001b[39m\n          \u001b[36m<View\u001b[39m\n            \u001b[33maccessible\u001b[39m=\u001b[32m{true}\u001b[39m\n          \u001b[36m>\u001b[39m\n            \u001b[36m<Text>\u001b[39m\n              \u001b[0mRelease Anchor\u001b[0m\n            \u001b[36m</Text>\u001b[39m\n          \u001b[36m</View>\u001b[39m\n        \u001b[36m</View>\u001b[39m\n      \u001b[36m</View>\u001b[39m\n    \u001b[36m</SafeAreaView>\u001b[39m\n\n    \u001b[0m \u001b[90m 119 |\u001b[39m   it(\u001b[32m'should go back when cancelled'\u001b[39m\u001b[33m,\u001b[39m () \u001b[33m=>\u001b[39m {\n     \u001b[90m 120 |\u001b[39m     \u001b[36mconst\u001b[39m { getByText } \u001b[33m=\u001b[39m render(\u001b[33m<\u001b[39m\u001b[33mConfirmBurnScreen\u001b[39m \u001b[33m/\u001b[39m\u001b[33m>\u001b[39m)\u001b[33m;\u001b[39m\n    \u001b[31m\u001b[1m>\u001b[22m\u001b[39m\u001b[90m 121 |\u001b[39m     \u001b[36mconst\u001b[39m cancelButton \u001b[33m=\u001b[39m getByText(\u001b[32m'Keep Anchor Active'\u001b[39m)\u001b[33m;\u001b[39m\n     \u001b[90m     |\u001b[39m                          \u001b[31m\u001b[1m^\u001b[22m\u001b[39m\n     \u001b[90m 122 |\u001b[39m\n     \u001b[90m 123 |\u001b[39m     fireEvent\u001b[33m.\u001b[39mpress(cancelButton)\u001b[33m;\u001b[39m\n     \u001b[90m 124 |\u001b[39m\u001b[0m\n\n      at Object.getByText (src/screens/rituals/__tests__/ConfirmBurnScreen.test.tsx:121:26)\n\n  ● ConfirmBurnScreen › should track analytics when cancelled\n\n    Unable to find an element with text: Keep Anchor Active\n\n    \u001b[36m<SafeAreaView>\u001b[39m\n      \u001b[36m<View\u001b[39m\n        \u001b[33mstyle\u001b[39m=\u001b[32m{\n          {\n            \"opacity\": 0,\n          }\n        }\u001b[39m\n      \u001b[36m>\u001b[39m\n        \u001b[36m<RCTScrollView>\u001b[39m\n          \u001b[36m<View>\u001b[39m\n            \u001b[36m<Text>\u001b[39m\n              \u001b[0mComplete & Release\u001b[0m\n            \u001b[36m</Text>\u001b[39m\n            \u001b[36m<View>\u001b[39m\n              \u001b[36m<SvgXml />\u001b[39m\n            \u001b[36m</View>\u001b[39m\n            \u001b[36m<Text>\u001b[39m\n              \u001b[0m“\u001b[0m\n              \u001b[0mI am confident\u001b[0m\n              \u001b[0m”\u001b[0m\n            \u001b[36m</Text>\u001b[39m\n            \u001b[36m<View>\u001b[39m\n              \u001b[36m<BlurView>\u001b[39m\n                \u001b[36m<View>\u001b[39m\n                  \u001b[36m<Text>\u001b[39m\n                    \u001b[0mWhy release?\u001b[0m\n                  \u001b[36m</Text>\u001b[39m\n                  \u001b[36m<Text>\u001b[39m\n                    \u001b[0mIn chaos magick, performing a final ritual of release after completion allows your unconscious to fully integrate the work. By letting go, you free the energy to sustain your intention in reality.\u001b[0m\n                  \u001b[36m</Text>\u001b[39m\n                \u001b[36m</View>\u001b[39m\n              \u001b[36m</BlurView>\u001b[39m\n            \u001b[36m</View>\u001b[39m\n            \u001b[36m<View>\u001b[39m\n              \u001b[36m<Text>\u001b[39m\n                \u001b[0mHas this anchor fulfilled its role?\u001b[0m\n              \u001b[36m</Text>\u001b[39m\n            \u001b[36m</View>\u001b[39m\n          \u001b[36m</View>\u001b[39m\n        \u001b[36m</RCTScrollView>\u001b[39m\n        \u001b[36m<View>\u001b[39m\n          \u001b[36m<View\u001b[39m\n            \u001b[33maccessible\u001b[39m=\u001b[32m{true}\u001b[39m\n          \u001b[36m>\u001b[39m\n            \u001b[36m<Text>\u001b[39m\n              \u001b[0mRelease Anchor\u001b[0m\n            \u001b[36m</Text>\u001b[39m\n          \u001b[36m</View>\u001b[39m\n        \u001b[36m</View>\u001b[39m\n      \u001b[36m</View>\u001b[39m\n    \u001b[36m</SafeAreaView>\u001b[39m\n\n    \u001b[0m \u001b[90m 128 |\u001b[39m   it(\u001b[32m'should track analytics when cancelled'\u001b[39m\u001b[33m,\u001b[39m () \u001b[33m=>\u001b[39m {\n     \u001b[90m 129 |\u001b[39m     \u001b[36mconst\u001b[39m { getByText } \u001b[33m=\u001b[39m render(\u001b[33m<\u001b[39m\u001b[33mConfirmBurnScreen\u001b[39m \u001b[33m/\u001b[39m\u001b[33m>\u001b[39m)\u001b[33m;\u001b[39m\n    \u001b[31m\u001b[1m>\u001b[22m\u001b[39m\u001b[90m 130 |\u001b[39m     \u001b[36mconst\u001b[39m cancelButton \u001b[33m=\u001b[39m getByText(\u001b[32m'Keep Anchor Active'\u001b[39m)\u001b[33m;\u001b[39m\n     \u001b[90m     |\u001b[39m                          \u001b[31m\u001b[1m^\u001b[22m\u001b[39m\n     \u001b[90m 131 |\u001b[39m\n     \u001b[90m 132 |\u001b[39m     fireEvent\u001b[33m.\u001b[39mpress(cancelButton)\u001b[33m;\u001b[39m\n     \u001b[90m 133 |\u001b[39m\u001b[0m\n\n      at Object.getByText (src/screens/rituals/__tests__/ConfirmBurnScreen.test.tsx:130:26)\n","name":"C:\\Users\\dwill\\.gemini\\antigravity\\scratch\\Anchor\\anchor\\mobile\\src\\screens\\rituals\\__tests__\\ConfirmBurnScreen.test.tsx","startTime":1770694991991,"status":"failed","summary":""},{"assertionResults":[{"ancestorTitles":["BurningRitualScreen"],"duration":76,"failureDetails":[],"failureMessages":[],"fullName":"BurningRitualScreen should render the redesigned title","invocations":1,"location":null,"numPassingAsserts":1,"retryReasons":[],"status":"passed","title":"should render the redesigned title"},{"ancestorTitles":["BurningRitualScreen"],"duration":375,"failureDetails":[{"matcherResult":{"message":"expect(received).toBeNull()\n\nReceived: {\"_fiber\": {\"_debugHookTypes\": null, \"_debugNeedsRemount\": false, \"_debugOwner\": [FiberNode], \"_debugSource\": null, \"actualDuration\": 0, \"actualStartTime\": 1770694995002, \"alternate\": null, \"child\": [FiberNode], \"childLanes\": 0, \"deletions\": null, \"dependencies\": null, \"elementType\": \"Text\", \"flags\": 0, \"index\": 0, \"key\": null, \"lanes\": 0, \"memoizedProps\": [Object], \"memoizedState\": null, \"mode\": 2, \"pendingProps\": [Object], \"ref\": null, \"return\": [FiberNode], \"selfBaseDuration\": 0, \"sibling\": null, \"stateNode\": [Object], \"subtreeFlags\": 0, \"tag\": 5, \"treeBaseDuration\": 0, \"type\": \"Text\", \"updateQueue\": null}}","pass":false}}],"failureMessages":["Error: expect(received).toBeNull()\n\nReceived: {\"_fiber\": {\"_debugHookTypes\": null, \"_debugNeedsRemount\": false, \"_debugOwner\": [FiberNode], \"_debugSource\": null, \"actualDuration\": 0, \"actualStartTime\": 1770694995002, \"alternate\": null, \"child\": [FiberNode], \"childLanes\": 0, \"deletions\": null, \"dependencies\": null, \"elementType\": \"Text\", \"flags\": 0, \"index\": 0, \"key\": null, \"lanes\": 0, \"memoizedProps\": [Object], \"memoizedState\": null, \"mode\": 2, \"pendingProps\": [Object], \"ref\": null, \"return\": [FiberNode], \"selfBaseDuration\": 0, \"sibling\": null, \"stateNode\": [Object], \"subtreeFlags\": 0, \"tag\": 5, \"treeBaseDuration\": 0, \"type\": \"Text\", \"updateQueue\": null}}\n    at Object.toBeNull (C:\\Users\\dwill\\.gemini\\antigravity\\scratch\\Anchor\\anchor\\mobile\\src\\screens\\rituals\\__tests__\\BurningRitualScreen.test.tsx:102:37)\n    at Generator.next (<anonymous>)\n    at asyncGeneratorStep (C:\\Users\\dwill\\.gemini\\antigravity\\scratch\\Anchor\\anchor\\mobile\\node_modules\\@babel\\runtime\\helpers\\asyncToGenerator.js:3:17)\n    at _next (C:\\Users\\dwill\\.gemini\\antigravity\\scratch\\Anchor\\anc
[...]
n":null,"numPassingAsserts":1,"retryReasons":[],"status":"passed","title":"should clear error with null"},{"ancestorTitles":["anchorStore","markSynced"],"duration":1,"failureDetails":[],"failureMessages":[],"fullName":"anchorStore markSynced should set lastSyncedAt timestamp","invocations":1,"location":null,"numPassingAsserts":1,"retryReasons":[],"status":"passed","title":"should set lastSyncedAt timestamp"},{"ancestorTitles":["anchorStore","clearAnchors"],"duration":7,"failureDetails":[],"failureMessages":[],"fullName":"anchorStore clearAnchors should clear all anchors and reset state","invocations":1,"location":null,"numPassingAsserts":3,"retryReasons":[],"status":"passed","title":"should clear all anchors and reset state"}],"endTime":1770695005519,"message":"","name":"C:\\Users\\dwill\\.gemini\\antigravity\\scratch\\Anchor\\anchor\\mobile\\src\\stores\\__tests__\\anchorStore.test.ts","startTime":1770695005293,"status":"passed","summary":""},{"assertionResults":[{"ancestorTitles":["SyncService"],"duration":2,"failureDetails":[],"failureMessages":[],"fullName":"SyncService merges remote anchors into local state","invocations":1,"location":null,"numPassingAsserts":2,"retryReasons":[],"status":"passed","title":"merges remote anchors into local state"},{"ancestorTitles":["SyncService"],"duration":2,"failureDetails":[],"failureMessages":[],"fullName":"SyncService syncs user profile data","invocations":1,"location":null,"numPassingAsserts":2,"retryReasons":[],"status":"passed","title":"syncs user profile data"}],"endTime":1770695005735,"message":"","name":"C:\\Users\\dwill\\.gemini\\antigravity\\scratch\\Anchor\\anchor\\mobile\\src\\services\\__tests__\\SyncService.test.ts","startTime":1770695005541,"status":"passed","summary":""},{"assertionResults":[{"ancestorTitles":["distillIntention","basic distillation"],"duration":2,"failureDetails":[],"failureMessages":[],"fullName":"distillIntention basic distillation should distill \"Close the deal\" correctly","invocations":1,"location":null,"numPassingAsserts":2,"retryReasons":[],"status":"passed","title":"should distill \"Close the deal\" correctly"},{"ancestorTitles":["distillIntention","basic distillation"],"duration":1,"failureDetails":[],"failureMessages":[],"fullName":"distillIntention basic distillation should distill \"Find inner peace\" correctly","invocations":1,"location":null,"numPassingAsserts":2,"retryReasons":[],"status":"passed","title":"should distill \"Find inner peace\" correctly"},{"ancestorTitles":["distillIntention","basic distillation"],"duration":4,"failureDetails":[],"failureMessages":[],"fullName":"distillIntention basic distillation should distill \"Launch my startup\" correctly","invocations":1,"location":null,"numPassingAsserts":2,"retryReasons":[],"status":"passed","title":"should distill \"Launch my startup\" correctly"},{"ancestorTitles":["distillIntention","vowel removal"],"duration":1,"failureDetails":[],"failureMessages":[],"fullName":"distillIntention vowel removal should remove all vowels (a, e, i, o, u)","invocations":1,"location":null,"numPassingAsserts":2,"retryReasons":[],"status":"passed","title":"should remove all vowels (a, e, i, o, u)"},{"ancestorTitles":["distillIntention","vowel removal"],"duration":1,"failureDetails":[],"failureMessages":[],"fullName":"distillIntention vowel removal should track removed vowels","invocations":1,"location":null,"numPassingAsserts":3,"retryReasons":[],"status":"passed","title":"should track removed vowels"},{"ancestorTitles":["distillIntention","vowel removal"],"duration":0,"failureDetails":[],"failureMessages":[],"fullName":"distillIntention vowel removal should handle mixed case vowels","invocations":1,"location":null,"numPassingAsserts":2,"retryReasons":[],"status":"passed","title":"should handle mixed case vowels"},{"ancestorTitles":["distillIntention","duplicate removal"],"duration":1,"failureDetails":[],"failureMessages":[],"fullName":"distillIntention duplicate removal should remove duplicate letters","invocations":1,"location":null,"numPassingAsserts":3,"retryReasons":[],"status":"passed","title":"should remove duplicate letters"},{"ancestorTitles":["distillIntention","duplicate removal"],"duration":1,"failureDetails":[],"failureMessages":[],"fullName":"distillIntention duplicate removal should keep first occurrence of duplicates","invocations":1,"location":null,"numPassingAsserts":2,"retryReasons":[],"status":"passed","title":"should keep first occurrence of duplicates"},{"ancestorTitles":["distillIntention","duplicate removal"],"duration":0,"failureDetails":[],"failureMessages":[],"fullName":"distillIntention duplicate removal should track removed duplicates","invocations":1,"location":null,"numPassingAsserts":1,"retryReasons":[],"status":"passed","title":"should track removed duplicates"},{"ancestorTitles":["distillIntention","duplicate removal"],"duration":1,"failureDetails":[],"failureMessages":[],"fullName":"distillIntention duplicate removal should be case-insensitive for duplicate detection","invocations":1,"location":null,"numPassingAsserts":2,"retryReasons":[],"status":"passed","title":"should be case-insensitive for duplicate detection"},{"ancestorTitles":["distillIntention","case handling"],"duration":1,"failureDetails":[],"failureMessages":[],"fullName":"distillIntention case handling should convert to uppercase","invocations":1,"location":null,"numPassingAsserts":6,"retryReasons":[],"status":"passed","title":"should convert to uppercase"},{"ancestorTitles":["distillIntention","case handling"],"duration":1,"failureDetails":[],"failureMessages":[],"fullName":"distillIntention case handling should handle mixed case input","invocations":1,"location":null,"numPassingAsserts":1,"retryReasons":[],"status":"passed","title":"should handle mixed case input"},{"ancestorTitles":["distillIntention","case handling"],"duration":0,"failureDetails":[],"failureMessages":[],"fullName":"distillIntention case handling should handle all uppercase input","invocations":1,"location":null,"numPassingAsserts":1,"retryReasons":[],"status":"passed","title":"should handle all uppercase input"},{"ancestorTitles":["distillIntention","case handling"],"duration":1,"failureDetails":[],"failureMessages":[],"fullName":"distillIntention case handling should handle all lowercase input","invocations":1,"location":null,"numPassingAsserts":1,"retryReasons":[],"status":"passed","title":"should handle all lowercase input"},{"ancestorTitles":["distillIntention","space handling"],"duration":0,"failureDetails":[],"failureMessages":[],"fullName":"distillIntention space handling should remove single spaces","invocations":1,"location":null,"numPassingAsserts":1,"retryReasons":[],"status":"passed","title":"should remove single spaces"},{"ancestorTitles":["distillIntention","space handling"],"duration":0,"failureDetails":[],"failureMessages":[],"fullName":"distillIntention space handling should remove multiple consecutive spaces","invocations":1,"location":null,"numPassingAsserts":1,"retryReasons":[],"status":"passed","title":"should remove multiple consecutive spaces"},{"ancestorTitles":["distillIntention","space handling"],"duration":0,"failureDetails":[],"failureMessages":[],"fullName":"distillIntention space handling should handle leading and trailing spaces","invocations":1,"location":null,"numPassingAsserts":1,"retryReasons":[],"status":"passed","title":"should handle leading and trailing spaces"},{"ancestorTitles":["distillIntention","space handling"],"duration":0,"failureDetails":[],"failureMessages":[],"fullName":"distillIntention space handling should handle tabs and newlines","invocations":1,"location":null,"numPassingAsserts":1,"retryReasons":[],"status":"passed","title":"should handle tabs and newlines"},{"ancestorTitles":["distillIntention","special characters"],"duration":0,"failureDetails":[],"failureMessages":[],"fullName":"distillIntention special characters should ignore numbers","invocations":1,"location":null,"numPassingAsserts":4,"retryReasons":[],"status":"passed","title":"should ignore numbers"},{"ancestorTitles":["distillIntention","special characters"],"duration":1,"failureDetails":[],"failureMessages":[],"fullName":"distillIntention special characters should ignore punctuation","invocations":1,"location":null,"numPassingAsserts":3,"retryReasons":[],"status":"passed","title":"should ignore punctuation"},{"ancestorTitles":["distillIntention","special characters"],"duration":1,"failureDetails":[],"failureMessages":[],"fullName":"distillIntention special characters should ignore special symbols","invocations":1,"location":null,"numPassingAsserts":3,"retryReasons":[],"status":"passed","title":"should ignore special symbols"},{"ancestorTitles":["distillIntention","edge cases"],"duration":0,"failureDetails":[],"failureMessages":[],"fullName":"distillIntention edge cases should handle empty string","invocations":1,"location":null,"numPassingAsserts":2,"retryReasons":[],"status":"passed","title":"should handle empty string"},{"ancestorTitles":["distillIntention","edge cases"],"duration":1,"failureDetails":[],"failureMessages":[],"fullName":"distillIntention edge cases should handle string with only spaces","invocations":1,"location":null,"numPassingAsserts":1,"retryReasons":[],"status":"passed","title":"should handle string with only spaces"},{"ancestorTitles":["distillIntention","edge cases"],"duration":0,"failureDetails":[],"failureMessages":[],"fullName":"distillIntention edge cases should handle string with only vowels","invocations":1,"location":null,"numPassingAsserts":2,"retryReasons":[],"status":"passed","title":"should handle string with only vowels"},{"ancestorTitles":["distillIntention","edge cases"],"duration":0,"failureDetails":[],"failureMessages":[],"fullName":"distillIntention edge cases should handle string with only special characters","invocations":1,"location":null,"numPassingAsserts":1,"retryReasons":[],"status":"passed","title":"should handle string with only special characters"},{"ancestorTitles":["distillIntention","edge cases"],"duration":0,"failureDetails":[],"failureMessages":[],"fullName":"distillIntention edge cases should handle single letter","invocations":1,"location":null,"numPassingAsserts":1,"retryReasons":[],"status":"passed","title":"should handle single letter"},{"ancestorTitles":["distillIntention","edge cases"],"duration":0,"failureDetails":[],"failureMessages":[],"fullName":"distillIntention edge cases should handle single consonant repeated","invocations":1,"location":null,"numPassingAsserts":2,"retryReasons":[],"status":"passed","title":"should handle single consonant repeated"},{"ancestorTitles":["distillIntention","result structure"],"duration":1,"failureDetails":[],"failureMessages":[],"fullName":"distillIntention result structure should return correct structure","invocations":1,"location":null,"numPassingAsserts":4,"retryReasons":[],"status":"passed","title":"should return correct structure"},{"ancestorTitles":["distillIntention","result structure"],"duration":0,"failureDetails":[],"failureMessages":[],"fullName":"distillIntention result structure should have arrays for all letter properties","invocations":1,"location":null,"numPassingAsserts":3,"retryReasons":[],"status":"passed","title":"should have arrays for all letter properties"},{"ancestorTitles":["getDistillationSummary"],"duration":1,"failureDetails":[],"failureMessages":[],"fullName":"getDistillationSummary should format summary correctly","invocations":1,"location":null,"numPassingAsserts":2,"retryReasons":[],"status":"passed","title":"should format summary correctly"},{"ancestorTitles":["getDistillationSummary"],"duration":0,"failureDetails":[],"failureMessages":[],"fullName":"getDistillationSummary should show space-separated final letters","invocations":1,"location":null,"numPassingAsserts":1,"retryReasons":[],"status":"passed","title":"should show space-separated final letters"},{"ancestorTitles":["validateIntention","valid intentions"],"duration":1,"failureDetails":[],"failureMessages":[],"fullName":"validateIntention valid intentions should accept normal intention","invocations":1,"location":null,"numPassingAsserts":2,"retryReasons":[],"status":"passed","title":"should accept normal intention"},{"ancestorTitles":["validateIntention","valid intentions"],"duration":0,"failureDetails":[],"failureMessages":[],"fullName":"validateIntention valid intentions should accept intention with numbers","invocations":1,"location":null,"numPassingAsserts":1,"retryReasons":[],"status":"passed","title":"should accept intention with numbers"},{"ancestorTitles":["validateIntention","valid intentions"],"duration":1,"failureDetails":[],"failureMessages":[],"fullName":"validateIntention valid intentions should accept intention with punctuation","invocations":1,"location":null,"numPassingAsserts":1,"retryReasons":[],"status":"passed","title":"should accept intention with punctuation"},{"ancestorTitles":["validateIntention","invalid intentions"],"duration":0,"failureDetails":[],"failureMessages":[],"fullName":"validateIntention invalid intentions should reject empty string","invocations":1,"location":null,"numPassingAsserts":2,"retryReasons":[],"status":"passed","title":"should reject empty string"},{"ancestorTitles":["validateIntention","invalid intentions"],"duration":1,"failureDetails":[],"failureMessages":[],"fullName":"validateIntention invalid intentions should reject string with only spaces","invocations":1,"location":null,"numPassingAsserts":2,"retryReasons":[],"status":"passed","title":"should reject string with only spaces"},{"ancestorTitles":["validateIntention","invalid intentions"],"duration":0,"failureDetails":[],"failureMessages":[],"fullName":"validateIntention invalid intentions should reject string with no letters","invocations":1,"location":null,"numPassingAsserts":2,"retryReasons":[],"status":"passed","title":"should reject string with no letters"},{"ancestorTitles":["validateIntention","invalid intentions"],"duration":0,"failureDetails":[],"failureMessages":[],"fullName":"validateIntention invalid intentions should reject very short string","invocations":1,"location":null,"numPassingAsserts":2,"retryReasons":[],"status":"passed","title":"should reject very short string"},{"ancestorTitles":["validateIntention","invalid intentions"],"duration":0,"failureDetails":[],"failureMessages":[],"fullName":"validateIntention invalid intentions should reject very long string","invocations":1,"location":null,"numPassingAsserts":2,"retryReasons":[],"status":"passed","title":"should reject very long string"},{"ancestorTitles":["validateIntention","invalid intentions"],"duration":0,"failureDetails":[],"failureMessages":[],"fullName":"validateIntention invalid intentions should reject string that produces less than 2 letters","invocations":1,"location":null,"numPassingAsserts":2,"retryReasons":[],"status":"passed","title":"should reject string that produces less than 2 letters"},{"ancestorTitles":["validateIntention","boundary cases"],"duration":1,"failureDetails":[],"failureMessages":[],"fullName":"validateIntention boundary cases should accept 3-character minimum","invocations":1,"location":null,"numPassingAsserts":1,"retryReasons":[],"status":"passed","title":"should accept 3-character minimum"},{"ancestorTitles":["validateIntention","boundary cases"],"duration":0,"failureDetails":[],"failureMessages":[],"fullName":"validateIntention boundary cases should accept 100-character maximum","invocations":1,"location":null,"numPassingAsserts":1,"retryReasons":[],"status":"passed","title":"should accept 100-character maximum"},{"ancestorTitles":["validateIntention","boundary cases"],"duration":1,"failureDetails":[],"failureMessages":[],"fullName":"validateIntention boundary cases should accept exactly 2 unique letters after distillation","invocations":1,"location":null,"numPassingAsserts":1,"retryReasons":[],"status":"passed","title":"should accept exactly 2 unique letters after distillation"}],"endTime":1770695005919,"message":"","name":"C:\\Users\\dwill\\.gemini\\antigravity\\scratch\\Anchor\\anchor\\mobile\\src\\utils\\sigil\\distillation.test.ts","startTime":1770695005757,"status":"passed","summary":""},{"assertionResults":[{"ancestorTitles":["NotificationService"],"duration":1,"failureDetails":[],"failureMessages":[],"fullName":"NotificationService returns true when permissions are already granted","invocations":1,"location":null,"numPassingAsserts":2,"retryReasons":[],"status":"passed","title":"returns true when permissions are already granted"},{"ancestorTitles":["NotificationService"],"duration":1,"failureDetails":[],"failureMessages":[],"fullName":"NotificationService schedules ritual reminders with a deterministic identifier","invocations":1,"location":null,"numPassingAsserts":2,"retryReasons":[],"status":"passed","title":"schedules ritual reminders with a deterministic identifier"},{"ancestorTitles":["NotificationService"],"duration":1,"failureDetails":[],"failureMessages":[],"fullName":"NotificationService maps notification taps to routing actions","invocations":1,"location":null,"numPassingAsserts":1,"retryReasons":[],"status":"passed","title":"maps notification taps to routing actions"}],"endTime":1770695006081,"message":"","name":"C:\\Users\\dwill\\.gemini\\antigravity\\scratch\\Anchor\\anchor\\mobile\\src\\services\\__tests__\\NotificationService.test.ts","startTime":1770695005941,"status":"passed","summary":""},{"assertionResults":[{"ancestorTitles":["BiometricService"],"duration":1,"failureDetails":[],"failureMessages":[],"fullName":"BiometricService checks hardware availability","invocations":1,"location":null,"numPassingAsserts":1,"retryReasons":[],"status":"passed","title":"checks hardware availability"},{"ancestorTitles":["BiometricService"],"duration":1,"failureDetails":[],"failureMessages":[],"fullName":"BiometricService returns supported authentication types","invocations":1,"location":null,"numPassingAsserts":1,"retryReasons":[],"status":"passed","title":"returns supported authentication types"},{"ancestorTitles":["BiometricService"],"duration":0,"failureDetails":[],"failureMessages":[],"fullName":"BiometricService authenticates successfully when local auth succeeds","invocations":1,"location":null,"numPassingAsserts":1,"retryReasons":[],"status":"passed","title":"authenticates successfully when local auth succeeds"},{"ancestorTitles":["BiometricService"],"duration":1,"failureDetails":[],"failureMessages":[],"fullName":"BiometricService uses mock configuration when enabled","invocations":1,"location":null,"numPassingAsserts":4,"retryReasons":[],"status":"passed","title":"uses mock configuration when enabled"}],"endTime":1770695006244,"message":"","name":"C:\\Users\\dwill\\.gemini\\antigravity\\scratch\\Anchor\\anchor\\mobile\\src\\services\\__tests__\\BiometricService.test.ts","startTime":1770695006105,"status":"passed","summary":""},{"assertionResults":[{"ancestorTitles":["StorageService"],"duration":1,"failureDetails":[],"failureMessages":[],"fullName":"StorageService stores and retrieves values","invocations":1,"location":null,"numPassingAsserts":1,"retryReasons":[],"status":"passed","title":"stores and retrieves values"},{"ancestorTitles":["StorageService"],"duration":0,"failureDetails":[],"failureMessages":[],"fullName":"StorageService removes values","invocations":1,"location":null,"numPassingAsserts":1,"retryReasons":[],"status":"passed","title":"removes values"},{"ancestorTitles":["StorageService"],"duration":0,"failureDetails":[],"failureMessages":[],"fullName":"StorageService supports multiSet and multiGet","invocations":1,"location":null,"numPassingAsserts":1,"retryReasons":[],"status":"passed","title":"supports multiSet and multiGet"}],"endTime":1770695006399,"message":"","name":"C:\\Users\\dwill\\.gemini\\antigravity\\scratch\\Anchor\\anchor\\mobile\\src\\services\\__tests__\\StorageService.test.ts","startTime":1770695006266,"status":"passed","summary":""}],"wasInterrupted":false}
