{"numFailedTestSuites":1,"numFailedTests":7,"numPassedTestSuites":68,"numPassedTests":637,"numPendingTestSuites":0,"numPendingTests":0,"numRuntimeErrorTestSuites":0,"numTodoTests":0,"numTotalTestSuites":69,"numTotalTests":644,"openHandles":[],"snapshot":{"added":0,"didUpdate":false,"failure":false,"filesAdded":0,"filesRemoved":0,"filesRemovedList":[],"filesUnmatched":0,"filesUpdated":0,"matched":0,"total":0,"unchecked":0,"uncheckedKeysByFile":[],"unmatched":0,"updated":0},"startTime":1779238734284,"success":false,"testResults":[{"assertionResults":[{"ancestorTitles":["PracticeScreen"],"duration":239,"failureDetails":[],"failureMessages":[],"fullName":"PracticeScreen renders the updated primary CTA and current mode labels","invocations":1,"location":null,"numPassingAsserts":10,"retryReasons":[],"status":"passed","title":"renders the updated primary CTA and current mode labels"},{"ancestorTitles":["PracticeScreen"],"duration":74,"failureDetails":[],"failureMessages":[],"fullName":"PracticeScreen opens anchor selector when charge is pressed without an anchor","invocations":1,"location":null,"numPassingAsserts":2,"retryReasons":[],"status":"passed","title":"opens anchor selector when charge is pressed without an anchor"},{"ancestorTitles":["PracticeScreen"],"duration":77,"failureDetails":[],"failureMessages":[],"fullName":"PracticeScreen shows all created anchors from home list in the selector","invocations":1,"location":null,"numPassingAsserts":2,"retryReasons":[],"status":"passed","title":"shows all created anchors from home list in the selector"},{"ancestorTitles":["PracticeScreen"],"duration":107,"failureDetails":[],"failureMessages":[],"fullName":"PracticeScreen switches the current anchor from the hero without starting a ritual","invocations":1,"location":null,"numPassingAsserts":4,"retryReasons":[],"status":"passed","title":"switches the current anchor from the hero without starting a ritual"},{"ancestorTitles":["PracticeScreen"],"duration":43,"failureDetails":[],"failureMessages":[],"fullName":"PracticeScreen navigates to Ritual with expected params when charging","invocations":1,"location":null,"numPassingAsserts":1,"retryReasons":[],"status":"passed","title":"navigates to Ritual with expected params when charging"},{"ancestorTitles":["PracticeScreen"],"duration":58,"failureDetails":[],"failureMessages":[],"fullName":"PracticeScreen routes ritual flow using the anchor selected in current-anchor selector","invocations":1,"location":null,"numPassingAsserts":1,"retryReasons":[],"status":"passed","title":"routes ritual flow using the anchor selected in current-anchor selector"},{"ancestorTitles":["PracticeScreen"],"duration":55,"failureDetails":[],"failureMessages":[],"fullName":"PracticeScreen uses the default deep charge duration from settings","invocations":1,"location":null,"numPassingAsserts":1,"retryReasons":[],"status":"passed","title":"uses the default deep charge duration from settings"},{"ancestorTitles":["PracticeScreen"],"duration":59,"failureDetails":[],"failureMessages":[],"fullName":"PracticeScreen uses the primary CTA to quick-restart the last ritual type for the selected anchor","invocations":1,"location":null,"numPassingAsserts":1,"retryReasons":[],"status":"passed","title":"uses the primary CTA to quick-restart the last ritual type for the selected anchor"},{"ancestorTitles":["PracticeScreen"],"duration":55,"failureDetails":[],"failureMessages":[],"fullName":"PracticeScreen uses burn fallbacks when launching release from practice","invocations":1,"location":null,"numPassingAsserts":1,"retryReasons":[],"status":"passed","title":"uses burn fallbacks when launching release from practice"},{"ancestorTitles":["PracticeScreen"],"duration":47,"failureDetails":[],"failureMessages":[],"fullName":"PracticeScreen shows focus-session sub-copy after the user has already primed today","invocations":1,"location":null,"numPassingAsserts":1,"retryReasons":[],"status":"passed","title":"shows focus-session sub-copy after the user has already primed today"},{"ancestorTitles":["PracticeScreen"],"duration":46,"failureDetails":[],"failureMessages":[],"fullName":"PracticeScreen shows partial progress toward the daily goal from activate and reinforce sessions","invocations":1,"location":null,"numPassingAsserts":2,"retryReasons":[],"status":"passed","title":"shows partial progress toward the daily goal from activate and reinforce sessions"},{"ancestorTitles":["PracticeScreen"],"duration":63,"failureDetails":[],"failureMessages":[],"fullName":"PracticeScreen shows a terminal state when the daily goal is complete","invocations":1,"location":null,"numPassingAsserts":2,"retryReasons":[],"status":"passed","title":"shows a terminal state when the daily goal is complete"},{"ancestorTitles":["PracticeScreen"],"duration":114,"failureDetails":[],"failureMessages":[],"fullName":"PracticeScreen opens teaching sheet from info icon","invocations":1,"location":null,"numPassingAsserts":5,"retryReasons":[],"status":"passed","title":"opens teaching sheet from info icon"}],"endTime":1779238750832,"message":"","name":"C:\\Users\\dwill\\.gemini\\antigravity\\scratch\\Anchor\\anchor\\mobile\\src\\screens\\practice\\__tests__\\PracticeScreen.test.tsx","startTime":1779238736752,"status":"passed","summary":""},{"assertionResults":[{"ancestorTitles":["ModeSelectionStep"],"duration":84,"failureDetails":[],"failureMessages":[],"fullName":"ModeSelectionStep renders both mode cards","invocations":1,"location":null,"numPassingAsserts":2,"retryReasons":[],"status":"passed","title":"renders both mode cards"},{"ancestorTitles":["ModeSelectionStep"],"duration":16,"failureDetails":[],"failureMessages":[],"fullName":"ModeSelectionStep displays correct descriptions for each mode","invocations":1,"location":null,"numPassingAsserts":2,"retryReasons":[],"status":"passed","title":"displays correct descriptions for each mode"},{"ancestorTitles":["ModeSelectionStep"],"duration":7,"failureDetails":[],"failureMessages":[],"fullName":"ModeSelectionStep calls onSelectMode with \"focus\" when Focus Charge is pressed","invocations":1,"location":null,"numPassingAsserts":1,"retryReasons":[],"status":"passed","title":"calls onSelectMode with \"focus\" when Focus Charge is pressed"},{"ancestorTitles":["ModeSelectionStep"],"duration":5,"failureDetails":[],"failureMessages":[],"fullName":"ModeSelectionStep calls onSelectMode with \"ritual\" when Ritual Charge is pressed","invocations":1,"location":null,"numPassingAsserts":1,"retryReasons":[],"status":"passed","title":"calls onSelectMode with \"ritual\" when Ritual Charge is pressed"},{"ancestorTitles":["ModeSelectionStep"],"duration":5,"failureDetails":[],"failureMessages":[],"fullName":"ModeSelectionStep displays step indicator","invocations":1,"location":null,"numPassingAsserts":1,"retryReasons":[],"status":"passed","title":"displays step indicator"},{"ancestorTitles":["ModeSelectionStep"],"duration":5,"failureDetails":[],"failureMessages":[],"fullName":"ModeSelectionStep displays charging mode title","invocations":1,"location":null,"numPassingAsserts":1,"retryReasons":[],"status":"passed","title":"displays charging mode title"},{"ancestorTitles":["ModeSelectionStep"],"duration":4,"failureDetails":[],"failureMessages":[],"fullName":"ModeSelectionStep displays subtitle with instructions","invocations":1,"location":null,"numPassingAsserts":1,"retryReasons":[],"status":"passed","title":"displays subtitle with instructions"},{"ancestorTitles":["ModeSelectionStep"],"duration":5,"failureDetails":[],"failureMessages":[],"fullName":"ModeSelectionStep displays benefit items for Focus mode","invocations":1,"location":null,"numPassingAsserts":3,"retryReasons":[],"status":"passed","title":"displays benefit items for Focus mode"},{"ancestorTitles":["ModeSelectionStep"],"duration":6,"failureDetails":[],"failureMessages":[],"fullName":"ModeSelectionStep displays benefit items for Ritual mode","invocations":1,"location":null,"numPassingAsserts":3,"retryReasons":[],"status":"passed","title":"displays benefit items for Ritual mode"},{"ancestorTitles":["ModeSelectionStep"],"duration":6,"failureDetails":[],"failureMessages":[],"fullName":"ModeSelectionStep only calls onSelectMode once per press","invocations":1,"location":null,"numPassingAsserts":1,"retryReasons":[],"status":"passed","title":"only calls onSelectMode once per press"}],"endTime":1779238752420,"message":"","name":"C:\\Users\\dwill\\.gemini\\antigravity\\scratch\\Anchor\\anchor\\mobile\\src\\screens\\rituals\\components\\__tests__\\ModeSelectionStep.test.tsx","startTime":1779238750859,"status":"passed","summary":""},{"assertionResults":[{"ancestorTitles":["EnhancementChoiceScreen"],"duration":100,"failureDetails":[],"failureMessages":[],"fullName":"EnhancementChoiceScreen stub: renders Keep Pure and Enhance options","invocations":1,"location":null,"numPassingAsserts":2,"retryReasons":[],"status":"passed","title":"stub: renders Keep Pure and Enhance options"},{"ancestorTitles":["EnhancementChoiceScreen"],"duration":341,"failureDetails":[],"failureMessages":[],"fullName":"EnhancementChoiceScreen stub: Keep Pure navigates directly to ChargeSetup","invocations":1,"location":null,"numPassingAsserts":1,"retryReasons":[],"status":"passed","title":"stub: Keep Pure navigates directly to ChargeSetup"},{"ancestorTitles":["EnhancementChoiceScreen"],"duration":371,"failureDetails":[],"failureMessages":[],"fullName":"EnhancementChoiceScreen stub: Enhance navigates to StyleSelection","invocations":1,"location":null,"numPassingAsserts":1,"retryReasons":[],"status":"passed","title":"stub: Enhance navigates to StyleSelection"}],"endTime":1779238753618,"message":"","name":"C:\\Users\\dwill\\.gemini\\antigravity\\scratch\\Anchor\\anchor\\mobile\\src\\screens\\create\\__tests__\\EnhancementChoiceScreen.test.tsx","startTime":1779238752428,"status":"passed","summary":""},{"assertionResults":[{"ancestorTitles":["RitualScreen"],"duration":1201,"failureDetails":[],"failureMessages":[],"fullName":"RitualScreen removes active Deep Prime breath text and schedules the 2-minute immersive cues","invocations":1,"location":null,"numPassingAsserts":17,"retryReasons":[],"status":"passed","title":"removes active Deep Prime breath text and schedules the 2-minute immersive cues"},{"ancestorTitles":["RitualScreen"],"duration":944,"failureDetails":[],"failureMessages":[],"fullName":"RitualScreen pauses, resumes, and cleans up immersive Deep Prime audio on exit","invocations":1,"location":null,"numPassingAsserts":9,"retryReasons":[],"status":"passed","title":"pauses, resumes, and cleans up immersive Deep Prime audio on exit"},{"ancestorTitles":["RitualScreen"],"duration":1882,"failureDetails":[],"failureMessages":[],"fullName":"RitualScreen plays the 5-minute Deep Prime cues at the scheduled timestamps","invocations":1,"location":null,"numPassingAsserts":16,"retryReasons":[],"status":"passed","title":"plays the 5-minute Deep Prime cues at the scheduled timestamps"},{"ancestorTitles":["RitualScreen"],"duration":2521,"failureDetails":[],"failureMessages":[],"fullName":"RitualScreen plays the 10-minute Deep Prime cues at the scheduled timestamps","invocations":1,"location":null,"numPassingAsserts":22,"retryReasons":[],"status":"passed","title":"plays the 10-minute Deep Prime cues at the scheduled timestamps"},{"ancestorTitles":["RitualScreen"],"duration":2530,"failureDetails":[],"failureMessages":[],"fullName":"RitualScreen plays the 15-minute Deep Prime cues at the scaled timestamps","invocations":1,"location":null,"numPassingAsserts":22,"retryReasons":[],"status":"passed","title":"plays the 15-minute Deep Prime cues at the scaled timestamps"}],"endTime":1779238763562,"message":"","name":"C:\\Users\\dwill\\.gemini\\antigravity\\scratch\\Anchor\\anchor\\mobile\\src\\screens\\rituals\\__tests__\\RitualScreen.test.tsx","startTime":1779238753625,"status":"passed","summary":""},{"assertionResults":[{"ancestorTitles":["VaultScreen"],"duration":60,"failureDetails":[],"failureMessages":[],"fullName":"VaultScreen renders empty state when no anchors","invocations":1,"location":null,"numPassingAsserts":2,"retryReasons":[],"status":"passed","title":"renders empty state when no anchors"},{"ancestorTitles":["VaultScreen"],"duration":22,"failureDetails":[],"failureMessages":[],"fullName":"VaultScreen renders anchor grid when anchors exist","invocations":1,"location":null,"numPassingAsserts":2,"retryReasons":[],"status":"passed","title":"renders anchor grid when anchors exist"},{"ancestorTitles":["VaultScreen"],"duration":12,"failureDetails":[],"failureMessages":[],"fullName":"VaultScreen shows skeleton loader while loading","invocations":1,"location":null,"numPassingAsserts":1,"retryReasons":[],"status":"passed","title":"shows skeleton loader while loading"},{"ancestorTitles":["VaultScreen"],"duration":19,"failureDetails":[],"failureMessages":[],"fullName":"VaultScreen tapping forge button navigates to anchor creation","invocations":1,"location":null,"numPassingAsserts":1,"retryReasons":[],"status":"passed","title":"tapping forge button navigates to anchor creation"},{"ancestorTitles":["VaultScreen"],"duration":20,"failureDetails":[],"failureMessages":[],"fullName":"VaultScreen shows hero card when anchor limit is reached","invocations":1,"location":null,"numPassingAsserts":1,"retryReasons":[],"status":"passed","title":"shows hero card when anchor limit is reached"},{"ancestorTitles":["VaultScreen"],"duration":23,"failureDetails":[],"failureMessages":[],"fullName":"VaultScreen tapping persistent create button navigates to create anchor","invocations":1,"location":null,"numPassingAsserts":1,"retryReasons":[],"status":"passed","title":"tapping persistent create button navigates to create anchor"},{"ancestorTitles":["VaultScreen"],"duration":19,"failureDetails":[],"failureMessages":[],"fullName":"VaultScreen hides released anchors from Sanctuary content","invocations":1,"location":null,"numPassingAsserts":2,"retryReasons":[],"status":"passed","title":"hides released anchors from Sanctuary content"},{"ancestorTitles":["VaultScreen"],"duration":21,"failureDetails":[],"failureMessages":[],"fullName":"VaultScreen shows the empty sanctuary state when only released anchors remain","invocations":1,"location":null,"numPassingAsserts":2,"retryReasons":[],"status":"passed","title":"shows the empty sanctuary state when only released anchors remain"},{"ancestorTitles":["VaultScreen"],"duration":24,"failureDetails":[],"failureMessages":[],"fullName":"VaultScreen routes unauthenticated returning users to the create flow","invocations":1,"location":null,"numPassingAsserts":1,"retryReasons":[],"status":"passed","title":"routes unauthenticated returning users to the create flow"},{"ancestorTitles":["VaultScreen"],"duration":31,"failureDetails":[],"failureMessages":[],"fullName":"VaultScreen routes authenticated users without entitlement to the create flow","invocations":1,"location":null,"numPassingAsserts":1,"retryReasons":[],"status":"passed","title":"routes authenticated users without entitlement to the create flow"}],"endTime":1779238764713,"message":"","name":"C:\\Users\\dwill\\.gemini\\antigravity\\scratch\\Anchor\\anchor\\mobile\\src\\screens\\vault\\__tests__\\VaultScreen.test.tsx","startTime":1779238763569,"status":"passed","summary":""},{"assertionResults":[{"ancestorTitles":["SaveProgressScreen"],"duration":30,"failureDetails":[],"failureMessages":[],"fullName":"SaveProgressScreen renders the save progress sheet","invocations":1,"location":null,"numPassingAsserts":4,"retryReasons":[],"status":"passed","title":"renders the save progress sheet"},{"ancestorTitles":["SaveProgressScreen"],"duration":5,"failureDetails":[],"failureMessages":[],"fullName":"SaveProgressScreen shows the anchor intention text","invocations":1,"location":null,"numPassingAsserts":1,"retryReasons":[],"status":"passed","title":"shows the anchor intention text"},{"ancestorTitles":["SaveProgressScreen"],"duration":7,"failureDetails":[],"failureMessages":[],"fullName":"SaveProgressScreen navigates to SignUp when Create Account is pressed","invocations":1,"location":null,"numPassingAsserts":1,"retryReasons":[],"status":"passed","title":"navigates to SignUp when Create Account is pressed"},{"ancestorTitles":["SaveProgressScreen"],"duration":5,"failureDetails":[],"failureMessages":[],"fullName":"SaveProgressScreen navigates to Login when sign in is pressed","invocations":1,"location":null,"numPassingAsserts":1,"retryReasons":[],"status":"passed","title":"navigates to Login when sign in is pressed"},{"ancestorTitles":["SaveProgressScreen"],"duration":3,"failureDetails":[],"failureMessages":[],"fullName":"SaveProgressScreen completes onboarding and navigates to Vault on skip","invocations":1,"location":null,"numPassingAsserts":2,"retryReasons":[],"status":"passed","title":"completes onboarding and navigates to Vault on skip"},{"ancestorTitles":["SaveProgressScreen"],"duration":4,"failureDetails":[],"failureMessages":[],"fullName":"SaveProgressScreen renders empty anchor thumbnail when anchorSvg is empty","invocations":1,"location":null,"numPassingAsserts":1,"retryReasons":[],"status":"passed","title":"renders empty anchor thumbnail when anchorSvg is empty"}],"endTime":1779238766615,"message":"","name":"C:\\Users\\dwill\\.gemini\\antigravity\\scratch\\Anchor\\anchor\\mobile\\src\\screens\\auth\\__tests__\\SaveProgressScreen.test.tsx","startTime":1779238764720,"status":"passed","summary":""},{"assertionResults":[{"ancestorTitles":["DurationSelectionStep","Focus Mode"],"duration":30,"failureDetails":[],"failureMessages":[],"fullName":"DurationSelectionStep Focus Mode renders Focus mode duration options","invocations":1,"location":null,"numPassingAsserts":3,"retryReasons":[],"status":"passed","title":"renders Focus mode duration options"},{"ancestorTitles":["DurationSelectionStep","Focus Mode"],"duration":32,"failureDetails":[],"failureMessages":[],"fullName":"DurationSelectionStep Focus Mode calls onSelectDuration with 30 seconds when 30s option pressed","invocations":1,"location":null,"numPassingAsserts":1,"retryReasons":[],"status":"passed","title":"calls onSelectDuration with 30 seconds when 30s option pressed"},{"ancestorTitles":["DurationSelectionStep","Focus Mode"],"duration":13,"failureDetails":[],"failureMessages":[],"fullName":"DurationSelectionStep Focus Mode calls onSelectDuration with 120 seconds when 2m option pressed","invocations":1,"location":null,"numPassingAsserts":1,"retryReasons":[],"status":"passed","title":"calls onSelectDuration with 120 seconds when 2m option pressed"},{"ancestorTitles":["DurationSelectionStep","Ritual Mode"],"duration":7,"failureDetails":[],"failureMessages":[],"fullName":"DurationSelectionStep Ritual Mode renders Ritual mode duration options","invocations":1,"location":null,"numPassingAsserts":3,"retryReasons":[],"status":"passed","title":"renders Ritual mode duration options"},{"ancestorTitles":["DurationSelectionStep","Ritual Mode"],"duration":14,"failureDetails":[],"failureMessages":[],"fullName":"DurationSelectionStep Ritual Mode calls onSelectDuration with 300 seconds when 5m option pressed","invocations":1,"location":null,"numPassingAsserts":1,"retryReasons":[],"status":"passed","title":"calls onSelectDuration with 300 seconds when 5m option pressed"},{"ancestorTitles":["DurationSelectionStep","Ritual Mode"],"duration":14,"failureDetails":[],"failureMessages":[],"fullName":"DurationSelectionStep Ritual Mode calls onSelectDuration with 600 seconds when 10m option pressed","invocations":1,"location":null,"numPassingAsserts":1,"retryReasons":[],"status":"passed","title":"calls onSelectDuration with 600 seconds when 10m option pressed"},{"ancestorTitles":["DurationSelectionStep","Continue Button"],"duration":5,"failureDetails":[],"failureMessages":[],"fullName":"DurationSelectionStep Continue Button renders Continue button","invocations":1,"location":null,"numPassingAsserts":1,"retryReasons":[],"status":"passed","title":"renders Continue button"},{"ancestorTitles":["DurationSelectionStep","Continue Button"],"duration":5,"failureDetails":[],"failureMessages":[],"fullName":"DurationSelectionStep Continue Button disables Continue button when no duration selected","invocations":1,"location":null,"numPassingAsserts":2,"retryReasons":[],"status":"passed","title":"disables Continue button when no duration selected"},{"ancestorTitles":["DurationSelectionStep","Continue Button"],"duration":13,"failureDetails":[],"failureMessages":[],"fullName":"DurationSelectionStep Continue Button calls onContinue when Continue pressed after selection","invocations":1,"location":null,"numPassingAsserts":2,"retryReasons":[],"status":"passed","title":"calls onContinue when Continue pressed after selection"},{"ancestorTitles":["DurationSelectionStep","Step Indicator"],"duration":6,"failureDetails":[],"failureMessages":[],"fullName":"DurationSelectionStep Step Indicator displays step indicator \"STEP 2 OF 2\"","invocations":1,"location":null,"numPassingAsserts":1,"retryReasons":[],"status":"passed","title":"displays step indicator \"STEP 2 OF 2\""},{"ancestorTitles":["DurationSelectionStep","Step Indicator"],"duration":5,"failureDetails":[],"failureMessages":[],"fullName":"DurationSelectionStep Step Indicator displays title \"Duration\"","invocations":1,"location":null,"numPassingAsserts":1,"retryReasons":[],"status":"passed","title":"displays title \"Duration\""},{"ancestorTitles":["DurationSelectionStep","Step Indicator"],"duration":6,"failureDetails":[],"failureMessages":[],"fullName":"DurationSelectionStep Step Indicator displays subtitle with instructions","invocations":1,"location":null,"numPassingAsserts":1,"retryReasons":[],"status":"passed","title":"displays subtitle with instructions"},{"ancestorTitles":["DurationSelectionStep","Selection Feedback"],"duration":13,"failureDetails":[],"failureMessages":[],"fullName":"DurationSelectionStep Selection Feedback marks selected duration visually","invocations":1,"location":null,"numPassingAsserts":1,"retryReasons":[],"status":"passed","title":"marks selected duration visually"}],"endTime":1779238767209,"message":"","name":"C:\\Users\\dwill\\.gemini\\antigravity\\scratch\\Anchor\\anchor\\mobile\\src\\screens\\rituals\\components\\__tests__\\DurationSelectionStep.test.tsx","startTime":1779238766622,"status":"passed","summary":""},{"assertionResults":[{"ancestorTitles":["LoadingSpinner Component"],"duration":83,"failureDetails":[],"failureMessages":[],"fullName":"LoadingSpinner Component should render without crashing","invocations":1,"location":null,"numPassingAsserts":1,"retryReasons":[],"status":"passed","title":"should render without crashing"},{"ancestorTitles":["LoadingSpinner Component"],"duration":4,"failureDetails":[],"failureMessages":[],"fullName":"LoadingSpinner Component should render with custom message","invocations":1,"location":null,"numPassingAsserts":2,"retryReasons":[],"status":"passed","title":"should render with custom message"},{"ancestorTitles":["LoadingSpinner Component"],"duration":3,"failureDetails":[],"failureMessages":[],"fullName":"LoadingSpinner Component should have proper accessibility label with message","invocations":1,"location":null,"numPassingAsserts":1,"retryReasons":[],"status":"passed","title":"should have proper accessibility label with message"},{"ancestorTitles":["LoadingSpinner Component"],"duration":3,"failureDetails":[],"failureMessages":[],"fullName":"LoadingSpinner Component should have default accessibility label without message","invocations":1,"location":null,"numPassingAsserts":1,"retryReasons":[],"status":"passed","title":"should have default accessibility label without message"},{"ancestorTitles":["LoadingSpinner Component"],"duration":3,"failureDetails":[],"failureMessages":[],"fullName":"LoadingSpinner Component should have accessibility live region","invocations":1,"location":null,"numPassingAsserts":1,"retryReasons":[],"status":"passed","title":"should have accessibility live region"},{"ancestorTitles":["LoadingSpinner Component"],"duration":2,"failureDetails":[],"failureMessages":[],"fullName":"LoadingSpinner Component should render small size correctly","invocations":1,"location":null,"numPassingAsserts":1,"retryReasons":[],"status":"passed","title":"should render small size correctly"},{"ancestorTitles":["LoadingSpinner Component"],"duration":2,"failureDetails":[],"failureMessages":[],"fullName":"LoadingSpinner Component should render medium size correctly","invocations":1,"location":null,"numPassingAsserts":1,"retryReasons":[],"status":"passed","title":"should render medium size correctly"},{"ancestorTitles":["LoadingSpinner Component"],"duration":2,"failureDetails":[],"failureMessages":[],"fullName":"LoadingSpinner Component should render large size correctly","invocations":1,"location":null,"numPassingAsserts":1,"retryReasons":[],"status":"passed","title":"should render large size correctly"},{"ancestorTitles":["LoadingSpinner Component"],"duration":2,"failureDetails":[],"failureMessages":[],"fullName":"LoadingSpinner Component should accept custom color","invocations":1,"location":null,"numPassingAsserts":1,"retryReasons":[],"status":"passed","title":"should accept custom color"},{"ancestorTitles":["LoadingOverlay Component"],"duration":4,"failureDetails":[],"failureMessages":[],"fullName":"LoadingOverlay Component should render LoadingOverlay","invocations":1,"location":null,"numPassingAsserts":1,"retryReasons":[],"status":"passed","title":"should render LoadingOverlay"},{"ancestorTitles":["LoadingOverlay Component"],"duration":4,"failureDetails":[],"failureMessages":[],"fullName":"LoadingOverlay Component should render with message","invocations":1,"location":null,"numPassingAsserts":1,"retryReasons":[],"status":"passed","title":"should render with message"},{"ancestorTitles":["LoadingOverlay Component"],"duration":3,"failureDetails":[],"failureMessages":[],"fullName":"LoadingOverlay Component should render with all LoadingSpinner props","invocations":1,"location":null,"numPassingAsserts":1,"retryReasons":[],"status":"passed","title":"should render with all LoadingSpinner props"}],"endTime":1779238767505,"message":"","name":"C:\\Users\\dwill\\.gemini\\antigravity\\scratch\\Anchor\\anchor\\mobile\\src\\components\\__tests__\\LoadingSpinner.test.tsx","startTime":1779238767215,"status":"passed","summary":""},{"assertionResults":[{"ancestorTitles":["platform baseline"],"duration":40,"failureDetails":[],"failureMessages":[],"fullName":"platform baseline high for iOS","invocations":1,"location":null,"numPassingAsserts":1,"retryReasons":[],"status":"passed","title":"high for iOS"},{"ancestorTitles":["platform baseline"],"duration":10,"failureDetails":[],"failureMessages":[],"fullName":"platform baseline low for Android SDK < 29","invocations":1,"location":null,"numPassingAsserts":1,"retryReasons":[],"status":"passed","title":"low for Android SDK < 29"},{"ancestorTitles":["platform baseline"],"duration":2,"failureDetails":[],"failureMessages":[],"fullName":"platform baseline medium for Android SDK 29–30","invocations":1,"location":null,"numPassingAsserts":1,"retryReasons":[],"status":"passed","title":"medium for Android SDK 29–30"},{"ancestorTitles":["platform baseline"],"duration":1,"failureDetails":[],"failureMessages":[],"fullName":"platform baseline high for Android SDK >= 31 + high pixel density","invocations":1,"location":null,"numPassingAsserts":1,"retryReasons":[],"status":"passed","title":"high for Android SDK >= 31 + high pixel density"},{"ancestorTitles":["platform baseline"],"duration":1,"failureDetails":[],"failureMessages":[],"fullName":"platform baseline medium for Android SDK >= 31 + low pixel density","invocations":1,"location":null,"numPassingAsserts":1,"retryReasons":[],"status":"passed","title":"medium for Android SDK >= 31 + low pixel density"},{"ancestorTitles":["expo-device year class"],"duration":2,"failureDetails":[{"matcherResult":{"actual":"high","expected":"low","message":"expect(received).toBe(expected) // Object.is equality\n\nExpected: \"low\"\nReceived: \"high\"","name":"toBe","pass":false}}],"failureMessages":["Error: expect(received).toBe(expected) // Object.is equality\n\nExpected: \"low\"\nReceived: \"high\"\n    at Object.toBe (C:\\Users\\dwill\\.gemini\\antigravity\\scratch\\Anchor\\anchor\\mobile\\src\\hooks\\__tests__\\usePerformanceTier.test.ts:125:28)\n    at Promise.then.completed (C:\\Users\\dwill\\.gemini\\antigravity\\scratch\\Anchor\\anchor\\mobile\\node_modules\\jest-circus\\build\\utils.js:298:28)\n    at new Promise (<anonymous>)\n    at callAsyncCircusFn (C:\\Users\\dwill\\.gemini\\antigravity\\scratch\\Anchor\\anchor\\mobile\\node_modules\\jest-circus\\build\\utils.js:231:10)\n    at _callCircusTest (C:\\Users\\dwill\\.gemini\\antigravity\\scratch\\Anchor\\anchor\\mobile\\node_modules\\jest-circus\\build\\run.js:316:40)\n    at _runTest (C:\\Users\\dwill\\.gemini\\antigravity\\scratch\\Anchor\\anchor\\mobile\\node_modules\\jest-circus\\build\\run.js:252:3)\n    at _runTestsForDescribeBlock (C:\\Users\\dwill\\.gemini\\antigravity\\scratch\\Anchor\\anchor\\mobile\\node_modules\\jest-circus\\build\\run.js:126:9)\n    at _runTestsForDescribeBlock (C:\\Users\\dwill\\.gemini\\antigravity\\scratch\\Anchor\\anchor\\mobile\\node_modules\\jest-circus\\build\\run.js:121:9)\n    at run (C:\\Users\\dwill\\.gemini\\antigravity\\scratch\\Anchor\\anchor\\mobile\\node_modules\\jest-circus\\build\\run.js:71:3)\n    at runAndTransformResultsToJestFormat (C:\\Users\\dwill\\.gemini\\antigravity\\scratch\\Anchor\\anchor\\mobile\\node_modules\\jest-circus\\build\\legacy-code-todo-rewrite\\jestAdapterInit.js:122:21)\n    at jestAdapter (C:\\Users\\dwill\\.gemini\\antigravity\\scratch\\Anchor\\anchor\\mobile\\node_modules\\jest-circus\\build\\legacy-code-todo-rewrite\\jestAdapter.js:79:19)\n    at runTestInternal (C:\\Users\\dwill\\.gemini\\antigravity\\scratch\\Anchor\\anchor\\mobile\\node_modules\\jest-runner\\build\\runTest.js:367:16)\n    at runTest (C:\\Users\\dwill\\.gemini\\antigravity\\scratch\\Anchor\\anchor\\mobile\\node_modules\\jest-runner\\build\\runTest.js:444:34)\n    at Object.worker (C:\\Users\\dwill\\.gemini\\antigravity\\scratch\\Anchor\\anchor\\mobile\\node_modules\\jest-runner\\build\\testWorker.js:106:12)"],"fullName":"expo-device year class low for year class < 2019 on iOS","invocations":1,"location":null,"numPassingAsserts":0,"retryReasons":[],"status":"failed","title":"low for year class < 2019 on iOS"},{"ancestorTitles":["expo-device year class"],"duration":2,"failureDetails":[{"matcherResult":{"actual":"high","expected":"medium","message":"expect(received).toBe(expected) // Object.is equality\n\nExpected: \"medium\"\nReceived: \"high\"","name":"toBe","pass":false}}],"failureMessages":["Error: expect(received).toBe(expected) // Object.is equality\n\nExpected: \"medium\"\nReceived: \"high\"\n    at Object.toBe (C:\\Users\\dwill\\.gemini\\antigravity\\scratch\\Anchor\\anchor\\mobile\\src\\hooks\\__tests__\\usePerformanceTier.test.ts:132:28)\n    at Promise.then.completed (C:\\Users\\dwill\\.gemini\\antigravity\\scratch\\Anchor\\anchor\\mobile\\node_modules\\jest-circus\\build\\utils.js:298:28)\n    at new Promise (<anonymous>)\n    at callAsyncCircusFn (C:\\Users\\dwill\\.gemini\\antigravity\\scratch\\Anchor\\anchor\\mobile\\node_modules\\jest-circus\\build\\utils.js:231:10)\n    at _callCircusTest (C:\\Users\\dwill\\.gemini\\antigravity\\scratch\\Anchor\\anchor\\mobile\\node_modules\\jest-circus\\build\\run.js:316:40)\n    at _runTest (C:\\Users\\dwill\\.gemini\\antigravity\\scratch\\Anchor\\anchor\\mobile\\node_modules\\jest-circus\\build\\run.js:252:3)\n    at _runTestsForDescribeBlock (C:\\Users\\dwill\\.gemini\\antigravity\\scratch\\Anchor\\anchor\\mobile\\node_modules\\jest-circus\\build\\run.js:126:9)\n    at _runTestsForDescribeBlock (C:\\Users\\dwill\\.gemini\\antigravity\\scratch\\Anchor\\anchor\\mobile\\node_modules\\jest-circus\\build\\run.js:121:9)\n    at run (C:\\Users\\dwill\\.gemini\\antigravity\\scratch\\Anchor\\anchor\\mobile\\node_modules\\jest-circus\\build\\run.js:71:3)\n    at runAndTransformResultsToJestFormat (C:\\Users\\dwill\\.gemini\\antigravity\\scratch\\Anchor\\anchor\\mobile\\node_modules\\jest-circus\\build\\legacy-code-todo-rewrite\\jestAdapterInit.js:122:21)\n    at jestAdapter (C:\\Users\\dwill\\.gemini\\antigravity\\scratch\\Anchor\\anchor\\mobile\\node_modules\\jest-circus\\build\\legacy-code-todo-rewrite\\jestAdapter.js:79:19)\n    at runTestInternal (C:\\Users\\dwill\\.gemini\\antigravity\\scratch\\Anchor\\anchor\\mobile\\node_modules\\jest-runner\\build\\runTest.js:367:16)\n    at runTest (C:\\Users\\dwill\\.gemini\\antigravity\\scratch\\Anchor\\anchor\\mobile\\node_modules\\jest-runner\\build\\runTest.js:444:34)\n    at Object.worker (C:\\Users\\dwill\\.gemini\\antigravity\\scratch\\Anchor\\anchor\\mobile\\node_modules\\jest-runner\\build\\testWorker.js:106:12)"],"fullName":"expo-device year class medium for year class 2019–2020 on iOS","invocations":1,"location":null,"numPassingAsserts":0,"retryReasons":[],"status":"failed","title":"medium for year class 2019–2020 on iOS"},{"ancestorTitles":["expo-device year class"],"duration":1,"failureDetails":[],"failureMessages":[],"fullName":"expo-device year class high for year class >= 2021 on iOS","invocations":1,"location":null,"numPassingAsserts":1,"retryReasons":[],"status":"passed","title":"high for year class >= 2021 on iOS"},{"ancestorTitles":["expo-device total memory"],"duration":1,"failureDetails":[{"matcherResult":{"actual":"high","expected":"low","message":"expect(received).toBe(expected) // Object.is equality\n\nExpected: \"low\"\nReceived: \"high\"","name":"toBe","pass":false}}],"failureMessages":["Error: expect(received).toBe(expected) // Object.is equality\n\nExpected: \"low\"\nReceived: \"high\"\n    at Object.toBe (C:\\Users\\dwill\\.gemini\\antigravity\\scratch\\Anchor\\anchor\\mobile\\src\\hooks\\__tests__\\usePerformanceTier.test.ts:152:28)\n    at Promise.then.completed (C:\\Users\\dwill\\.gemini\\antigravity\\scratch\\Anchor\\anchor\\mobile\\node_modules\\jest-circus\\build\\utils.js:298:28)\n    at new Promise (<anonymous>)\n    at callAsyncCircusFn (C:\\Users\\dwill\\.gemini\\antigravity\\scratch\\Anchor\\anchor\\mobile\\node_modules\\jest-circus\\build\\utils.js:231:10)\n    at _callCircusTest (C:\\Users\\dwill\\.gemini\\antigravity\\scratch\\Anchor\\anchor\\mobile\\node_modules\\jest-circus\\build\\run.js:316:40)\n    at _runTest (C:\\Users\\dwill\\.gemini\\antigravity\\scratch\\Anchor\\anchor\\mobile\\node_modules\\jest-circus\\build\\run.js:252:3)\n    at _runTestsForDescribeBlock (C:\\Users\\dwill\\.gemini\\antigravity\\scratch\\Anchor\\anchor\\mobile\\node_modules\\jest-circus\\build\\run.js:126:9)\n    at _runTestsForDescribeBlock (C:\\Users\\dwill\\.gemini\\antigravity\\scratch\\Anchor\\anchor\\mobile\\node_modules\\jest-circus\\build\\run.js:121:9)\n    at run (C:\\Users\\dwill\\.gemini\\antigravity\\scratch\\Anchor\\anchor\\mobile\\node_modules\\jest-circus\\build\\run.js:71:3)\n    at runAndTransformResultsToJestFormat (C:\\Users\\dwill\\.gemini\\antigravity\\scratch\\Anchor\\anchor\\mobile\\node_modules\\jest-circus\\build\\legacy-code-todo-rewrite\\jestAdapterInit.js:122:21)\n    at jestAdapter (C:\\Users\\dwill\\.gemini\\antigravity\\scratch\\Anchor\\anchor\\mobile\\node_modules\\jest-circus\\build\\legacy-code-todo-rewrite\\jestAdapter.js:79:19)\n    at runTestInternal (C:\\Users\\dwill\\.gemini\\antigravity\\scratch\\Anchor\\anchor\\mobile\\node_modules\\jest-runner\\build\\runTest.js:367:16)\n    at runTest (C:\\Users\\dwill\\.gemini\\antigravity\\scratch\\Anchor\\anchor\\mobile\\node_modules\\jest-runner\\build\\runTest.js:444:34)\n    at Object.worker (C:\\Users\\dwill\\.gemini\\antigravity\\scratch\\Anchor\\anchor\\mobile\\node_modules\\jest-runner\\build\\testWorker.js:106:12)"],"fullName":"expo-device total memory low for < 2 GB RAM","invocations":1,"location":null,"numPassingAsserts":0,"retryReasons":[],"status":"failed","title":"low for < 2 GB RAM"},{"ancestorTitles":["expo-device total memory"],"duration":1,"failureDetails":[{"matcherResult":{"actual":"high","expected":"medium","message":"expect(received).toBe(expected) // Object.is equality\n\nExpected: \"medium\"\nReceived: \"high\"","name":"toBe","pass":false}}],"failureMessages":["Error: expect(received).toBe(expected) // Object.is equality\n\nExpected: \"medium\"\nReceived: \"high\"\n    at Object.toBe (C:\\Users\\dwill\\.gemini\\antigravity\\scratch\\Anchor\\anchor\\mobile\\src\\hooks\\__tests__\\usePerformanceTier.test.ts:159:28)\n    at Promise.then.completed (C:\\Users\\dwill\\.gemini\\antigravity\\scratch\\Anchor\\anchor\\mobile\\node_modules\\jest-circus\\build\\utils.js:298:28)\n    at new Promise (<anonymous>)\n    at callAsyncCircusFn (C:\\Users\\dwill\\.gemini\\antigravity\\scratch\\Anchor\\anchor\\mobile\\node_modules\\jest-circus\\build\\utils.js:231:10)\n    at _callCircusTest (C:\\Users\\dwill\\.gemini\\antigravity\\scratch\\Anchor\\anchor\\mobile\\node_modules\\jest-circus\\build\\run.js:316:40)\n    at _runTest (C:\\Users\\dwill\\.gemini\\antigravity\\scratch\\Anchor\\anchor\\mobile\\node_modules\\jest-circus\\build\\run.js:252:3)\n    at _runTestsForDescribeBlock (C:\\Users\\dwill\\.gemini\\antigravity\\scratch\\Anchor\\anchor\\mobile\\node_modules\\jest-circus\\build\\run.js:126:9)\n    at _runTestsForDescribeBlock (C:\\Users\\dwill\\.gemini\\antigravity\\scratch\\Anchor\\anchor\\mobile\\node_modules\\jest-circus\\build\\run.js:121:9)\n    at run (C:\\Users\\dwill\\.gemini\\antigravity\\scratch\\Anchor\\anchor\\mobile\\node_modules\\jest-circus\\build\\run.js:71:3)\n    at runAndTransformResultsToJestFormat (C:\\Users\\dwill\\.gemini\\antigravity\\scratch\\Anchor\\anchor\\mobile\\node_modules\\jest-circus\\build\\legacy-code-todo-rewrite\\jestAdapterInit.js:122:21)\n    at jestAdapter (C:\\Users\\dwill\\.gemini\\antigravity\\scratch\\Anchor\\anchor\\mobile\\node_modules\\jest-circus\\build\\legacy-code-todo-rewrite\\jestAdapter.js:79:19)\n    at runTestInternal (C:\\Users\\dwill\\.gemini\\antigravity\\scratch\\Anchor\\anchor\\mobile\\node_modules\\jest-runner\\build\\runTest.js:367:16)\n    at runTest (C:\\Users\\dwill\\.gemini\\antigravity\\scratch\\Anchor\\anchor\\mobile\\node_modules\\jest-runner\\build\\runTest.js:444:34)\n    at Object.worker (C:\\Users\\dwill\\.gemini\\antigravity\\scratch\\Anchor\\anchor\\mobile\\node_modules\\jest-runner\\build\\testWorker.js:106:12)"],"fullName":"expo-device total memory medium for 2–3 GB RAM","invocations":1,"location":null,"numPassingAsserts":0,"retryReasons":[],"status":"failed","title":"medium for 2–3 GB RAM"},{"ancestorTitles":["expo-device total memory"],"duration":1,"failureDetails":[],"failureMessages":[],"fullName":"expo-device total memory high for >= 3 GB RAM on iOS","invocations":1,"location":null,"numPassingAsserts":1,"retryReasons":[],"status":"passed","title":"high for >= 3 GB RAM on iOS"},{"ancestorTitles":["known flagship Android models"],"duration":1,"failureDetails":[],"failureMessages":[],"fullName":"known flagship Android models keeps Galaxy S24 Ultra classified as high","invocations":1,"location":null,"numPassingAsserts":1,"retryReasons":[],"status":"passed","title":"keeps Galaxy S24 Ultra classified as high"},{"ancestorTitles":["known flagship Android models"],"duration":0,"failureDetails":[],"failureMessages":[],"fullName":"known flagship Android models keeps Pixel 9 Pro classified as high","invocations":1,"location":null,"numPassingAsserts":1,"retryReasons":[],"status":"passed","title":"keeps Pixel 9 Pro classified as high"},{"ancestorTitles":["reduce-motion"],"duration":1,"failureDetails":[],"failureMessages":[],"fullName":"reduce-motion low when reduce-motion is enabled at mount","invocations":1,"location":null,"numPassingAsserts":1,"retryReasons":[],"status":"passed","title":"low when reduce-motion is enabled at mount"},{"ancestorTitles":["reduce-motion"],"duration":2,"failureDetails":[],"failureMessages":[],"fullName":"reduce-motion responds live when reduce-motion is toggled on","invocations":1,"location":null,"numPassingAsserts":2,"retryReasons":[],"status":"passed","title":"responds live when reduce-motion is toggled on"},{"ancestorTitles":["reduce-motion"],"duration":1,"failureDetails":[],"failureMessages":[],"fullName":"reduce-motion recovers to high when reduce-motion is toggled back off","invocations":1,"location":null,"numPassingAsserts":2,"retryReasons":[],"status":"passed","title":"recovers to high when reduce-motion is toggled back off"},{"ancestorTitles":["battery low-power mode"],"duration":0,"failureDetails":[{"matcherResult":{"actual":"high","expected":"low","message":"expect(received).toBe(expected) // Object.is equality\n\nExpected: \"low\"\nReceived: \"high\"","name":"toBe","pass":false}}],"failureMessages":["Error: expect(received).toBe(expected) // Object.is equality\n\nExpected: \"low\"\nReceived: \"high\"\n    at Object.toBe (C:\\Users\\dwill\\.gemini\\antigravity\\scratch\\Anchor\\anchor\\mobile\\src\\hooks\\__tests__\\usePerformanceTier.test.ts:244:28)\n    at Generator.next (<anonymous>)\n    at asyncGeneratorStep (C:\\Users\\dwill\\.gemini\\antigravity\\scratch\\Anchor\\anchor\\mobile\\node_modules\\@babel\\runtime\\helpers\\asyncToGenerator.js:3:17)\n    at _next (C:\\Users\\dwill\\.gemini\\antigravity\\scratch\\Anchor\\anchor\\mobile\\node_modules\\@babel\\runtime\\helpers\\asyncToGenerator.js:17:9)"],"fullName":"battery low-power mode low when device starts in low-power mode","invocations":1,"location":null,"numPassingAsserts":0,"retryReasons":[],"status":"failed","title":"low when device starts in low-power mode"},{"ancestorTitles":["battery low-power mode"],"duration":1,"failureDetails":[{"matcherResult":{"actual":"high","expected":"low","message":"expect(received).toBe(expected) // Object.is equality\n\nExpected: \"low\"\nReceived: \"high\"","name":"toBe","pass":false}}],"failureMessages":["Error: expect(received).toBe(expected) // Object.is equality\n\nExpected: \"low\"\nReceived: \"high\"\n    at Object.toBe (C:\\Users\\dwill\\.gemini\\antigravity\\scratch\\Anchor\\anchor\\mobile\\src\\hooks\\__tests__\\usePerformanceTier.test.ts:259:28)\n    at Generator.next (<anonymous>)\n    at asyncGeneratorStep (C:\\Users\\dwill\\.gemini\\antigravity\\scratch\\Anchor\\anchor\\mobile\\node_modules\\@babel\\runtime\\helpers\\asyncToGenerator.js:3:17)\n    at _next (C:\\Users\\dwill\\.gemini\\antigravity\\scratch\\Anchor\\anchor\\mobile\\node_modules\\@babel\\runtime\\helpers\\asyncToGenerator.js:17:9)\n    at C:\\Users\\dwill\\.gemini\\antigravity\\scratch\\Anchor\\anchor\\mobile\\node_modules\\@babel\\runtime\\helpers\\asyncToGenerator.js:22:7\n    at new Promise (<anonymous>)\n    at Object.<anonymous> (C:\\Users\\dwill\\.gemini\\antigravity\\scratch\\Anchor\\anchor\\mobile\\node_modules\\@babel\\runtime\\helpers\\asyncToGenerator.js:14:12)\n    at Promise.then.completed (C:\\Users\\dwill\\.gemini\\antigravity\\scratch\\Anchor\\anchor\\mobile\\node_modules\\jest-circus\\build\\utils.js:298:28)\n    at new Promise (<anonymous>)\n    at callAsyncCircusFn (C:\\Users\\dwill\\.gemini\\antigravity\\scratch\\Anchor\\anchor\\mobile\\node_modules\\jest-circus\\build\\utils.js:231:10)\n    at _callCircusTest (C:\\Users\\dwill\\.gemini\\antigravity\\scratch\\Anchor\\anchor\\mobile\\node_modules\\jest-circus\\build\\run.js:316:40)\n    at _runTest (C:\\Users\\dwill\\.gemini\\antigravity\\scratch\\Anchor\\anchor\\mobile\\node_modules\\jest-circus\\build\\run.js:252:3)\n    at _runTestsForDescribeBlock (C:\\Users\\dwill\\.gemini\\antigravity\\scratch\\Anchor\\anchor\\mobile\\node_modules\\jest-circus\\build\\run.js:126:9)\n    at _runTestsForDescribeBlock (C:\\Users\\dwill\\.gemini\\antigravity\\scratch\\Anchor\\anchor\\mobile\\node_modules\\jest-circus\\build\\run.js:121:9)\n    at run (C:\\Users\\dwill\\.gemini\\antigravity\\scratch\\Anchor\\anchor\\mobile\\node_modules\\jest-circus\\build\\run.js:71:3)\n    at runAndTransformResultsToJestFormat (C:\\Users\\dwill\\.gemini\\antigravity\\scratch\\Anchor\\anchor\\mobile\\node_modules\\jest-circus\\build\\legacy-code-todo-rewrite\\jestAdapterInit.js:122:21)\n    at jestAdapter (C:\\Users\\dwill\\.gemini\\antigravity\\scratch\\Anchor\\anchor\\mobile\\node_modules\\jest-circus\\build\\legacy-code-todo-rewrite\\jestAdapter.js:79:19)\n    at runTestInternal (C:\\Users\\dwill\\.gemini\\antigravity\\scratch\\Anchor\\anchor\\mobile\\node_modules\\jest-runner\\build\\runTest.js:367:16)\n    at runTest (C:\\Users\\dwill\\.gemini\\antigravity\\scratch\\Anchor\\anchor\\mobile\\node_modules\\jest-runner\\build\\runTest.js:444:34)\n    at Object.worker (C:\\Users\\dwill\\.gemini\\antigravity\\scratch\\Anchor\\anchor\\mobile\\node_modules\\jest-runner\\build\\testWorker.js:106:12)"],"fullName":"battery low-power mode responds live to low-power mode changes","invocations":1,"location":null,"numPassingAsserts":1,"retryReasons":[],"status":"failed","title":"responds live to low-power mode changes"},{"ancestorTitles":["override"],"duration":0,"failureDetails":[],"failureMessages":[],"fullName":"override forces 'low' regardless of device signals","invocations":1,"location":null,"numPassingAsserts":1,"retryReasons":[],"status":"passed","title":"forces 'low' regardless of device signals"},{"ancestorTitles":["override"],"duration":1,"failureDetails":[],"failureMessages":[],"fullName":"override forces 'medium' even on a high-tier iOS device","invocations":1,"location":null,"numPassingAsserts":1,"retryReasons":[],"status":"passed","title":"forces 'medium' even on a high-tier iOS device"},{"ancestorTitles":["override"],"duration":0,"failureDetails":[],"failureMessages":[],"fullName":"override 'auto' defers to detected tier","invocations":1,"location":null,"numPassingAsserts":1,"retryReasons":[],"status":"passed","title":"'auto' defers to detected tier"},{"ancestorTitles":["tierPolicy"],"duration":1,"failureDetails":[],"failureMessages":[],"fullName":"tierPolicy enables everything for high","invocations":1,"location":null,"numPassingAsserts":1,"retryReasons":[],"status":"passed","title":"enables everything for high"},{"ancestorTitles":["tierPolicy"],"duration":1,"failureDetails":[],"failureMessages":[],"fullName":"tierPolicy freezes per-frame effects for medium","invocations":1,"location":null,"numPassingAsserts":4,"retryReasons":[],"status":"passed","title":"freezes per-frame effects for medium"},{"ancestorTitles":["tierPolicy"],"duration":0,"failureDetails":[],"failureMessages":[],"fullName":"tierPolicy disables everything for low","invocations":1,"location":null,"numPassingAsserts":4,"retryReasons":[],"status":"passed","title":"disables everything for low"},{"ancestorTitles":["cleanup"],"duration":1,"failureDetails":[{"matcherResult":{"message":"expect(jest.fn()).toHaveBeenCalled()\n\nExpected number of calls: >= 1\nReceived number of calls:    0","pass":false}}],"failureMessages":["Error: expect(jest.fn()).toHaveBeenCalled()\n\nExpected number of calls: >= 1\nReceived number of calls:    0\n    at Object.toHaveBeenCalled (C:\\Users\\dwill\\.gemini\\antigravity\\scratch\\Anchor\\anchor\\mobile\\src\\hooks\\__tests__\\usePerformanceTier.test.ts:334:27)\n    at Generator.next (<anonymous>)\n    at asyncGeneratorStep (C:\\Users\\dwill\\.gemini\\antigravity\\scratch\\Anchor\\anchor\\mobile\\node_modules\\@babel\\runtime\\helpers\\asyncToGenerator.js:3:17)\n    at _next (C:\\Users\\dwill\\.gemini\\antigravity\\scratch\\Anchor\\anchor\\mobile\\node_modules\\@babel\\runtime\\helpers\\asyncToGenerator.js:17:9)\n    at C:\\Users\\dwill\\.gemini\\antigravity\\scratch\\Anchor\\anchor\\mobile\\node_modules\\@babel\\runtime\\helpers\\asyncToGenerator.js:22:7\n    at new Promise (<anonymous>)\n    at Object.<anonymous> (C:\\Users\\dwill\\.gemini\\antigravity\\scratch\\Anchor\\anchor\\mobile\\node_modules\\@babel\\runtime\\helpers\\asyncToGenerator.js:14:12)\n    at Promise.then.completed (C:\\Users\\dwill\\.gemini\\antigravity\\scratch\\Anchor\\anchor\\mobile\\node_modules\\jest-circus\\build\\utils.js:298:28)\n    at new Promise (<anonymous>)\n    at callAsyncCircusFn (C:\\Users\\dwill\\.gemini\\antigravity\\scratch\\Anchor\\anchor\\mobile\\node_modules\\jest-circus\\build\\utils.js:231:10)\n    at _callCircusTest (C:\\Users\\dwill\\.gemini\\antigravity\\scratch\\Anchor\\anchor\\mobile\\node_modules\\jest-circus\\build\\run.js:316:40)\n    at _runTest (C:\\Users\\dwill\\.gemini\\antigravity\\scratch\\Anchor\\anchor\\mobile\\node_modules\\jest-circus\\build\\run.js:252:3)\n    at _runTestsForDescribeBlock (C:\\Users\\dwill\\.gemini\\antigravity\\scratch\\Anchor\\anchor\\mobile\\node_modules\\jest-circus\\build\\run.js:126:9)\n    at _runTestsForDescribeBlock (C:\\Users\\dwill\\.gemini\\antigravity\\scratch\\Anchor\\anchor\\mobile\\node_modules\\jest-circus\\build\\run.js:121:9)\n    at run (C:\\Users\\dwill\\.gemini\\antigravity\\scratch\\Anchor\\anchor\\mobile\\node_modules\\jest-circus\\build\\run.js:71:3)\n    at runAndTransformResultsToJestFormat (C:\\Users\\dwill\\.gemini\\antigravity\\scratch\\Anchor\\anchor\\mobile\\node_modules\\jest-circus\\build\\legacy-code-todo-rewrite\\jestAdapterInit.js:122:21)\n    at jestAdapter (C:\\Users\\dwill\\.gemini\\antigravity\\scratch\\Anchor\\anchor\\mobile\\node_modules\\jest-circus\\build\\legacy-code-todo-rewrite\\jestAdapter.js:79:19)\n    at runTestInternal (C:\\Users\\dwill\\.gemini\\antigravity\\scratch\\Anchor\\anchor\\mobile\\node_modules\\jest-runner\\build\\runTest.js:367:16)\n    at runTest (C:\\Users\\dwill\\.gemini\\antigravity\\scratch\\Anchor\\anchor\\mobile\\node_modules\\jest-runner\\build\\runTest.js:444:34)\n    at Object.worker (C:\\Users\\dwill\\.gemini\\antigravity\\scratch\\Anchor\\anchor\\mobile\\node_modules\\jest-runner\\build\\testWorker.js:106:12)"],"fullName":"cleanup removes both listeners on unmount","invocations":1,"location":null,"numPassingAsserts":1,"retryReasons":[],"status":"failed","title":"removes both listeners on unmount"}],"endTime":1779238767745,"message":"  ● expo-device year class › low for year class < 2019 on iOS\n\n    expect(received).toBe(expected) // Object.is equality\n\n    Expected: \"low\"\n    Received: \"high\"\n\n    \u001b[0m \u001b[90m 123 |\u001b[39m     setDeviceYearClass(\u001b[35m2017\u001b[39m)\u001b[33m;\u001b[39m\n     \u001b[90m 124 |\u001b[39m     \u001b[36mconst\u001b[39m { result } \u001b[33m=\u001b[39m renderHook(() \u001b[33m=>\u001b[39m usePerformanceTier())\u001b[33m;\u001b[39m\n    \u001b[31m\u001b[1m>\u001b[22m\u001b[39m\u001b[90m 125 |\u001b[39m     expect(result\u001b[33m.\u001b[39mcurrent)\u001b[33m.\u001b[39mtoBe(\u001b[32m'low'\u001b[39m)\u001b[33m;\u001b[39m\n     \u001b[90m     |\u001b[39m                            \u001b[31m\u001b[1m^\u001b[22m\u001b[39m\n     \u001b[90m 126 |\u001b[39m   })\u001b[33m;\u001b[39m\n     \u001b[90m 127 |\u001b[39m\n     \u001b[90m 128 |\u001b[39m   it(\u001b[32m'medium for year class 2019–2020 on iOS'\u001b[39m\u001b[33m,\u001b[39m () \u001b[33m=>\u001b[39m {\u001b[0m\n\n      at Object.toBe (src/hooks/__tests__/usePerformanceTier.test.ts:125:28)\n\n  ● expo-device year class › medium for year class 2019–2020 on iOS\n\n    expect(received).toBe(expected) // Object.is equality\n\n    Expected: \"medium\"\n    Received: \"high\"\n\n    \u001b[0m \u001b[90m 130 |\u001b[39m     setDeviceYearClass(\u001b[35m2020\u001b[39m)\u001b[33m;\u001b[39m\n     \u001b[90m 131 |\u001b[39m     \u001b[36mconst\u001b[39m { result } \u001b[33m=\u001b[39m renderHook(() \u001b[33m=>\u001b[39m usePerformanceTier())\u001b[33m;\u001b[39m\n    \u001b[31m\u001b[1m>\u001b[22m\u001b[39m\u001b[90m 132 |\u001b[39m     expect(result\u001b[33m.\u001b[39mcurrent)\u001b[33m.\u001b[39mtoBe(\u001b[32m'medium'\u001b[39m)\u001b[33m;\u001b[39m\n     \u001b[90m     |\u001b[39m                            \u001b[31m\u001b[1m^\u001b[22m\u001b[39m\n     \u001b[90m 133 |\u001b[39m   })\u001b[33m;\u001b[39m\n     \u001b[90m 134 |\u001b[39m\n     \u001b[90m 135 |\u001b[39m   it(\u001b[32m'high for year class >= 2021 on iOS'\u001b[39m\u001b[33m,\u001b[39m () \u001b[33m=>\u001b[39m {\u001b[0m\n\n      at Object.toBe (src/hooks/__tests__/usePerformanceTier.test.ts:132:28)\n\n  ● expo-device total memory › low for < 2 GB RAM\n\n    expect(received).toBe(expected) // Object.is equality\n\n    Expected: \"low\"\n    Received: \"high\"\n\n    \u001b[0m \u001b[90m 150 |\u001b[39m     setTotalMemory(\u001b[35m1.5\u001b[39m \u001b[33m*\u001b[39m \u001b[33mGB\u001b[39m)\u001b[33m;\u001b[39m\n     \u001b[90m 151 |\u001b[39m     \u001b[36mconst\u001b[39m { result } \u001b[33m=\u001b[39m renderHook(() \u001b[33m=>\u001b[39m usePerformanceTier())\u001b[33m;\u001b[39m\n    \u001b[31m\u001b[1m>\u001b[22m\u001b[39m\u001b[90m 152 |\u001b[39m     expect(result\u001b[33m.\u001b[39mcurrent)\u001b[33m.\u001b[39mtoBe(\u001b[32m'low'\u001b[39m)\u001b[33m;\u001b[39m\n     \u001b[90m     |\u001b[39m                            \u001b[31m\u001b[1m^\u001b[22m\u001b[39m\n     \u001b[90m 153 |\u001b[39m   })\u001b[33m;\u001b[39m\n     \u001b[90m 154 |\u001b[39m\n     \u001b[90m 155 |\u001b[39m   it(\u001b[32m'medium for 2–3 GB RAM'\u001b[39m\u001b[33m,\u001b[39m () \u001b[33m=>\u001b[39m {\u001b[0m\n\n      at Object.toBe (src/hooks/__tests__/usePerformanceTier.test.ts:152:28)\n\n  ● expo-device total memory › medium for 2–3 GB RAM\n\n    expect(received).toBe(expected) // Object.is equality\n\n    Expected: \"medium\"\n    Received: \"high\"\n\n    \u001b[0m \u001b[90m 157 |\u001b[39m     setTotalMemory(\u001b[35m2.5\u001b[39m \u001b[33m*\u001b[39m \u001b[33mGB\u001b[39m)\u001b[33m;\u001b[39m\n     \u001b[90m 158 |\u001b[39m     \u001b[36mconst\u001b[39m { result } \u001b[33m=\u001b[39m renderHook(() \u001b[33m=>\u001b[39m usePerformanceTier())\u001b[33m;\u001b[39m\n    \u001b[31m\u001b[1m>\u001b[22m\u001b[39m\u001b[90m 159 |\u001b[39m     expect(result\u001b[33m.\u001b[39mcurrent)\u001b[33m.\u001b[39mtoBe(\u001b[32m'medium'\u001b[39m)\u001b[33m;\u001b[39m\n     \u001b[90m     |\u001b[39m                            \u001b[31m\u001b[1m^\u001b[22m\u001b[39m\n     \u001b[90m 160 |\u001b[39m   })\u001b[33m;\u001b[39m\n     \u001b[90m 161 |\u001b[39m\n     \u001b[90m 162 |\u001b[39m   it(\u001b[32m'high for >= 3 GB RAM on iOS'\u001b[39m\u001b[33m,\u001b[39m () \u001b[33m=>\u001b[39m {\u001b[0m\n\n      at Object.toBe (src/hooks/__tests__/usePerformanceTier.test.ts:159:28)\n\n  ● battery low-power mode › low when device starts in low-power mode\n\n    expect(received).toBe(expected) // Object.is equality\n\n    Expected: \"low\"\n    Received: \"high\"\n\n    \u001b[0m \u001b[90m 242 |\u001b[39m     \u001b[36mconst\u001b[39m { result } \u001b[33m=\u001b[39m renderHook(() \u001b[33m=>\u001b[39m usePerformanceTier())\u001b[33m;\u001b[39m\n     \u001b[90m 243 |\u001b[39m     \u001b[36mawait\u001b[39m flushAsync()\u001b[33m;\u001b[39m\n    \u001b[31m\u001b[1m>\u001b[22m\u001b[39m\u001b[90m 244 |\u001b[39m     expect(result\u001b[33m.\u001b[39mcurrent)\u001b[33m.\u001b[39mtoBe(\u001b[32m'low'\u001b[39m)\u001b[33m;\u001b[39m\n     \u001b[90m     |\u001b[39m                            \u001b[31m\u001b[1m^\u001b[22m\u001b[39m\n     \u001b[90m 245 |\u001b[39m   })\u001b[33m;\u001b[39m\n     \u001b[90m 246 |\u001b[39m\n     \u001b[90m 247 |\u001b[39m   it(\u001b[32m'responds live to low-power mode changes'\u001b[39m\u001b[33m,\u001b[39m \u001b[36masync\u001b[39m () \u001b[33m=>\u001b[39m {\u001b[0m\n\n      at Object.toBe (src/hooks/__tests__/usePerformanceTier.test.ts:244:28)\n      at asyncGeneratorStep (node_modules/@babel/runtime/helpers/asyncToGenerator.js:3:17)\n      at _next (node_modules/@babel/runtime/helpers/asyncToGenerator.js:17:9)\n\n  ● battery low-power mode › responds live to low-power mode changes\n\n    expect(received).toBe(expected) // Object.is equality\n\n    Expected: \"low\"\n    Received: \"high\"\n\n    \u001b[0m \u001b[90m 257 |\u001b[39m     expect(result\u001b[33m.\u001b[39mcurrent)\u001b[33m.\u001b[39mtoBe(\u001b[32m'high'\u001b[39m)\u001b[33m;\u001b[39m\n     \u001b[90m 258 |\u001b[39m     act(() \u001b[33m=>\u001b[39m { listener({ lowPowerMode\u001b[33m:\u001b[39m \u001b[36mtrue\u001b[39m })\u001b[33m;\u001b[39m })\u001b[33m;\u001b[39m\n    \u001b[31m\u001b[1m>\u001b[22m\u001b[39m\u001b[90m 259 |\u001b[39m     expect(result\u001b[33m.\u001b[39mcurrent)\u001b[33m.\u001b[39mtoBe(\u001b[32m'low'\u001b[39m)\u001b[33m;\u001b[39m\n     \u001b[90m     |\u001b[39m                            \u001b[31m\u001b[1m^\u001b[22m\u001b[39m\n     \u001b[90m 260 |\u001b[39m     act(() \u001b[33m=>\u001b[39m { listener({ lowPowerMode\u001b[33m:\u001b[39m \u001b[36mfalse\u001b[39m })\u001b[33m;\u001b[39m })\u001b[33m;\u001b[39m\n     \u001b[90m 261 |\u001b[39m     expect(result\u001b[33m.\u001b[39mcurrent)\u001b[33m.\u001b[39mtoBe(\u001b[32m'high'\u001b[39m)\u001b[33m;\u001b[39m\n     \u001b[90m 262 |\u001b[39m   })\u001b[33m;\u001b[39m\u001b[0m\n\n      at Object.toBe (src/hooks/__tests__/usePerformanceTier.test.ts:259:28)\n      at asyncGeneratorStep (node_modules/@babel/runtime/helpers/asyncToGenerator.js:3:17)\n      at _next (node_modules/@babel/runtime/helpers/asyncToGenerator.js:17:9)\n      at node_modules/@babel/runtime/helpers/asyncToGenerator.js:22:7\n      at Object.<anonymous> (node_modules/@babel/runtime/helpers/asyncToGenerator.js:14:12)\n\n  ● cleanup › removes both listeners on unmount\n\n    expect(jest.fn()).toHaveBeenCalled()\n\n    Expected number of calls: >= 1\n    Received number of calls:    0\n\n    \u001b[0m \u001b[90m 332 |\u001b[39m\n     \u001b[90m 333 |\u001b[39m     expect(removeSub)\u001b[33m.\u001b[39mtoHaveBeenCalled()\u001b[33m;\u001b[39m\n    \u001b[31m\u001b[1m>\u001b[22m\u001b[39m\u001b[90m 334 |\u001b[39m     expect(removeBattery)\u001b[33m.\u001b[39mtoHaveBeenCalled()\u001b[33m;\u001b[39m\n     \u001b[90m     |\u001b[39m                           \u001b[31m\u001b[1m^\u001b[22m\u001b[39m\n     \u001b[90m 335 |\u001b[39m   })\u001b[33m;\u001b[39m\n     \u001b[90m 336 |\u001b[39m })\u001b[33m;\u001b[39m\n     \u001b[90m 337 |\u001b[39m\u001b[0m\n\n      at Object.toHaveBeenCalled (src/hooks/__tests__/usePerformanceTier.test.ts:334:27)\n      at asyncGeneratorStep (node_modules/@babel/runtime/helpers/asyncToGenerator.js:3:17)\n      at _next (node_modules/@babel/runtime/helpers/asyncToGenerator.js:17:9)\n      at node_modules/@babel/runtime/helpers/asyncToGenerator.js:22:7\n      at Object.<anonymous> (node_modules/@babel/runtime/helpers/asyncToGenerator.js:14:12)\n","name":"C:\\Users\\dwill\\.gemini\\antigravity\\scratch\\Anchor\\anchor\\mobile\\src\\hooks\\__tests__\\usePerformanceTier.test.ts","startTime":1779238767513,"status":"failed","summary":""},{"assertionResults":[{"ancestorTitles":["anchorStateHelpers"],"duration":1,"failureDetails":[],"failureMessages":[],"fullName":"anchorStateHelpers detects pre-ignition anchors","invocations":1,"location":null,"numPassingAsserts":3,"retryReasons":[],"status":"passed","title":"detects pre-ignition anchors"},{"ancestorTitles":["anchorStateHelpers"],"duration":0,"failureDetails":[],"failureMessages":[],"fullName":"anchorStateHelpers detects ignition from chargedAt","invocations":1,"location":null,"numPassingAsserts":1,"retryReasons":[],"status":"passed","title":"detects ignition from chargedAt"},{"ancestorTitles":["anchorStateHelpers"],"duration":1,"failureDetails":[],"failureMessages":[],"fullName":"anchorStateHelpers detects ignition from metadata fields","invocations":1,"location":null,"numPassingAsserts":1,"retryReasons":[],"status":"passed","title":"detects ignition from metadata fields"},{"ancestorTitles":["anchorStateHelpers"],"duration":0,"failureDetails":[],"failureMessages":[],"fullName":"anchorStateHelpers formats post-ignition status copy with relative activation time","invocations":1,"location":null,"numPassingAsserts":2,"retryReasons":[],"status":"passed","title":"formats post-ignition status copy with relative activation time"},{"ancestorTitles":["anchorStateHelpers"],"duration":0,"failureDetails":[],"failureMessages":[],"fullName":"anchorStateHelpers returns recent activation deep charge microcopy for fresh activations","invocations":1,"location":null,"numPassingAsserts":1,"retryReasons":[],"status":"passed","title":"returns recent activation deep charge microcopy for fresh activations"},{"ancestorTitles":["anchorStateHelpers"],"duration":1,"failureDetails":[],"failureMessages":[],"fullName":"anchorStateHelpers returns stale deep charge microcopy for old activations","invocations":1,"location":null,"numPassingAsserts":1,"retryReasons":[],"status":"passed","title":"returns stale deep charge microcopy for old activations"},{"ancestorTitles":["anchorStateHelpers"],"duration":0,"failureDetails":[],"failureMessages":[],"fullName":"anchorStateHelpers returns default deep charge microcopy for intermediate activations","invocations":1,"location":null,"numPassingAsserts":1,"retryReasons":[],"status":"passed","title":"returns default deep charge microcopy for intermediate activations"},{"ancestorTitles":["anchorStateHelpers"],"duration":0,"failureDetails":[],"failureMessages":[],"fullName":"anchorStateHelpers treats missing or invalid activation timestamps as stale copy","invocations":1,"location":null,"numPassingAsserts":2,"retryReasons":[],"status":"passed","title":"treats missing or invalid activation timestamps as stale copy"}],"endTime":1779238767917,"message":"","name":"C:\\Users\\dwill\\.gemini\\antigravity\\scratch\\Anchor\\anchor\\mobile\\src\\screens\\vault\\utils\\__tests__\\anchorStateHelpers.test.ts","startTime":1779238767752,"status":"passed","summary":""},{"assertionResults":[{"ancestorTitles":["ReturningIntentionScreen"],"duration":174,"failureDetails":[],"failureMessages":[],"fullName":"ReturningIntentionScreen prefills the pending forge intent and clears it after consuming","invocations":1,"location":null,"numPassingAsserts":2,"retryReasons":[],"status":"passed","title":"prefills the pending forge intent and clears it after consuming"},{"ancestorTitles":["ReturningIntentionScreen"],"duration":373,"failureDetails":[],"failureMessages":[],"fullName":"ReturningIntentionScreen routes unauthenticated users to auth gate and preserves the typed intention","invocations":1,"location":null,"numPassingAsserts":3,"retryReasons":[],"status":"passed","title":"routes unauthenticated users to auth gate and preserves the typed intention"},{"ancestorTitles":["ReturningIntentionScreen"],"duration":372,"failureDetails":[],"failureMessages":[],"fullName":"ReturningIntentionScreen routes authenticated users without entitlement to paywall","invocations":1,"location":null,"numPassingAsserts":3,"retryReasons":[],"status":"passed","title":"routes authenticated users without entitlement to paywall"}],"endTime":1779238769165,"message":"","name":"C:\\Users\\dwill\\.gemini\\antigravity\\scratch\\Anchor\\anchor\\mobile\\src\\screens\\create\\__tests__\\ReturningIntentionScreen.test.tsx","startTime":1779238767931,"status":"passed","summary":""},{"assertionResults":[{"ancestorTitles":["LetterDistillationScreen"],"duration":94,"failureDetails":[],"failureMessages":[],"fullName":"LetterDistillationScreen shows skip for returning users with locally stored anchors","invocations":1,"location":null,"numPassingAsserts":1,"retryReasons":[],"status":"passed","title":"shows skip for returning users with locally stored anchors"},{"ancestorTitles":["LetterDistillationScreen"],"duration":14,"failureDetails":[],"failureMessages":[],"fullName":"LetterDistillationScreen hides skip for first-time users","invocations":1,"location":null,"numPassingAsserts":1,"retryReasons":[],"status":"passed","title":"hides skip for first-time users"}],"endTime":1779238769634,"message":"","name":"C:\\Users\\dwill\\.gemini\\antigravity\\scratch\\Anchor\\anchor\\mobile\\src\\screens\\create\\__tests__\\LetterDistillationScreen.test.tsx","startTime":1779238769173,"status":"passed","summary":""},{"assertionResults":[{"ancestorTitles":["useWeeklyStats"],"duration":4,"failureDetails":[],"failureMessages":[],"fullName":"useWeeklyStats derives user-relative week numbers and lifetime day/time insights from priming history","invocations":1,"location":null,"numPassingAsserts":10,"retryReasons":[],"status":"passed","title":"derives user-relative week numbers and lifetime day/time insights from priming history"},{"ancestorTitles":["useWeeklyStats"],"duration":2,"failureDetails":[],"failureMessages":[],"fullName":"useWeeklyStats defaults new users to week 1 with empty insight fallbacks","invocations":1,"location":null,"numPassingAsserts":5,"retryReasons":[],"status":"passed","title":"defaults new users to week 1 with empty insight fallbacks"},{"ancestorTitles":["useWeeklyStats"],"duration":2,"failureDetails":[],"failureMessages":[],"fullName":"useWeeklyStats falls back to the sole active anchor when there are no weekly primes","invocations":1,"location":null,"numPassingAsserts":1,"retryReasons":[],"status":"passed","title":"falls back to the sole active anchor when there are no weekly primes"}],"endTime":1779238769865,"message":"","name":"C:\\Users\\dwill\\.gemini\\antigravity\\scratch\\Anchor\\anchor\\mobile\\src\\hooks\\__tests__\\useWeeklyStats.test.ts","startTime":1779238769641,"status":"passed","summary":""},{"assertionResults":[{"ancestorTitles":["AnchorDetailScreen"],"duration":79,"failureDetails":[],"failureMessages":[],"fullName":"AnchorDetailScreen stub: renders anchor name and symbol","invocations":1,"location":null,"numPassingAsserts":3,"retryReasons":[],"status":"passed","title":"stub: renders anchor name and symbol"},{"ancestorTitles":["AnchorDetailScreen"],"duration":24,"failureDetails":[],"failureMessages":[],"fullName":"AnchorDetailScreen stub: Open Practice button navigates to Practice","invocations":1,"location":null,"numPassingAsserts":1,"retryReasons":[],"status":"passed","title":"stub: Open Practice button navigates to Practice"},{"ancestorTitles":["AnchorDetailScreen"],"duration":23,"failureDetails":[],"failureMessages":[],"fullName":"AnchorDetailScreen stub: shows the new priming CTA copy","invocations":1,"location":null,"numPassingAsserts":2,"retryReasons":[],"status":"passed","title":"stub: shows the new priming CTA copy"},{"ancestorTitles":["AnchorDetailScreen"],"duration":32,"failureDetails":[],"failureMessages":[],"fullName":"AnchorDetailScreen stub: shows the compact priming stats","invocations":1,"location":null,"numPassingAsserts":4,"retryReasons":[],"status":"passed","title":"stub: shows the compact priming stats"},{"ancestorTitles":["AnchorDetailScreen"],"duration":59,"failureDetails":[],"failureMessages":[],"fullName":"AnchorDetailScreen opens the per-anchor thread strength sheet from the stats row","invocations":1,"location":null,"numPassingAsserts":3,"retryReasons":[],"status":"passed","title":"opens the per-anchor thread strength sheet from the stats row"},{"ancestorTitles":["AnchorDetailScreen"],"duration":86,"failureDetails":[],"failureMessages":[],"fullName":"AnchorDetailScreen disables anchor glow layers and background orbs on low-tier devices","invocations":1,"location":null,"numPassingAsserts":3,"retryReasons":[],"status":"passed","title":"disables anchor glow layers and background orbs on low-tier devices"},{"ancestorTitles":["AnchorDetailScreen"],"duration":21,"failureDetails":[],"failureMessages":[],"fullName":"AnchorDetailScreen renders wallpaper and png export actions","invocations":1,"location":null,"numPassingAsserts":4,"retryReasons":[],"status":"passed","title":"renders wallpaper and png export actions"},{"ancestorTitles":["AnchorDetailScreen"],"duration":308,"failureDetails":[],"failureMessages":[],"fullName":"AnchorDetailScreen shares a branded anchor card from the detail screen","invocations":1,"location":null,"numPassingAsserts":4,"retryReasons":[],"status":"passed","title":"shares a branded anchor card from the detail screen"},{"ancestorTitles":["AnchorDetailScreen"],"duration":183,"failureDetails":[],"failureMessages":[],"fullName":"AnchorDetailScreen passes legacy sigil artwork into the share card renderer","invocations":1,"location":null,"numPassingAsserts":1,"retryReasons":[],"status":"passed","title":"passes legacy sigil artwork into the share card renderer"},{"ancestorTitles":["AnchorDetailScreen"],"duration":151,"failureDetails":[],"failureMessages":[],"fullName":"AnchorDetailScreen exports wallpaper from the detail screen","invocations":1,"location":null,"numPassingAsserts":3,"retryReasons":[],"status":"passed","title":"exports wallpaper from the detail screen"},{"ancestorTitles":["AnchorDetailScreen"],"duration":71,"failureDetails":[],"failureMessages":[],"fullName":"AnchorDetailScreen downloads png from the detail screen","invocations":1,"location":null,"numPassingAsserts":2,"retryReasons":[],"status":"passed","title":"downloads png from the detail screen"},{"ancestorTitles":["AnchorDetailScreen"],"duration":113,"failureDetails":[],"failureMessages":[],"fullName":"AnchorDetailScreen shows the delete action in production and recommends burn & release first","invocations":1,"location":null,"numPassingAsserts":6,"retryReasons":[],"status":"passed","title":"shows the delete action in production and recommends burn & release first"}],"endTime":1779238771509,"message":"","name":"C:\\Users\\dwill\\.gemini\\antigravity\\scratch\\Anchor\\anchor\\mobile\\src\\screens\\vault\\__tests__\\AnchorDetailScreen.test.tsx","startTime":1779238769872,"status":"passed","summary":""},{"assertionResults":[{"ancestorTitles":["MantraCreationScreen"],"duration":62,"failureDetails":[],"failureMessages":[],"fullName":"MantraCreationScreen stub: renders 4 mantra style options","invocations":1,"location":null,"numPassingAsserts":3,"retryReasons":[],"status":"passed","title":"stub: renders 4 mantra style options"},{"ancestorTitles":["MantraCreationScreen"],"duration":32,"failureDetails":[],"failureMessages":[],"fullName":"MantraCreationScreen stub: displays generated mantra text","invocations":1,"location":null,"numPassingAsserts":2,"retryReasons":[],"status":"passed","title":"stub: displays generated mantra text"},{"ancestorTitles":["MantraCreationScreen"],"duration":48,"failureDetails":[],"failureMessages":[],"fullName":"MantraCreationScreen stub: play button triggers audio (mocked)","invocations":1,"location":null,"numPassingAsserts":2,"retryReasons":[],"status":"passed","title":"stub: play button triggers audio (mocked)"},{"ancestorTitles":["MantraCreationScreen"],"duration":94,"failureDetails":[],"failureMessages":[],"fullName":"MantraCreationScreen stub: Continue navigates to charge setup with auto-start enabled","invocations":1,"location":null,"numPassingAsserts":1,"retryReasons":[],"status":"passed","title":"stub: Continue navigates to charge setup with auto-start enabled"}],"endTime":1779238772196,"message":"","name":"C:\\Users\\dwill\\.gemini\\antigravity\\scratch\\Anchor\\anchor\\mobile\\src\\screens\\create\\__tests__\\MantraCreationScreen.test.tsx","startTime":1779238771516,"status":"passed","summary":""},{"assertionResults":[{"ancestorTitles":["AuthGateScreen"],"duration":57,"failureDetails":[],"failureMessages":[],"fullName":"AuthGateScreen shows only monthly and annual plans","invocations":1,"location":null,"numPassingAsserts":3,"retryReasons":[],"status":"passed","title":"shows only monthly and annual plans"},{"ancestorTitles":["AuthGateScreen"],"duration":35,"failureDetails":[],"failureMessages":[],"fullName":"AuthGateScreen opens account creation from the auth gate","invocations":1,"location":null,"numPassingAsserts":1,"retryReasons":[],"status":"passed","title":"opens account creation from the auth gate"},{"ancestorTitles":["AuthGateScreen"],"duration":21,"failureDetails":[],"failureMessages":[],"fullName":"AuthGateScreen opens sign in from the auth gate","invocations":1,"location":null,"numPassingAsserts":1,"retryReasons":[],"status":"passed","title":"opens sign in from the auth gate"},{"ancestorTitles":["AuthGateScreen"],"duration":16,"failureDetails":[],"failureMessages":[],"fullName":"AuthGateScreen routes first-anchor account creation through the account-finalization flow","invocations":1,"location":null,"numPassingAsserts":1,"retryReasons":[],"status":"passed","title":"routes first-anchor account creation through the account-finalization flow"},{"ancestorTitles":["AuthGateScreen"],"duration":16,"failureDetails":[],"failureMessages":[],"fullName":"AuthGateScreen dismisses the auth gate when Close is pressed","invocations":1,"location":null,"numPassingAsserts":1,"retryReasons":[],"status":"passed","title":"dismisses the auth gate when Close is pressed"}],"endTime":1779238772832,"message":"","name":"C:\\Users\\dwill\\.gemini\\antigravity\\scratch\\Anchor\\anchor\\mobile\\src\\screens\\auth\\__tests__\\AuthGateScreen.test.tsx","startTime":1779238772201,"status":"passed","summary":""},{"assertionResults":[{"ancestorTitles":["ChargeSetupScreen"],"duration":95,"failureDetails":[],"failureMessages":[],"fullName":"ChargeSetupScreen stub: renders anchor focal point","invocations":1,"location":null,"numPassingAsserts":1,"retryReasons":[],"status":"passed","title":"stub: renders anchor focal point"},{"ancestorTitles":["ChargeSetupScreen"],"duration":37,"failureDetails":[],"failureMessages":[],"fullName":"ChargeSetupScreen stub: selecting deep depth shows duration picker","invocations":1,"location":null,"numPassingAsserts":2,"retryReasons":[],"status":"passed","title":"stub: selecting deep depth shows duration picker"},{"ancestorTitles":["ChargeSetupScreen"],"duration":13,"failureDetails":[],"failureMessages":[],"fullName":"ChargeSetupScreen stub: selecting light depth shows duration picker","invocations":1,"location":null,"numPassingAsserts":2,"retryReasons":[],"status":"passed","title":"stub: selecting light depth shows duration picker"},{"ancestorTitles":["ChargeSetupScreen"],"duration":13,"failureDetails":[],"failureMessages":[],"fullName":"ChargeSetupScreen stub: Begin button disabled until depth and duration selected","invocations":1,"location":null,"numPassingAsserts":1,"retryReasons":[],"status":"passed","title":"stub: Begin button disabled until depth and duration selected"},{"ancestorTitles":["ChargeSetupScreen"],"duration":9,"failureDetails":[],"failureMessages":[],"fullName":"ChargeSetupScreen stub: Begin button enabled after both selections","invocations":1,"location":null,"numPassingAsserts":1,"retryReasons":[],"status":"passed","title":"stub: Begin button enabled after both selections"},{"ancestorTitles":["ChargeSetupScreen"],"duration":11,"failureDetails":[],"failureMessages":[],"fullName":"ChargeSetupScreen stub: shows quick path for returning users","invocations":1,"location":null,"numPassingAsserts":4,"retryReasons":[],"status":"passed","title":"stub: shows quick path for returning users"},{"ancestorTitles":["ChargeSetupScreen"],"duration":28,"failureDetails":[],"failureMessages":[],"fullName":"ChargeSetupScreen starts the selected path immediately in auto-start mode","invocations":1,"location":null,"numPassingAsserts":1,"retryReasons":[],"status":"passed","title":"starts the selected path immediately in auto-start mode"},{"ancestorTitles":["ChargeSetupScreen"],"duration":7,"failureDetails":[],"failureMessages":[],"fullName":"ChargeSetupScreen renders the enhanced anchor artwork when available","invocations":1,"location":null,"numPassingAsserts":1,"retryReasons":[],"status":"passed","title":"renders the enhanced anchor artwork when available"},{"ancestorTitles":["ChargeSetupScreen"],"duration":8,"failureDetails":[],"failureMessages":[],"fullName":"ChargeSetupScreen falls back to the structure artwork when no enhanced image exists","invocations":1,"location":null,"numPassingAsserts":1,"retryReasons":[],"status":"passed","title":"falls back to the structure artwork when no enhanced image exists"}],"endTime":1779238773264,"message":"","name":"C:\\Users\\dwill\\.gemini\\antigravity\\scratch\\Anchor\\anchor\\mobile\\src\\screens\\rituals\\__tests__\\ChargeSetupScreen.test.tsx","startTime":1779238772837,"status":"passed","summary":""},{"assertionResults":[{"ancestorTitles":["BreathingAnimation"],"duration":75,"failureDetails":[],"failureMessages":[],"fullName":"BreathingAnimation renders the breathing animation screen","invocations":1,"location":null,"numPassingAsserts":1,"retryReasons":[],"status":"passed","title":"renders the breathing animation screen"},{"ancestorTitles":["BreathingAnimation"],"duration":5,"failureDetails":[],"failureMessages":[],"fullName":"BreathingAnimation displays initial instruction \"Breathe in...\"","invocations":1,"location":null,"numPassingAsserts":1,"retryReasons":[],"status":"passed","title":"displays initial instruction \"Breathe in...\""},{"ancestorTitles":["BreathingAnimation"],"duration":4,"failureDetails":[],"failureMessages":[],"fullName":"BreathingAnimation displays subtitle text","invocations":1,"location":null,"numPassingAsserts":1,"retryReasons":[],"status":"passed","title":"displays subtitle text"},{"ancestorTitles":["BreathingAnimation"],"duration":6,"failureDetails":[],"failureMessages":[],"fullName":"BreathingAnimation changes instruction to \"Breathe out...\" after 1.5 seconds","invocations":1,"location":null,"numPassingAsserts":2,"retryReasons":[],"status":"passed","title":"changes instruction to \"Breathe out...\" after 1.5 seconds"},{"ancestorTitles":["BreathingAnimation"],"duration":4,"failureDetails":[],"failureMessages":[],"fullName":"BreathingAnimation navigates back after completion by default","invocations":1,"location":null,"numPassingAsserts":1,"retryReasons":[],"status":"passed","title":"navigates back after completion by default"},{"ancestorTitles":["BreathingAnimation"],"duration":7,"failureDetails":[],"failureMessages":[],"fullName":"BreathingAnimation navigates to Ritual for charge source params","invocations":1,"location":null,"numPassingAsserts":1,"retryReasons":[],"status":"passed","title":"navigates to Ritual for charge source params"},{"ancestorTitles":["BreathingAnimation"],"duration":4,"failureDetails":[],"failureMessages":[],"fullName":"BreathingAnimation renders progress indicator dots","invocations":1,"location":null,"numPassingAsserts":1,"retryReasons":[],"status":"passed","title":"renders progress indicator dots"},{"ancestorTitles":["BreathingAnimation"],"duration":3,"failureDetails":[],"failureMessages":[],"fullName":"BreathingAnimation unmounts cleanly without memory leaks","invocations":1,"location":null,"numPassingAsserts":1,"retryReasons":[],"status":"passed","title":"unmounts cleanly without memory leaks"},{"ancestorTitles":["BreathingAnimation"],"duration":3,"failureDetails":[],"failureMessages":[],"fullName":"BreathingAnimation handles rapid mounting and unmounting","invocations":1,"location":null,"numPassingAsserts":1,"retryReasons":[],"status":"passed","title":"handles rapid mounting and unmounting"},{"ancestorTitles":["BreathingAnimation"],"duration":6,"failureDetails":[],"failureMessages":[],"fullName":"BreathingAnimation only triggers animation sequence once on mount","invocations":1,"location":null,"numPassingAsserts":1,"retryReasons":[],"status":"passed","title":"only triggers animation sequence once on mount"}],"endTime":1779238773681,"message":"","name":"C:\\Users\\dwill\\.gemini\\antigravity\\scratch\\Anchor\\anchor\\mobile\\src\\screens\\rituals\\components\\__tests__\\BreathingAnimation.test.tsx","startTime":1779238773272,"status":"passed","summary":""},{"assertionResults":[{"ancestorTitles":["IntentionInputScreen"],"duration":90,"failureDetails":[],"failureMessages":[],"fullName":"IntentionInputScreen stub: renders correctly","invocations":1,"location":null,"numPassingAsserts":2,"retryReasons":[],"status":"passed","title":"stub: renders correctly"},{"ancestorTitles":["IntentionInputScreen"],"duration":13,"failureDetails":[],"failureMessages":[],"fullName":"IntentionInputScreen stub: disab
[...]
ll,"numPassingAsserts":2,"retryReasons":[],"status":"passed","title":"should reject string with only spaces"},{"ancestorTitles":["validateIntention","invalid intentions"],"duration":0,"failureDetails":[],"failureMessages":[],"fullName":"validateIntention invalid intentions should reject string with no letters","invocations":1,"location":null,"numPassingAsserts":2,"retryReasons":[],"status":"passed","title":"should reject string with no letters"},{"ancestorTitles":["validateIntention","invalid intentions"],"duration":1,"failureDetails":[],"failureMessages":[],"fullName":"validateIntention invalid intentions should reject very short string","invocations":1,"location":null,"numPassingAsserts":2,"retryReasons":[],"status":"passed","title":"should reject very short string"},{"ancestorTitles":["validateIntention","invalid intentions"],"duration":0,"failureDetails":[],"failureMessages":[],"fullName":"validateIntention invalid intentions should reject very long string","invocations":1,"location":null,"numPassingAsserts":2,"retryReasons":[],"status":"passed","title":"should reject very long string"},{"ancestorTitles":["validateIntention","invalid intentions"],"duration":1,"failureDetails":[],"failureMessages":[],"fullName":"validateIntention invalid intentions should reject string that produces less than 2 letters","invocations":1,"location":null,"numPassingAsserts":2,"retryReasons":[],"status":"passed","title":"should reject string that produces less than 2 letters"},{"ancestorTitles":["validateIntention","boundary cases"],"duration":1,"failureDetails":[],"failureMessages":[],"fullName":"validateIntention boundary cases should accept 3-character minimum","invocations":1,"location":null,"numPassingAsserts":1,"retryReasons":[],"status":"passed","title":"should accept 3-character minimum"},{"ancestorTitles":["validateIntention","boundary cases"],"duration":0,"failureDetails":[],"failureMessages":[],"fullName":"validateIntention boundary cases should accept 100-character maximum","invocations":1,"location":null,"numPassingAsserts":1,"retryReasons":[],"status":"passed","title":"should accept 100-character maximum"},{"ancestorTitles":["validateIntention","boundary cases"],"duration":1,"failureDetails":[],"failureMessages":[],"fullName":"validateIntention boundary cases should accept exactly 2 unique letters after distillation","invocations":1,"location":null,"numPassingAsserts":1,"retryReasons":[],"status":"passed","title":"should accept exactly 2 unique letters after distillation"}],"endTime":1779238812138,"message":"","name":"C:\\Users\\dwill\\.gemini\\antigravity\\scratch\\Anchor\\anchor\\mobile\\src\\utils\\sigil\\distillation.test.ts","startTime":1779238811672,"status":"passed","summary":""},{"assertionResults":[{"ancestorTitles":["deepBreath timing helpers"],"duration":4,"failureDetails":[],"failureMessages":[],"fullName":"deepBreath timing helpers returns the expected cue sequence for breathwork","invocations":1,"location":null,"numPassingAsserts":5,"retryReasons":[],"status":"passed","title":"returns the expected cue sequence for breathwork"},{"ancestorTitles":["deepBreath timing helpers"],"duration":1,"failureDetails":[],"failureMessages":[],"fullName":"deepBreath timing helpers calculates normalized cycle progress from phase elapsed time","invocations":1,"location":null,"numPassingAsserts":3,"retryReasons":[],"status":"passed","title":"calculates normalized cycle progress from phase elapsed time"},{"ancestorTitles":["deepBreath timing helpers"],"duration":1,"failureDetails":[],"failureMessages":[],"fullName":"deepBreath timing helpers builds hold-aware timing markers for phases that include a hold","invocations":1,"location":null,"numPassingAsserts":1,"retryReasons":[],"status":"passed","title":"builds hold-aware timing markers for phases that include a hold"},{"ancestorTitles":["deepBreath timing helpers"],"duration":0,"failureDetails":[],"failureMessages":[],"fullName":"deepBreath timing helpers falls back to the default deep breath pattern for unknown phases","invocations":1,"location":null,"numPassingAsserts":2,"retryReasons":[],"status":"passed","title":"falls back to the default deep breath pattern for unknown phases"}],"endTime":1779238814261,"message":"","name":"C:\\Users\\dwill\\.gemini\\antigravity\\scratch\\Anchor\\anchor\\mobile\\src\\screens\\rituals\\utils\\__tests__\\deepBreath.test.ts","startTime":1779238813725,"status":"passed","summary":""},{"assertionResults":[{"ancestorTitles":["intention-to-symbol performance audit"],"duration":468,"failureDetails":[],"failureMessages":[],"fullName":"intention-to-symbol performance audit measures the hot path for repeated conversions","invocations":1,"location":null,"numPassingAsserts":3,"retryReasons":[],"status":"passed","title":"measures the hot path for repeated conversions"}],"endTime":1779238814544,"message":"","name":"C:\\Users\\dwill\\.gemini\\antigravity\\scratch\\Anchor\\anchor\\mobile\\src\\utils\\sigil\\conversion.performance.test.ts","startTime":1779238794629,"status":"passed","summary":""},{"assertionResults":[{"ancestorTitles":["NotificationSessionService"],"duration":3,"failureDetails":[],"failureMessages":[],"fullName":"NotificationSessionService cancels scheduled notifications and clears persisted notification state","invocations":1,"location":null,"numPassingAsserts":2,"retryReasons":[],"status":"passed","title":"cancels scheduled notifications and clears persisted notification state"}],"endTime":1779238814584,"message":"","name":"C:\\Users\\dwill\\.gemini\\antigravity\\scratch\\Anchor\\anchor\\mobile\\src\\services\\__tests__\\NotificationSessionService.test.ts","startTime":1779238814275,"status":"passed","summary":""},{"assertionResults":[{"ancestorTitles":["NotificationSyncService"],"duration":2,"failureDetails":[],"failureMessages":[],"fullName":"NotificationSyncService syncs notification state through the authenticated backend route","invocations":1,"location":null,"numPassingAsserts":1,"retryReasons":[],"status":"passed","title":"syncs notification state through the authenticated backend route"},{"ancestorTitles":["NotificationSyncService"],"duration":2,"failureDetails":[],"failureMessages":[],"fullName":"NotificationSyncService swallows backend sync failures","invocations":1,"location":null,"numPassingAsserts":1,"retryReasons":[],"status":"passed","title":"swallows backend sync failures"}],"endTime":1779238814781,"message":"","name":"C:\\Users\\dwill\\.gemini\\antigravity\\scratch\\Anchor\\anchor\\mobile\\src\\services\\__tests__\\NotificationSyncService.test.ts","startTime":1779238814618,"status":"passed","summary":""},{"assertionResults":[{"ancestorTitles":["buildProfileGreeting"],"duration":9,"failureDetails":[],"failureMessages":[],"fullName":"buildProfileGreeting uses the first word of the saved name","invocations":1,"location":null,"numPassingAsserts":1,"retryReasons":[],"status":"passed","title":"uses the first word of the saved name"},{"ancestorTitles":["buildProfileGreeting"],"duration":3,"failureDetails":[],"failureMessages":[],"fullName":"buildProfileGreeting uses the selected UTC offset when no IANA timezone is present","invocations":1,"location":null,"numPassingAsserts":1,"retryReasons":[],"status":"passed","title":"uses the selected UTC offset when no IANA timezone is present"},{"ancestorTitles":["buildProfileGreeting"],"duration":220,"failureDetails":[],"failureMessages":[],"fullName":"buildProfileGreeting uses the selected IANA timezone when present","invocations":1,"location":null,"numPassingAsserts":1,"retryReasons":[],"status":"passed","title":"uses the selected IANA timezone when present"},{"ancestorTitles":["buildProfileGreeting"],"duration":1,"failureDetails":[],"failureMessages":[],"fullName":"buildProfileGreeting falls back to salutation only when no name is available","invocations":1,"location":null,"numPassingAsserts":1,"retryReasons":[],"status":"passed","title":"falls back to salutation only when no name is available"}],"endTime":1779238815226,"message":"","name":"C:\\Users\\dwill\\.gemini\\antigravity\\scratch\\Anchor\\anchor\\mobile\\src\\utils\\__tests__\\profileGreeting.test.ts","startTime":1779238814623,"status":"passed","summary":""},{"assertionResults":[{"ancestorTitles":["rootNavigationState"],"duration":1,"failureDetails":[],"failureMessages":[],"fullName":"rootNavigationState shows onboarding only when the user has not completed it and bypass is disabled","invocations":1,"location":null,"numPassingAsserts":4,"retryReasons":[],"status":"passed","title":"shows onboarding only when the user has not completed it and bypass is disabled"},{"ancestorTitles":["rootNavigationState"],"duration":1,"failureDetails":[],"failureMessages":[],"fullName":"rootNavigationState builds the main root state","invocations":1,"location":null,"numPassingAsserts":1,"retryReasons":[],"status":"passed","title":"builds the main root state"},{"ancestorTitles":["rootNavigationState"],"duration":2,"failureDetails":[],"failureMessages":[],"fullName":"rootNavigationState stacks paywall on top of main for expired-trial sessions","invocations":1,"location":null,"numPassingAsserts":1,"retryReasons":[],"status":"passed","title":"stacks paywall on top of main for expired-trial sessions"}],"endTime":1779238815271,"message":"","name":"C:\\Users\\dwill\\.gemini\\antigravity\\scratch\\Anchor\\anchor\\mobile\\src\\navigation\\__tests__\\rootNavigationState.test.ts","startTime":1779238814813,"status":"passed","summary":""},{"assertionResults":[{"ancestorTitles":["NotificationService"],"duration":1,"failureDetails":[],"failureMessages":[],"fullName":"NotificationService returns true when permissions are already granted","invocations":1,"location":null,"numPassingAsserts":2,"retryReasons":[],"status":"passed","title":"returns true when permissions are already granted"},{"ancestorTitles":["NotificationService"],"duration":2,"failureDetails":[],"failureMessages":[],"fullName":"NotificationService returns expo and native push tokens when remote registration succeeds","invocations":1,"location":null,"numPassingAsserts":2,"retryReasons":[],"status":"passed","title":"returns expo and native push tokens when remote registration succeeds"},{"ancestorTitles":["NotificationService"],"duration":8,"failureDetails":[],"failureMessages":[],"fullName":"NotificationService schedules ritual reminders with a deterministic identifier","invocations":1,"location":null,"numPassingAsserts":2,"retryReasons":[],"status":"passed","title":"schedules ritual reminders with a deterministic identifier"},{"ancestorTitles":["NotificationService"],"duration":6,"failureDetails":[],"failureMessages":[],"fullName":"NotificationService schedules developer test notifications as one-time local notifications","invocations":1,"location":null,"numPassingAsserts":2,"retryReasons":[],"status":"passed","title":"schedules developer test notifications as one-time local notifications"},{"ancestorTitles":["NotificationService"],"duration":4,"failureDetails":[],"failureMessages":[],"fullName":"NotificationService filters and clears only developer test notifications","invocations":1,"location":null,"numPassingAsserts":4,"retryReasons":[],"status":"passed","title":"filters and clears only developer test notifications"},{"ancestorTitles":["NotificationService"],"duration":1,"failureDetails":[],"failureMessages":[],"fullName":"NotificationService maps notification taps to routing actions","invocations":1,"location":null,"numPassingAsserts":1,"retryReasons":[],"status":"passed","title":"maps notification taps to routing actions"}],"endTime":1779238815489,"message":"","name":"C:\\Users\\dwill\\.gemini\\antigravity\\scratch\\Anchor\\anchor\\mobile\\src\\services\\__tests__\\NotificationService.test.ts","startTime":1779238815281,"status":"passed","summary":""},{"assertionResults":[{"ancestorTitles":["hash32FNV1a"],"duration":1,"failureDetails":[],"failureMessages":[],"fullName":"hash32FNV1a returns deterministic hash values for known seeds","invocations":1,"location":null,"numPassingAsserts":3,"retryReasons":[],"status":"passed","title":"returns deterministic hash values for known seeds"},{"ancestorTitles":["stableIndex"],"duration":7,"failureDetails":[],"failureMessages":[],"fullName":"stableIndex returns a value in range when length > 0","invocations":1,"location":null,"numPassingAsserts":16,"retryReasons":[],"status":"passed","title":"returns a value in range when length > 0"},{"ancestorTitles":["stableIndex"],"duration":1,"failureDetails":[],"failureMessages":[],"fullName":"stableIndex returns 0 when length <= 0","invocations":1,"location":null,"numPassingAsserts":2,"retryReasons":[],"status":"passed","title":"returns 0 when length <= 0"}],"endTime":1779238815510,"message":"","name":"C:\\Users\\dwill\\.gemini\\antigravity\\scratch\\Anchor\\anchor\\mobile\\src\\utils\\__tests__\\hash.test.ts","startTime":1779238815242,"status":"passed","summary":""},{"assertionResults":[{"ancestorTitles":["burnRitualWebViewHtml"],"duration":4,"failureDetails":[],"failureMessages":[],"fullName":"burnRitualWebViewHtml contains balanced timeout wrappers in runSequence","invocations":1,"location":null,"numPassingAsserts":6,"retryReasons":[],"status":"passed","title":"contains balanced timeout wrappers in runSequence"},{"ancestorTitles":["burnRitualWebViewHtml"],"duration":0,"failureDetails":[],"failureMessages":[],"fullName":"burnRitualWebViewHtml keeps the React Native bridge hooks for start and completion","invocations":1,"location":null,"numPassingAsserts":3,"retryReasons":[],"status":"passed","title":"keeps the React Native bridge hooks for start and completion"},{"ancestorTitles":["burnRitualWebViewHtml"],"duration":5,"failureDetails":[],"failureMessages":[],"fullName":"burnRitualWebViewHtml renders injected artwork as a circular crop inside the sigil shell","invocations":1,"location":null,"numPassingAsserts":5,"retryReasons":[],"status":"passed","title":"renders injected artwork as a circular crop inside the sigil shell"}],"endTime":1779238815775,"message":"","name":"C:\\Users\\dwill\\.gemini\\antigravity\\scratch\\Anchor\\anchor\\mobile\\src\\screens\\rituals\\components\\__tests__\\burnRitualWebViewHtml.test.ts","startTime":1779238815504,"status":"passed","summary":""},{"assertionResults":[{"ancestorTitles":["logger"],"duration":3,"failureDetails":[],"failureMessages":[],"fullName":"logger does not emit logs when debug logging is disabled","invocations":1,"location":null,"numPassingAsserts":1,"retryReasons":[],"status":"passed","title":"does not emit logs when debug logging is disabled"},{"ancestorTitles":["logger"],"duration":2,"failureDetails":[],"failureMessages":[],"fullName":"logger emits logs when debug logging is enabled in settings","invocations":1,"location":null,"numPassingAsserts":1,"retryReasons":[],"status":"passed","title":"emits logs when debug logging is enabled in settings"}],"endTime":1779238815832,"message":"","name":"C:\\Users\\dwill\\.gemini\\antigravity\\scratch\\Anchor\\anchor\\mobile\\src\\utils\\__tests__\\logger.test.ts","startTime":1779238815526,"status":"passed","summary":""},{"assertionResults":[{"ancestorTitles":["NotificationPriority"],"duration":1,"failureDetails":[],"failureMessages":[],"fullName":"NotificationPriority marks sovereign rank at 50 all-time primes or 3 alchemist milestones","invocations":1,"location":null,"numPassingAsserts":3,"retryReasons":[],"status":"passed","title":"marks sovereign rank at 50 all-time primes or 3 alchemist milestones"},{"ancestorTitles":["NotificationPriority"],"duration":0,"failureDetails":[],"failureMessages":[],"fullName":"NotificationPriority resolves notification priority in the expected order","invocations":1,"location":null,"numPassingAsserts":3,"retryReasons":[],"status":"passed","title":"resolves notification priority in the expected order"}],"endTime":1779238816188,"message":"","name":"C:\\Users\\dwill\\.gemini\\antigravity\\scratch\\Anchor\\anchor\\mobile\\src\\services\\__tests__\\NotificationPriority.test.ts","startTime":1779238815866,"status":"passed","summary":""},{"assertionResults":[{"ancestorTitles":["TRUE Sigil Generator"],"duration":54,"failureDetails":[],"failureMessages":[],"fullName":"TRUE Sigil Generator returns deterministic SVG output for the same letters and variant","invocations":1,"location":null,"numPassingAsserts":2,"retryReasons":[],"status":"passed","title":"returns deterministic SVG output for the same letters and variant"},{"ancestorTitles":["TRUE Sigil Generator"],"duration":1,"failureDetails":[],"failureMessages":[],"fullName":"TRUE Sigil Generator should generate a valid result for balanced variant","invocations":1,"location":null,"numPassingAsserts":8,"retryReasons":[],"status":"passed","title":"should generate a valid result for balanced variant"},{"ancestorTitles":["TRUE Sigil Generator"],"duration":14,"failureDetails":[],"failureMessages":[],"fullName":"TRUE Sigil Generator should generate all 3 variants correctly","invocations":1,"location":null,"numPassingAsserts":4,"retryReasons":[],"status":"passed","title":"should generate all 3 variants correctly"},{"ancestorTitles":["TRUE Sigil Generator"],"duration":1,"failureDetails":[],"failureMessages":[],"fullName":"TRUE Sigil Generator should apply specific stroke widths for variants","invocations":1,"location":null,"numPassingAsserts":2,"retryReasons":[],"status":"passed","title":"should apply specific stroke widths for variants"},{"ancestorTitles":["TRUE Sigil Generator"],"duration":0,"failureDetails":[],"failureMessages":[],"fullName":"TRUE Sigil Generator should include border for dense/balanced but not minimal","invocations":1,"location":null,"numPassingAsserts":2,"retryReasons":[],"status":"passed","title":"should include border for dense/balanced but not minimal"},{"ancestorTitles":["TRUE Sigil Generator"],"duration":1,"failureDetails":[],"failureMessages":[],"fullName":"TRUE Sigil Generator should not include marker attributes in any variant","invocations":1,"location":null,"numPassingAsserts":5,"retryReasons":[],"status":"passed","title":"should not include marker attributes in any variant"},{"ancestorTitles":["TRUE Sigil Generator"],"duration":0,"failureDetails":[],"failureMessages":[],"fullName":"TRUE Sigil Generator should handle empty or invalid input gracefully (processIntent adds fallback)","invocations":1,"location":null,"numPassingAsserts":1,"retryReasons":[],"status":"passed","title":"should handle empty or invalid input gracefully (processIntent adds fallback)"}],"endTime":1779238816233,"message":"","name":"C:\\Users\\dwill\\.gemini\\antigravity\\scratch\\Anchor\\anchor\\mobile\\src\\utils\\sigil\\traditional-generator.test.ts","startTime":1779238815799,"status":"passed","summary":""},{"assertionResults":[{"ancestorTitles":["NotificationState"],"duration":10,"failureDetails":[],"failureMessages":[],"fullName":"NotificationState initializes notification state with expected defaults","invocations":1,"location":null,"numPassingAsserts":3,"retryReasons":[],"status":"passed","title":"initializes notification state with expected defaults"},{"ancestorTitles":["NotificationState"],"duration":1,"failureDetails":[],"failureMessages":[],"fullName":"NotificationState returns the current local monday at midnight","invocations":1,"location":null,"numPassingAsserts":5,"retryReasons":[],"status":"passed","title":"returns the current local monday at midnight"},{"ancestorTitles":["NotificationState"],"duration":1,"failureDetails":[],"failureMessages":[],"fullName":"NotificationState computes minutes since wake time and floors before wake to zero","invocations":1,"location":null,"numPassingAsserts":2,"retryReasons":[],"status":"passed","title":"computes minutes since wake time and floors before wake to zero"}],"endTime":1779238816381,"message":"","name":"C:\\Users\\dwill\\.gemini\\antigravity\\scratch\\Anchor\\anchor\\mobile\\src\\services\\__tests__\\NotificationState.test.ts","startTime":1779238816212,"status":"passed","summary":""}],"wasInterrupted":false}
